2024-02-29 08:48:44.999 [info] Log level: Info
2024-02-29 08:48:44.999 [info] Validating found git in: "git"
2024-02-29 08:48:44.999 [info] Using git "2.20.1" from "git"
2024-02-29 08:48:44.999 [info] > git rev-parse --show-toplevel [56ms]
2024-02-29 08:48:44.999 [info] > git rev-parse --git-dir --git-common-dir [9ms]
2024-02-29 08:48:44.999 [info] Open repository: /home/pi/mxet300_lab
2024-02-29 08:48:45.000 [info] > git rev-parse --show-toplevel [10ms]
2024-02-29 08:48:45.000 [info] > git config --get commit.template [28ms]
2024-02-29 08:48:45.000 [info] > git rev-parse --show-toplevel [27ms]
2024-02-29 08:48:45.000 [info] > git for-each-ref --format=%(refname)%00%(upstream:short)%00%(objectname)%00%(upstream:track)%00%(upstream:remotename)%00%(upstream:remoteref) refs/heads/main refs/remotes/main [27ms]
2024-02-29 08:48:45.000 [info] > git rev-parse --show-toplevel [41ms]
2024-02-29 08:48:45.000 [info] > git status -z -uall [23ms]
2024-02-29 08:48:45.000 [info] > git config --get commit.template [39ms]
2024-02-29 08:48:45.000 [info] > git for-each-ref --format=%(refname)%00%(upstream:short)%00%(objectname)%00%(upstream:track)%00%(upstream:remotename)%00%(upstream:remoteref) refs/heads/main refs/remotes/main [27ms]
2024-02-29 08:48:45.000 [info] > git status -z -uall [15ms]
2024-02-29 08:48:45.122 [info] > git show --textconv :Node-RED_Flows/Lab5Flow.json [23ms]
2024-02-29 08:48:45.130 [info] > git ls-files --stage -- /home/pi/mxet300_lab/Node-RED_Flows/Lab5Flow.json [11ms]
2024-02-29 08:48:45.159 [info] > git cat-file -s 081b9a8600e0fc260dc9e8a530d762d96f68690f [12ms]
2024-02-29 08:48:47.195 [info] > git check-ignore -v -z --stdin [6ms]
2024-02-29 08:48:50.431 [info] > git show --textconv :basics/L2_kinematics.py [98ms]
2024-02-29 08:48:50.433 [info] > git ls-files --stage -- /home/pi/mxet300_lab/basics/L2_kinematics.py [65ms]
2024-02-29 08:48:50.497 [info] > git cat-file -s 79e83b36271444adb4c7fe2e47e504ee82010f02 [47ms]
2024-02-29 08:51:58.170 [info] > git config --get commit.template [41ms]
2024-02-29 08:51:58.174 [info] > git for-each-ref --format=%(refname)%00%(upstream:short)%00%(objectname)%00%(upstream:track)%00%(upstream:remotename)%00%(upstream:remoteref) refs/heads/main refs/remotes/main [13ms]
2024-02-29 08:51:58.216 [info] > git status -z -uall [8ms]
2024-02-29 08:53:28.364 [info] > git config --get commit.template [21ms]
2024-02-29 08:53:28.366 [info] > git for-each-ref --format=%(refname)%00%(upstream:short)%00%(objectname)%00%(upstream:track)%00%(upstream:remotename)%00%(upstream:remoteref) refs/heads/main refs/remotes/main [5ms]
2024-02-29 08:53:28.390 [info] > git status -z -uall [5ms]
2024-02-29 08:53:42.521 [info] > git config --get commit.template [21ms]
2024-02-29 08:53:42.523 [info] > git for-each-ref --format=%(refname)%00%(upstream:short)%00%(objectname)%00%(upstream:track)%00%(upstream:remotename)%00%(upstream:remoteref) refs/heads/main refs/remotes/main [5ms]
2024-02-29 08:53:42.550 [info] > git status -z -uall [6ms]
2024-02-29 08:55:25.755 [info] > git check-ignore -v -z --stdin [7ms]
2024-02-29 08:55:27.884 [info] > git show --textconv :basics/L2_vector.py [24ms]
2024-02-29 08:55:27.889 [info] > git ls-files --stage -- /home/pi/mxet300_lab/basics/L2_vector.py [9ms]
2024-02-29 08:56:36.959 [info] > git config --get commit.template [28ms]
2024-02-29 08:56:36.962 [info] > git for-each-ref --format=%(refname)%00%(upstream:short)%00%(objectname)%00%(upstream:track)%00%(upstream:remotename)%00%(upstream:remoteref) refs/heads/main refs/remotes/main [7ms]
2024-02-29 08:56:37.011 [info] > git status -z -uall [23ms]
2024-02-29 08:56:37.021 [info] > git check-ignore -v -z --stdin [12ms]
2024-02-29 08:56:38.415 [info] > git show --textconv :basics/L3_lidar.py [36ms]
2024-02-29 08:56:38.421 [info] > git ls-files --stage -- /home/pi/mxet300_lab/basics/L3_lidar.py [10ms]
2024-02-29 08:56:56.485 [info] > git show --textconv :basics/L2_vector.py [40ms]
2024-02-29 08:56:56.492 [info] > git ls-files --stage -- /home/pi/mxet300_lab/basics/L2_vector.py [13ms]
2024-02-29 08:57:01.522 [info] > git show --textconv :basics/L3_lidar.py [35ms]
2024-02-29 08:57:01.527 [info] > git ls-files --stage -- /home/pi/mxet300_lab/basics/L3_lidar.py [11ms]
2024-02-29 08:57:14.367 [info] > git show --textconv :basics/L3_path_template.py [25ms]
2024-02-29 08:57:14.375 [info] > git ls-files --stage -- /home/pi/mxet300_lab/basics/L3_path_template.py [10ms]
2024-02-29 08:57:14.403 [info] > git cat-file -s 697d99fbca38f9345b4c8cf58411c8cb25e7ecbc [7ms]
2024-02-29 08:57:18.284 [info] > git show --textconv :basics/L3_lidar.py [33ms]
2024-02-29 08:57:18.290 [info] > git ls-files --stage -- /home/pi/mxet300_lab/basics/L3_lidar.py [9ms]
2024-02-29 08:57:19.929 [info] > git show --textconv :basics/L3_noderedControl.py [29ms]
2024-02-29 08:57:19.936 [info] > git ls-files --stage -- /home/pi/mxet300_lab/basics/L3_noderedControl.py [9ms]
2024-02-29 08:57:19.971 [info] > git cat-file -s 871725d8910cede21ff9c67de13677bfa1f6c984 [3ms]
2024-02-29 08:57:25.483 [info] > git show --textconv :basics/L3_lidar.py [22ms]
2024-02-29 08:57:25.486 [info] > git ls-files --stage -- /home/pi/mxet300_lab/basics/L3_lidar.py [5ms]
2024-02-29 08:57:27.248 [info] > git show --textconv :basics/L3_Compass.py [22ms]
2024-02-29 08:57:27.252 [info] > git ls-files --stage -- /home/pi/mxet300_lab/basics/L3_Compass.py [5ms]
2024-02-29 08:57:27.274 [info] > git cat-file -s 5e80d2746c337fd47c1678b666f133b1be789e31 [6ms]
2024-02-29 08:57:37.584 [info] > git show --textconv :basics/L3_lidar.py [41ms]
2024-02-29 08:57:37.590 [info] > git ls-files --stage -- /home/pi/mxet300_lab/basics/L3_lidar.py [12ms]
2024-02-29 08:57:41.452 [info] > git show --textconv :basics/L3_Compass.py [39ms]
2024-02-29 08:57:41.458 [info] > git ls-files --stage -- /home/pi/mxet300_lab/basics/L3_Compass.py [10ms]
2024-02-29 08:57:41.495 [info] > git cat-file -s 5e80d2746c337fd47c1678b666f133b1be789e31 [6ms]
2024-02-29 08:57:55.130 [info] > git show --textconv :basics/L3_lidar.py [38ms]
2024-02-29 08:57:55.138 [info] > git ls-files --stage -- /home/pi/mxet300_lab/basics/L3_lidar.py [11ms]
2024-02-29 09:00:31.077 [info] > git show --textconv :basics/L2_vector.py [35ms]
2024-02-29 09:00:31.087 [info] > git ls-files --stage -- /home/pi/mxet300_lab/basics/L2_vector.py [15ms]
2024-02-29 09:00:48.799 [info] > git show --textconv :basics/L3_lidar.py [20ms]
2024-02-29 09:00:48.802 [info] > git ls-files --stage -- /home/pi/mxet300_lab/basics/L3_lidar.py [5ms]
2024-02-29 09:02:30.434 [info] > git show --textconv :basics/L2_vector.py [32ms]
2024-02-29 09:02:30.439 [info] > git ls-files --stage -- /home/pi/mxet300_lab/basics/L2_vector.py [8ms]
2024-02-29 09:02:32.994 [info] > git show --textconv :basics/L3_lidar.py [21ms]
2024-02-29 09:02:32.997 [info] > git ls-files --stage -- /home/pi/mxet300_lab/basics/L3_lidar.py [6ms]
2024-02-29 09:03:22.607 [info] > git config --get commit.template [35ms]
2024-02-29 09:03:22.611 [info] > git for-each-ref --format=%(refname)%00%(upstream:short)%00%(objectname)%00%(upstream:track)%00%(upstream:remotename)%00%(upstream:remoteref) refs/heads/main refs/remotes/main [7ms]
2024-02-29 09:03:22.648 [info] > git status -z -uall [9ms]
2024-02-29 09:03:36.160 [info] > git config --get commit.template [35ms]
2024-02-29 09:03:36.164 [info] > git for-each-ref --format=%(refname)%00%(upstream:short)%00%(objectname)%00%(upstream:track)%00%(upstream:remotename)%00%(upstream:remoteref) refs/heads/main refs/remotes/main [9ms]
2024-02-29 09:03:36.205 [info] > git status -z -uall [9ms]
2024-02-29 09:03:39.887 [info] > git show --textconv :basics/L2_vector.py [21ms]
2024-02-29 09:03:39.890 [info] > git ls-files --stage -- /home/pi/mxet300_lab/basics/L2_vector.py [6ms]
2024-02-29 09:04:20.151 [info] > git show --textconv :basics/L3_Compass.py [36ms]
2024-02-29 09:04:20.156 [info] > git ls-files --stage -- /home/pi/mxet300_lab/basics/L3_Compass.py [9ms]
2024-02-29 09:04:20.194 [info] > git cat-file -s 5e80d2746c337fd47c1678b666f133b1be789e31 [8ms]
2024-02-29 09:04:21.332 [info] > git show --textconv :basics/L3_lidar.py [52ms]
2024-02-29 09:04:21.333 [info] > git ls-files --stage -- /home/pi/mxet300_lab/basics/L3_lidar.py [13ms]
2024-02-29 09:04:25.093 [info] > git show --textconv :basics/L2_vector.py [46ms]
2024-02-29 09:04:25.100 [info] > git ls-files --stage -- /home/pi/mxet300_lab/basics/L2_vector.py [12ms]
2024-02-29 09:04:26.436 [info] > git show --textconv :basics/L3_lidar.py [34ms]
2024-02-29 09:04:26.441 [info] > git ls-files --stage -- /home/pi/mxet300_lab/basics/L3_lidar.py [8ms]
2024-02-29 09:04:29.183 [info] > git show --textconv :basics/L2_vector.py [35ms]
2024-02-29 09:04:29.188 [info] > git ls-files --stage -- /home/pi/mxet300_lab/basics/L2_vector.py [8ms]
2024-02-29 09:04:30.554 [info] > git show --textconv :basics/L3_lidar.py [36ms]
2024-02-29 09:04:30.560 [info] > git ls-files --stage -- /home/pi/mxet300_lab/basics/L3_lidar.py [9ms]
2024-02-29 09:04:32.950 [info] > git config --get commit.template [36ms]
2024-02-29 09:04:32.954 [info] > git for-each-ref --format=%(refname)%00%(upstream:short)%00%(objectname)%00%(upstream:track)%00%(upstream:remotename)%00%(upstream:remoteref) refs/heads/main refs/remotes/main [8ms]
2024-02-29 09:04:32.994 [info] > git status -z -uall [9ms]
2024-02-29 09:04:46.872 [info] > git config --get commit.template [40ms]
2024-02-29 09:04:46.874 [info] > git for-each-ref --format=%(refname)%00%(upstream:short)%00%(objectname)%00%(upstream:track)%00%(upstream:remotename)%00%(upstream:remoteref) refs/heads/main refs/remotes/main [9ms]
2024-02-29 09:04:46.910 [info] > git status -z -uall [8ms]
2024-02-29 09:04:54.902 [info] > git show --textconv :basics/L2_vector.py [42ms]
2024-02-29 09:04:54.909 [info] > git ls-files --stage -- /home/pi/mxet300_lab/basics/L2_vector.py [10ms]
2024-02-29 09:05:16.451 [info] > git show --textconv :basics/L3_lidar.py [36ms]
2024-02-29 09:05:16.457 [info] > git ls-files --stage -- /home/pi/mxet300_lab/basics/L3_lidar.py [9ms]
2024-02-29 09:05:37.667 [info] > git show --textconv :basics/L2_vector.py [44ms]
2024-02-29 09:05:37.672 [info] > git ls-files --stage -- /home/pi/mxet300_lab/basics/L2_vector.py [9ms]
2024-02-29 09:06:09.992 [info] > git show --textconv :basics/L3_lidar.py [46ms]
2024-02-29 09:06:09.997 [info] > git ls-files --stage -- /home/pi/mxet300_lab/basics/L3_lidar.py [11ms]
2024-02-29 09:06:13.589 [info] > git show --textconv :basics/L2_vector.py [46ms]
2024-02-29 09:06:13.594 [info] > git ls-files --stage -- /home/pi/mxet300_lab/basics/L2_vector.py [11ms]
2024-02-29 09:06:30.608 [info] > git show --textconv :basics/L3_lidar.py [45ms]
2024-02-29 09:06:30.615 [info] > git ls-files --stage -- /home/pi/mxet300_lab/basics/L3_lidar.py [11ms]
2024-02-29 09:06:46.570 [info] > git show --textconv :basics/L3_Compass.py [46ms]
2024-02-29 09:06:46.576 [info] > git ls-files --stage -- /home/pi/mxet300_lab/basics/L3_Compass.py [10ms]
2024-02-29 09:06:46.603 [info] > git cat-file -s 5e80d2746c337fd47c1678b666f133b1be789e31 [7ms]
2024-02-29 09:06:48.447 [info] > git show --textconv :basics/L2_vector.py [39ms]
2024-02-29 09:06:48.457 [info] > git ls-files --stage -- /home/pi/mxet300_lab/basics/L2_vector.py [15ms]
2024-02-29 09:07:49.836 [info] > git show --textconv :basics/L3_lidar.py [38ms]
2024-02-29 09:07:49.843 [info] > git ls-files --stage -- /home/pi/mxet300_lab/basics/L3_lidar.py [11ms]
2024-02-29 09:07:51.299 [info] > git show --textconv :basics/L2_vector.py [21ms]
2024-02-29 09:07:51.303 [info] > git ls-files --stage -- /home/pi/mxet300_lab/basics/L2_vector.py [5ms]
2024-02-29 09:07:55.939 [info] > git show --textconv :basics/L3_lidar.py [40ms]
2024-02-29 09:07:55.945 [info] > git ls-files --stage -- /home/pi/mxet300_lab/basics/L3_lidar.py [10ms]
2024-02-29 09:08:05.795 [info] > git config --get commit.template [43ms]
2024-02-29 09:08:05.797 [info] > git for-each-ref --format=%(refname)%00%(upstream:short)%00%(objectname)%00%(upstream:track)%00%(upstream:remotename)%00%(upstream:remoteref) refs/heads/main refs/remotes/main [9ms]
2024-02-29 09:08:05.833 [info] > git status -z -uall [5ms]
2024-02-29 09:08:15.715 [info] > git show --textconv :basics/L2_vector.py [38ms]
2024-02-29 09:08:15.720 [info] > git ls-files --stage -- /home/pi/mxet300_lab/basics/L2_vector.py [7ms]
2024-02-29 09:08:34.573 [info] > git show --textconv :basics/L3_lidar.py [43ms]
2024-02-29 09:08:34.574 [info] > git ls-files --stage -- /home/pi/mxet300_lab/basics/L3_lidar.py [12ms]
2024-02-29 09:08:36.536 [info] > git show --textconv :basics/L2_vector.py [39ms]
2024-02-29 09:08:36.542 [info] > git ls-files --stage -- /home/pi/mxet300_lab/basics/L2_vector.py [9ms]
2024-02-29 09:08:40.523 [info] > git show --textconv :basics/L3_lidar.py [41ms]
2024-02-29 09:08:40.528 [info] > git ls-files --stage -- /home/pi/mxet300_lab/basics/L3_lidar.py [10ms]
2024-02-29 09:08:45.514 [info] > git show --textconv :basics/L2_vector.py [40ms]
2024-02-29 09:08:45.519 [info] > git ls-files --stage -- /home/pi/mxet300_lab/basics/L2_vector.py [10ms]
2024-02-29 09:08:50.540 [info] > git show --textconv :basics/L1_lidar.py [24ms]
2024-02-29 09:08:50.547 [info] > git ls-files --stage -- /home/pi/mxet300_lab/basics/L1_lidar.py [9ms]
2024-02-29 09:09:07.057 [info] > git show --textconv :basics/L3_lidar.py [37ms]
2024-02-29 09:09:07.061 [info] > git ls-files --stage -- /home/pi/mxet300_lab/basics/L3_lidar.py [6ms]
2024-02-29 09:09:16.428 [info] > git config --get commit.template [7ms]
2024-02-29 09:09:16.468 [info] > git for-each-ref --format=%(refname)%00%(upstream:short)%00%(objectname)%00%(upstream:track)%00%(upstream:remotename)%00%(upstream:remoteref) refs/heads/main refs/remotes/main [9ms]
2024-02-29 09:09:16.510 [info] > git status -z -uall [9ms]
2024-02-29 09:09:24.011 [info] > git show --textconv :basics/L2_vector.py [36ms]
2024-02-29 09:09:24.017 [info] > git ls-files --stage -- /home/pi/mxet300_lab/basics/L2_vector.py [9ms]
2024-02-29 09:09:25.329 [info] > git show --textconv :basics/L1_lidar.py [47ms]
2024-02-29 09:09:25.333 [info] > git ls-files --stage -- /home/pi/mxet300_lab/basics/L1_lidar.py [10ms]
2024-02-29 09:09:46.199 [info] > git show --textconv :basics/L3_lidar.py [46ms]
2024-02-29 09:09:46.202 [info] > git ls-files --stage -- /home/pi/mxet300_lab/basics/L3_lidar.py [9ms]
2024-02-29 09:10:47.292 [info] > git for-each-ref --format=%(refname)%00%(upstream:short)%00%(objectname)%00%(upstream:track)%00%(upstream:remotename)%00%(upstream:remoteref) refs/heads/main refs/remotes/main [14ms]
2024-02-29 09:10:47.293 [info] > git config --get commit.template [50ms]
2024-02-29 09:10:47.321 [info] > git status -z -uall [5ms]
2024-02-29 09:10:48.643 [info] > git show --textconv :basics/L1_lidar.py [25ms]
2024-02-29 09:10:48.646 [info] > git ls-files --stage -- /home/pi/mxet300_lab/basics/L1_lidar.py [9ms]
2024-02-29 09:10:56.536 [info] > git show --textconv :basics/L3_lidar.py [36ms]
2024-02-29 09:10:56.541 [info] > git ls-files --stage -- /home/pi/mxet300_lab/basics/L3_lidar.py [7ms]
2024-02-29 09:11:08.100 [info] > git show --textconv :basics/L1_lidar.py [21ms]
2024-02-29 09:11:08.103 [info] > git ls-files --stage -- /home/pi/mxet300_lab/basics/L1_lidar.py [5ms]
2024-02-29 09:11:10.551 [info] > git show --textconv :basics/L3_lidar.py [34ms]
2024-02-29 09:11:10.556 [info] > git ls-files --stage -- /home/pi/mxet300_lab/basics/L3_lidar.py [8ms]
2024-02-29 09:11:20.034 [info] > git config --get commit.template [51ms]
2024-02-29 09:11:20.039 [info] > git for-each-ref --format=%(refname)%00%(upstream:short)%00%(objectname)%00%(upstream:track)%00%(upstream:remotename)%00%(upstream:remoteref) refs/heads/main refs/remotes/main [11ms]
2024-02-29 09:11:20.074 [info] > git status -z -uall [7ms]
2024-02-29 09:11:27.305 [info] > git show --textconv :basics/L1_lidar.py [45ms]
2024-02-29 09:11:27.309 [info] > git ls-files --stage -- /home/pi/mxet300_lab/basics/L1_lidar.py [8ms]
2024-02-29 09:11:28.041 [info] > git show --textconv :basics/L2_vector.py [36ms]
2024-02-29 09:11:28.046 [info] > git ls-files --stage -- /home/pi/mxet300_lab/basics/L2_vector.py [8ms]
2024-02-29 09:12:05.744 [info] > git show --textconv :basics/L3_lidar.py [45ms]
2024-02-29 09:12:05.750 [info] > git ls-files --stage -- /home/pi/mxet300_lab/basics/L3_lidar.py [10ms]
2024-02-29 09:12:17.627 [info] > git show --textconv :basics/L1_lidar.py [44ms]
2024-02-29 09:12:17.633 [info] > git ls-files --stage -- /home/pi/mxet300_lab/basics/L1_lidar.py [8ms]
2024-02-29 09:12:20.748 [info] > git show --textconv :basics/L2_vector.py [33ms]
2024-02-29 09:12:20.753 [info] > git ls-files --stage -- /home/pi/mxet300_lab/basics/L2_vector.py [7ms]
2024-02-29 09:12:59.829 [info] > git show --textconv :basics/L3_lidar.py [41ms]
2024-02-29 09:12:59.835 [info] > git ls-files --stage -- /home/pi/mxet300_lab/basics/L3_lidar.py [10ms]
2024-02-29 09:13:09.223 [info] > git show --textconv :basics/L1_lidar.py [39ms]
2024-02-29 09:13:09.228 [info] > git ls-files --stage -- /home/pi/mxet300_lab/basics/L1_lidar.py [8ms]
2024-02-29 09:13:10.512 [info] > git show --textconv :basics/L2_vector.py [45ms]
2024-02-29 09:13:10.517 [info] > git ls-files --stage -- /home/pi/mxet300_lab/basics/L2_vector.py [7ms]
2024-02-29 09:13:52.171 [info] > git show --textconv :basics/L3_lidar.py [43ms]
2024-02-29 09:13:52.175 [info] > git ls-files --stage -- /home/pi/mxet300_lab/basics/L3_lidar.py [12ms]
2024-02-29 09:14:04.375 [info] > git show --textconv :basics/L1_lidar.py [34ms]
2024-02-29 09:14:04.380 [info] > git ls-files --stage -- /home/pi/mxet300_lab/basics/L1_lidar.py [7ms]
2024-02-29 09:14:06.423 [info] > git show --textconv :basics/L2_vector.py [50ms]
2024-02-29 09:14:06.429 [info] > git ls-files --stage -- /home/pi/mxet300_lab/basics/L2_vector.py [11ms]
2024-02-29 09:14:14.310 [info] > git show --textconv :basics/L3_lidar.py [40ms]
2024-02-29 09:14:14.316 [info] > git ls-files --stage -- /home/pi/mxet300_lab/basics/L3_lidar.py [9ms]
2024-02-29 09:14:17.841 [info] > git show --textconv :basics/L2_vector.py [45ms]
2024-02-29 09:14:17.847 [info] > git ls-files --stage -- /home/pi/mxet300_lab/basics/L2_vector.py [10ms]
2024-02-29 09:15:14.917 [info] > git show --textconv :basics/L3_lidar.py [23ms]
2024-02-29 09:15:14.920 [info] > git ls-files --stage -- /home/pi/mxet300_lab/basics/L3_lidar.py [5ms]
2024-02-29 09:15:25.404 [info] > git config --get commit.template [42ms]
2024-02-29 09:15:25.408 [info] > git for-each-ref --format=%(refname)%00%(upstream:short)%00%(objectname)%00%(upstream:track)%00%(upstream:remotename)%00%(upstream:remoteref) refs/heads/main refs/remotes/main [10ms]
2024-02-29 09:15:25.449 [info] > git status -z -uall [5ms]
2024-02-29 09:15:30.696 [info] > git show --textconv :basics/L2_vector.py [33ms]
2024-02-29 09:15:30.700 [info] > git ls-files --stage -- /home/pi/mxet300_lab/basics/L2_vector.py [7ms]
2024-02-29 09:15:36.701 [info] > git show --textconv :basics/L3_lidar.py [36ms]
2024-02-29 09:15:36.702 [info] > git ls-files --stage -- /home/pi/mxet300_lab/basics/L3_lidar.py [8ms]
2024-02-29 09:16:06.798 [info] > git config --get commit.template [10ms]
2024-02-29 09:16:06.837 [info] > git for-each-ref --format=%(refname)%00%(upstream:short)%00%(objectname)%00%(upstream:track)%00%(upstream:remotename)%00%(upstream:remoteref) refs/heads/main refs/remotes/main [7ms]
2024-02-29 09:16:06.879 [info] > git status -z -uall [7ms]
2024-02-29 09:16:23.317 [info] > git config --get commit.template [52ms]
2024-02-29 09:16:23.321 [info] > git for-each-ref --format=%(refname)%00%(upstream:short)%00%(objectname)%00%(upstream:track)%00%(upstream:remotename)%00%(upstream:remoteref) refs/heads/main refs/remotes/main [12ms]
2024-02-29 09:16:23.349 [info] > git status -z -uall [5ms]
2024-02-29 09:16:40.535 [info] > git config --get commit.template [48ms]
2024-02-29 09:16:40.541 [info] > git for-each-ref --format=%(refname)%00%(upstream:short)%00%(objectname)%00%(upstream:track)%00%(upstream:remotename)%00%(upstream:remoteref) refs/heads/main refs/remotes/main [11ms]
2024-02-29 09:16:40.568 [info] > git status -z -uall [5ms]
2024-02-29 09:16:47.492 [info] > git show --textconv :basics/L2_vector.py [35ms]
2024-02-29 09:16:47.497 [info] > git ls-files --stage -- /home/pi/mxet300_lab/basics/L2_vector.py [9ms]
2024-02-29 09:16:54.708 [info] > git show --textconv :basics/L3_lidar.py [36ms]
2024-02-29 09:16:54.713 [info] > git ls-files --stage -- /home/pi/mxet300_lab/basics/L3_lidar.py [9ms]
2024-02-29 09:17:07.895 [info] > git config --get commit.template [46ms]
2024-02-29 09:17:07.902 [info] > git for-each-ref --format=%(refname)%00%(upstream:short)%00%(objectname)%00%(upstream:track)%00%(upstream:remotename)%00%(upstream:remoteref) refs/heads/main refs/remotes/main [10ms]
2024-02-29 09:17:07.934 [info] > git status -z -uall [5ms]
2024-02-29 09:17:17.534 [info] > git show --textconv :basics/L1_lidar.py [54ms]
2024-02-29 09:17:17.537 [info] > git ls-files --stage -- /home/pi/mxet300_lab/basics/L1_lidar.py [10ms]
2024-02-29 09:17:19.244 [info] > git show --textconv :basics/L2_vector.py [37ms]
2024-02-29 09:17:19.249 [info] > git ls-files --stage -- /home/pi/mxet300_lab/basics/L2_vector.py [8ms]
2024-02-29 09:17:26.542 [info] > git show --textconv :basics/L3_lidar.py [35ms]
2024-02-29 09:17:26.546 [info] > git ls-files --stage -- /home/pi/mxet300_lab/basics/L3_lidar.py [7ms]
2024-02-29 09:17:29.148 [info] > git show --textconv :basics/L1_lidar.py [44ms]
2024-02-29 09:17:29.152 [info] > git ls-files --stage -- /home/pi/mxet300_lab/basics/L1_lidar.py [7ms]
2024-02-29 09:17:30.879 [info] > git show --textconv :basics/L2_vector.py [23ms]
2024-02-29 09:17:30.882 [info] > git ls-files --stage -- /home/pi/mxet300_lab/basics/L2_vector.py [4ms]
2024-02-29 09:17:32.915 [info] > git show --textconv :basics/L3_lidar.py [23ms]
2024-02-29 09:17:32.918 [info] > git ls-files --stage -- /home/pi/mxet300_lab/basics/L3_lidar.py [6ms]
2024-02-29 09:17:45.668 [info] > git config --get commit.template [22ms]
2024-02-29 09:17:45.670 [info] > git for-each-ref --format=%(refname)%00%(upstream:short)%00%(objectname)%00%(upstream:track)%00%(upstream:remotename)%00%(upstream:remoteref) refs/heads/main refs/remotes/main [5ms]
2024-02-29 09:17:45.695 [info] > git status -z -uall [5ms]
2024-02-29 09:17:58.005 [info] > git show --textconv :basics/L1_lidar.py [32ms]
2024-02-29 09:17:58.009 [info] > git ls-files --stage -- /home/pi/mxet300_lab/basics/L1_lidar.py [8ms]
2024-02-29 09:17:59.976 [info] > git show --textconv :basics/L2_vector.py [21ms]
2024-02-29 09:17:59.979 [info] > git ls-files --stage -- /home/pi/mxet300_lab/basics/L2_vector.py [5ms]
2024-02-29 09:18:02.687 [info] > git show --textconv :basics/L1_lidar.py [48ms]
2024-02-29 09:18:02.693 [info] > git ls-files --stage -- /home/pi/mxet300_lab/basics/L1_lidar.py [11ms]
2024-02-29 09:18:04.679 [info] > git show --textconv :basics/L3_lidar.py [36ms]
2024-02-29 09:18:04.684 [info] > git ls-files --stage -- /home/pi/mxet300_lab/basics/L3_lidar.py [9ms]
2024-02-29 09:18:06.895 [info] > git show --textconv :basics/L2_vector.py [41ms]
2024-02-29 09:18:06.900 [info] > git ls-files --stage -- /home/pi/mxet300_lab/basics/L2_vector.py [9ms]
2024-02-29 09:18:36.303 [info] > git show --textconv :basics/L3_lidar.py [36ms]
2024-02-29 09:18:36.308 [info] > git ls-files --stage -- /home/pi/mxet300_lab/basics/L3_lidar.py [7ms]
2024-02-29 09:18:45.944 [info] > git show --textconv :basics/L2_vector.py [40ms]
2024-02-29 09:18:45.945 [info] > git ls-files --stage -- /home/pi/mxet300_lab/basics/L2_vector.py [7ms]
2024-02-29 09:18:48.125 [info] > git show --textconv :basics/L3_lidar.py [22ms]
2024-02-29 09:18:48.128 [info] > git ls-files --stage -- /home/pi/mxet300_lab/basics/L3_lidar.py [5ms]
2024-02-29 09:19:08.778 [info] > git config --get commit.template [12ms]
2024-02-29 09:19:08.821 [info] > git for-each-ref --format=%(refname)%00%(upstream:short)%00%(objectname)%00%(upstream:track)%00%(upstream:remotename)%00%(upstream:remoteref) refs/heads/main refs/remotes/main [6ms]
2024-02-29 09:19:08.846 [info] > git status -z -uall [5ms]
2024-02-29 09:19:19.382 [info] > git show --textconv :basics/L2_vector.py [39ms]
2024-02-29 09:19:19.386 [info] > git ls-files --stage -- /home/pi/mxet300_lab/basics/L2_vector.py [8ms]
2024-02-29 09:19:22.544 [info] > git show --textconv :basics/L1_lidar.py [39ms]
2024-02-29 09:19:22.548 [info] > git ls-files --stage -- /home/pi/mxet300_lab/basics/L1_lidar.py [6ms]
2024-02-29 09:19:27.932 [info] > git show --textconv :basics/L3_lidar.py [60ms]
2024-02-29 09:19:27.934 [info] > git ls-files --stage -- /home/pi/mxet300_lab/basics/L3_lidar.py [18ms]
2024-02-29 09:19:38.097 [info] > git show --textconv :basics/L2_vector.py [22ms]
2024-02-29 09:19:38.100 [info] > git ls-files --stage -- /home/pi/mxet300_lab/basics/L2_vector.py [6ms]
2024-02-29 09:19:44.637 [info] > git show --textconv :basics/L3_lidar.py [30ms]
2024-02-29 09:19:44.641 [info] > git ls-files --stage -- /home/pi/mxet300_lab/basics/L3_lidar.py [6ms]
2024-02-29 09:20:12.696 [info] > git show --textconv :basics/L1_lidar.py [48ms]
2024-02-29 09:20:12.703 [info] > git ls-files --stage -- /home/pi/mxet300_lab/basics/L1_lidar.py [11ms]
2024-02-29 09:20:14.898 [info] > git show --textconv :basics/L2_vector.py [41ms]
2024-02-29 09:20:14.905 [info] > git ls-files --stage -- /home/pi/mxet300_lab/basics/L2_vector.py [10ms]
2024-02-29 09:20:21.757 [info] > git show --textconv :basics/L3_lidar.py [22ms]
2024-02-29 09:20:21.760 [info] > git ls-files --stage -- /home/pi/mxet300_lab/basics/L3_lidar.py [5ms]
2024-02-29 09:20:25.014 [info] > git show --textconv :basics/L2_vector.py [46ms]
2024-02-29 09:20:25.022 [info] > git ls-files --stage -- /home/pi/mxet300_lab/basics/L2_vector.py [13ms]
2024-02-29 09:20:40.380 [info] > git show --textconv :basics/L3_lidar.py [39ms]
2024-02-29 09:20:40.385 [info] > git ls-files --stage -- /home/pi/mxet300_lab/basics/L3_lidar.py [7ms]
2024-02-29 09:20:53.853 [info] > git show --textconv :basics/L1_lidar.py [46ms]
2024-02-29 09:20:53.857 [info] > git ls-files --stage -- /home/pi/mxet300_lab/basics/L1_lidar.py [7ms]
2024-02-29 09:20:56.756 [info] > git show --textconv :basics/L2_vector.py [36ms]
2024-02-29 09:20:56.760 [info] > git ls-files --stage -- /home/pi/mxet300_lab/basics/L2_vector.py [8ms]
2024-02-29 09:21:09.172 [info] > git show --textconv :basics/L3_lidar.py [46ms]
2024-02-29 09:21:09.176 [info] > git ls-files --stage -- /home/pi/mxet300_lab/basics/L3_lidar.py [7ms]
2024-02-29 09:21:21.252 [info] > git show --textconv :basics/L2_vector.py [21ms]
2024-02-29 09:21:21.255 [info] > git ls-files --stage -- /home/pi/mxet300_lab/basics/L2_vector.py [5ms]
2024-02-29 09:21:26.820 [info] > git show --textconv :basics/L3_lidar.py [37ms]
2024-02-29 09:21:26.826 [info] > git ls-files --stage -- /home/pi/mxet300_lab/basics/L3_lidar.py [9ms]
2024-02-29 09:21:49.963 [info] > git config --get commit.template [9ms]
2024-02-29 09:21:50.002 [info] > git for-each-ref --format=%(refname)%00%(upstream:short)%00%(objectname)%00%(upstream:track)%00%(upstream:remotename)%00%(upstream:remoteref) refs/heads/main refs/remotes/main [4ms]
2024-02-29 09:21:50.027 [info] > git status -z -uall [5ms]
2024-02-29 09:22:08.012 [info] > git show --textconv :basics/L2_vector.py [36ms]
2024-02-29 09:22:08.017 [info] > git ls-files --stage -- /home/pi/mxet300_lab/basics/L2_vector.py [7ms]
2024-02-29 09:22:40.460 [info] > git show --textconv :basics/L3_lidar.py [23ms]
2024-02-29 09:22:40.463 [info] > git ls-files --stage -- /home/pi/mxet300_lab/basics/L3_lidar.py [5ms]
2024-02-29 09:23:01.380 [info] > git show --textconv :basics/L2_vector.py [24ms]
2024-02-29 09:23:01.383 [info] > git ls-files --stage -- /home/pi/mxet300_lab/basics/L2_vector.py [6ms]
2024-02-29 09:23:12.232 [info] > git show --textconv :basics/L3_lidar.py [34ms]
2024-02-29 09:23:12.236 [info] > git ls-files --stage -- /home/pi/mxet300_lab/basics/L3_lidar.py [7ms]
2024-02-29 09:23:43.278 [info] > git config --get commit.template [37ms]
2024-02-29 09:23:43.282 [info] > git for-each-ref --format=%(refname)%00%(upstream:short)%00%(objectname)%00%(upstream:track)%00%(upstream:remotename)%00%(upstream:remoteref) refs/heads/main refs/remotes/main [7ms]
2024-02-29 09:23:43.324 [info] > git status -z -uall [9ms]
2024-02-29 09:26:52.009 [info] > git config --get commit.template [11ms]
2024-02-29 09:26:52.050 [info] > git for-each-ref --format=%(refname)%00%(upstream:short)%00%(objectname)%00%(upstream:track)%00%(upstream:remotename)%00%(upstream:remoteref) refs/heads/main refs/remotes/main [5ms]
2024-02-29 09:26:52.075 [info] > git status -z -uall [5ms]
2024-02-29 09:29:24.849 [info] > git show --textconv :basics/L2_vector.py [54ms]
2024-02-29 09:29:24.852 [info] > git ls-files --stage -- /home/pi/mxet300_lab/basics/L2_vector.py [9ms]
2024-02-29 09:31:17.893 [info] > git show --textconv :basics/L3_lidar.py [23ms]
2024-02-29 09:31:17.896 [info] > git ls-files --stage -- /home/pi/mxet300_lab/basics/L3_lidar.py [5ms]
2024-02-29 09:32:17.181 [info] > git config --get commit.template [42ms]
2024-02-29 09:32:17.185 [info] > git for-each-ref --format=%(refname)%00%(upstream:short)%00%(objectname)%00%(upstream:track)%00%(upstream:remotename)%00%(upstream:remoteref) refs/heads/main refs/remotes/main [6ms]
2024-02-29 09:32:17.220 [info] > git status -z -uall [7ms]
2024-02-29 09:33:28.552 [info] > git show --textconv :basics/L2_telemetry.py [22ms]
2024-02-29 09:33:28.555 [info] > git ls-files --stage -- /home/pi/mxet300_lab/basics/L2_telemetry.py [5ms]
2024-02-29 09:33:28.580 [info] > git cat-file -s e57c001286cad677bd2315218a9a76efd2952b22 [5ms]
2024-02-29 09:33:43.054 [info] > git show --textconv :basics/L3_lidar.py [22ms]
2024-02-29 09:33:43.057 [info] > git ls-files --stage -- /home/pi/mxet300_lab/basics/L3_lidar.py [5ms]
2024-02-29 09:34:03.218 [info] > git config --get commit.template [40ms]
2024-02-29 09:34:03.223 [info] > git for-each-ref --format=%(refname)%00%(upstream:short)%00%(objectname)%00%(upstream:track)%00%(upstream:remotename)%00%(upstream:remoteref) refs/heads/main refs/remotes/main [9ms]
2024-02-29 09:34:03.264 [info] > git status -z -uall [6ms]
2024-02-29 09:36:32.049 [info] > git show --textconv :basics/L2_vector.py [37ms]
2024-02-29 09:36:32.054 [info] > git ls-files --stage -- /home/pi/mxet300_lab/basics/L2_vector.py [8ms]
2024-02-29 09:36:49.507 [info] > git show --textconv :basics/L2_telemetry.py [34ms]
2024-02-29 09:36:49.511 [info] > git ls-files --stage -- /home/pi/mxet300_lab/basics/L2_telemetry.py [8ms]
2024-02-29 09:36:49.548 [info] > git cat-file -s e57c001286cad677bd2315218a9a76efd2952b22 [8ms]
2024-02-29 09:36:50.339 [info] > git show --textconv :basics/L3_lidar.py [43ms]
2024-02-29 09:36:50.350 [info] > git ls-files --stage -- /home/pi/mxet300_lab/basics/L3_lidar.py [16ms]
2024-02-29 09:37:32.729 [info] > git show --textconv :basics/L2_vector.py [34ms]
2024-02-29 09:37:32.737 [info] > git ls-files --stage -- /home/pi/mxet300_lab/basics/L2_vector.py [11ms]
2024-02-29 09:38:02.657 [info] > git show --textconv :basics/L3_lidar.py [34ms]
2024-02-29 09:38:02.662 [info] > git ls-files --stage -- /home/pi/mxet300_lab/basics/L3_lidar.py [9ms]
2024-02-29 09:38:21.843 [info] > git config --get commit.template [45ms]
2024-02-29 09:38:21.847 [info] > git for-each-ref --format=%(refname)%00%(upstream:short)%00%(objectname)%00%(upstream:track)%00%(upstream:remotename)%00%(upstream:remoteref) refs/heads/main refs/remotes/main [8ms]
2024-02-29 09:38:21.886 [info] > git status -z -uall [8ms]
2024-02-29 09:38:44.618 [info] > git config --get commit.template [43ms]
2024-02-29 09:38:44.623 [info] > git for-each-ref --format=%(refname)%00%(upstream:short)%00%(objectname)%00%(upstream:track)%00%(upstream:remotename)%00%(upstream:remoteref) refs/heads/main refs/remotes/main [9ms]
2024-02-29 09:38:44.660 [info] > git status -z -uall [5ms]
2024-02-29 09:39:18.208 [info] > git check-ignore -v -z --stdin [3ms]
2024-02-29 09:39:43.424 [info] > git show --textconv :basics/L2_speed_control.py [29ms]
2024-02-29 09:39:43.425 [info] > git ls-files --stage -- /home/pi/mxet300_lab/basics/L2_speed_control.py [8ms]
2024-02-29 09:39:43.470 [info] > git cat-file -s 914ac06a854e4b2e7aeaa0d7bc3878fb83c266da [15ms]
2024-02-29 09:39:47.919 [info] > git show --textconv :basics/L3_lidar.py [38ms]
2024-02-29 09:39:47.924 [info] > git ls-files --stage -- /home/pi/mxet300_lab/basics/L3_lidar.py [10ms]
2024-02-29 09:40:32.756 [info] > git merge-base refs/heads/main refs/remotes/origin/main [10ms]
2024-02-29 09:40:32.819 [info] > git rev-list --count --left-right refs/heads/main...refs/remotes/origin/main [18ms]
2024-02-29 09:40:33.642 [info] > git check-ignore -v -z --stdin [4ms]
2024-02-29 09:40:49.424 [info] > git show --textconv :basics/L2_compass_heading.py [23ms]
2024-02-29 09:40:49.427 [info] > git ls-files --stage -- /home/pi/mxet300_lab/basics/L2_compass_heading.py [5ms]
2024-02-29 09:40:49.455 [info] > git cat-file -s ab945cbc30f2e066af416b3847c7ec03558cfb20 [6ms]
2024-02-29 09:44:41.961 [info] > git show --textconv :basics/L3_lidar.py [34ms]
2024-02-29 09:44:41.966 [info] > git ls-files --stage -- /home/pi/mxet300_lab/basics/L3_lidar.py [9ms]
2024-02-29 09:45:05.102 [info] > git config --get commit.template [7ms]
2024-02-29 09:45:05.143 [info] > git for-each-ref --format=%(refname)%00%(upstream:short)%00%(objectname)%00%(upstream:track)%00%(upstream:remotename)%00%(upstream:remoteref) refs/heads/main refs/remotes/main [8ms]
2024-02-29 09:45:05.186 [info] > git status -z -uall [10ms]
2024-02-29 09:45:07.946 [info] > git show --textconv :basics/L2_vector.py [34ms]
2024-02-29 09:45:07.956 [info] > git ls-files --stage -- /home/pi/mxet300_lab/basics/L2_vector.py [13ms]
2024-02-29 09:45:17.953 [info] > git show --textconv :basics/L3_lidar.py [34ms]
2024-02-29 09:45:17.957 [info] > git ls-files --stage -- /home/pi/mxet300_lab/basics/L3_lidar.py [7ms]
2024-02-29 09:51:06.990 [info] > git check-ignore -v -z --stdin [44ms]
2024-02-29 09:51:06.991 [info] > git show --textconv :Node-RED_Flows/Lab_6_flow.json [25ms]
2024-02-29 09:51:06.993 [info] > git ls-files --stage -- /home/pi/mxet300_lab/Node-RED_Flows/Lab_6_flow.json [6ms]
2024-02-29 09:51:07.533 [info] > git config --get commit.template [42ms]
2024-02-29 09:51:07.538 [info] > git for-each-ref --format=%(refname)%00%(upstream:short)%00%(objectname)%00%(upstream:track)%00%(upstream:remotename)%00%(upstream:remoteref) refs/heads/main refs/remotes/main [10ms]
2024-02-29 09:51:07.570 [info] > git status -z -uall [5ms]
2024-02-29 09:51:27.536 [info] > git check-ignore -v -z --stdin [9ms]
2024-02-29 09:51:27.601 [info] > git show --textconv :Node-RED_Flows/flow_lidar_driving.json [24ms]
2024-02-29 09:51:27.604 [info] > git ls-files --stage -- /home/pi/mxet300_lab/Node-RED_Flows/flow_lidar_driving.json [5ms]
2024-02-29 09:51:28.036 [info] > git config --get commit.template [23ms]
2024-02-29 09:51:28.039 [info] > git for-each-ref --format=%(refname)%00%(upstream:short)%00%(objectname)%00%(upstream:track)%00%(upstream:remotename)%00%(upstream:remoteref) refs/heads/main refs/remotes/main [5ms]
2024-02-29 09:51:28.066 [info] > git status -z -uall [6ms]
2024-02-29 09:51:45.112 [info] > git config --get commit.template [39ms]
2024-02-29 09:51:45.116 [info] > git for-each-ref --format=%(refname)%00%(upstream:short)%00%(objectname)%00%(upstream:track)%00%(upstream:remotename)%00%(upstream:remoteref) refs/heads/main refs/remotes/main [8ms]
2024-02-29 09:51:45.161 [info] > git status -z -uall [14ms]
2024-02-29 09:51:45.302 [info] > git ls-files --stage -- /home/pi/mxet300_lab/Node-RED_Flows/flow_lidar_driving.json [19ms]
2024-02-29 09:51:45.342 [info] > git cat-file -s 661189a529204305862c0a67527cf166b7ea2977 [8ms]
2024-02-29 09:51:45.402 [info] > git show --textconv :Node-RED_Flows/flow_lidar_driving.json [7ms]
2024-02-29 09:52:11.451 [info] > git config --get commit.template [38ms]
2024-02-29 09:52:11.457 [info] > git for-each-ref --format=%(refname)%00%(upstream:short)%00%(objectname)%00%(upstream:track)%00%(upstream:remotename)%00%(upstream:remoteref) refs/heads/main refs/remotes/main [9ms]
2024-02-29 09:52:11.501 [info] > git status -z -uall [9ms]
2024-02-29 09:52:11.542 [info] > git ls-files --stage -- /home/pi/mxet300_lab/Node-RED_Flows/flow_lidar_driving.json [4ms]
2024-02-29 09:52:11.567 [info] > git cat-file -s 661189a529204305862c0a67527cf166b7ea2977 [4ms]
2024-02-29 09:52:11.606 [info] > git show --textconv :Node-RED_Flows/flow_lidar_driving.json [5ms]
2024-02-29 09:52:16.750 [info] > git config --get commit.template [49ms]
2024-02-29 09:52:16.756 [info] > git for-each-ref --format=%(refname)%00%(upstream:short)%00%(objectname)%00%(upstream:track)%00%(upstream:remotename)%00%(upstream:remoteref) refs/heads/main refs/remotes/main [12ms]
2024-02-29 09:52:16.803 [info] > git status -z -uall [25ms]
2024-02-29 09:52:16.814 [info] > git ls-files --stage -- /home/pi/mxet300_lab/Node-RED_Flows/flow_lidar_driving.json [13ms]
2024-02-29 09:52:16.838 [info] > git cat-file -s 661189a529204305862c0a67527cf166b7ea2977 [4ms]
2024-02-29 09:52:16.879 [info] > git show --textconv :Node-RED_Flows/flow_lidar_driving.json [4ms]
2024-02-29 09:53:33.323 [info] > git config --get commit.template [23ms]
2024-02-29 09:53:33.326 [info] > git for-each-ref --format=%(refname)%00%(upstream:short)%00%(objectname)%00%(upstream:track)%00%(upstream:remotename)%00%(upstream:remoteref) refs/heads/main refs/remotes/main [4ms]
2024-02-29 09:53:33.351 [info] > git status -z -uall [5ms]
2024-02-29 09:53:33.461 [info] > git check-ignore -v -z --stdin [4ms]
2024-02-29 10:01:15.612 [info] > git config --get commit.template [34ms]
2024-02-29 10:01:15.614 [info] > git for-each-ref --format=%(refname)%00%(upstream:short)%00%(objectname)%00%(upstream:track)%00%(upstream:remotename)%00%(upstream:remoteref) refs/heads/main refs/remotes/main [8ms]
2024-02-29 10:01:15.651 [info] > git status -z -uall [8ms]
2024-02-29 10:01:15.709 [info] > git ls-files --stage -- /home/pi/mxet300_lab/Node-RED_Flows/flow_lidar_driving.json [7ms]
2024-02-29 10:01:15.734 [info] > git cat-file -s 661189a529204305862c0a67527cf166b7ea2977 [5ms]
2024-02-29 10:01:15.773 [info] > git show --textconv :Node-RED_Flows/flow_lidar_driving.json [6ms]
2024-02-29 10:01:24.659 [info] > git config --get commit.template [34ms]
2024-02-29 10:01:24.664 [info] > git for-each-ref --format=%(refname)%00%(upstream:short)%00%(objectname)%00%(upstream:track)%00%(upstream:remotename)%00%(upstream:remoteref) refs/heads/main refs/remotes/main [8ms]
2024-02-29 10:01:24.700 [info] > git status -z -uall [8ms]
2024-02-29 10:01:24.749 [info] > git ls-files --stage -- /home/pi/mxet300_lab/Node-RED_Flows/flow_lidar_driving.json [6ms]
2024-02-29 10:01:24.772 [info] > git cat-file -s 661189a529204305862c0a67527cf166b7ea2977 [5ms]
2024-02-29 10:01:24.811 [info] > git show --textconv :Node-RED_Flows/flow_lidar_driving.json [5ms]
2024-02-29 10:01:29.473 [info] > git ls-files --stage -- /home/pi/mxet300_lab/Node-RED_Flows/flow_lidar_driving.json [10ms]
2024-02-29 10:01:29.505 [info] > git cat-file -s 661189a529204305862c0a67527cf166b7ea2977 [4ms]
2024-02-29 10:01:29.544 [info] > git show --textconv :Node-RED_Flows/flow_lidar_driving.json [4ms]
2024-02-29 10:01:29.754 [info] > git config --get commit.template [23ms]
2024-02-29 10:01:29.756 [info] > git for-each-ref --format=%(refname)%00%(upstream:short)%00%(objectname)%00%(upstream:track)%00%(upstream:remotename)%00%(upstream:remoteref) refs/heads/main refs/remotes/main [5ms]
2024-02-29 10:01:29.782 [info] > git status -z -uall [5ms]
