2024-03-21 08:46:38.946 [info] Extension host with pid 1091 started
2024-03-21 08:46:39.019 [info] Lock '/home/pi/.vscode-server/data/User/workspaceStorage/f08e91cf02d62995d27f54e1926beb69/vscode.lock': Lock acquired.
2024-03-21 08:46:39.141 [info] ExtensionService#_doActivateExtension vscode.git-base, startup: true, activationEvent: '*', root cause: vscode.git
2024-03-21 08:46:39.244 [info] ExtensionService#_doActivateExtension vscode.git, startup: true, activationEvent: '*'
2024-03-21 08:46:39.245 [info] ExtensionService#_doActivateExtension vscode.github, startup: true, activationEvent: '*'
2024-03-21 08:46:40.164 [info] Eager extensions activated
2024-03-21 08:46:40.165 [info] ExtensionService#_doActivateExtension vscode.debug-auto-launch, startup: false, activationEvent: 'onStartupFinished'
2024-03-21 08:46:40.167 [info] ExtensionService#_doActivateExtension vscode.merge-conflict, startup: false, activationEvent: 'onStartupFinished'
2024-03-21 08:48:29.065 [info] ExtensionService#_doActivateExtension ms-python.debugpy, startup: false, activationEvent: 'onLanguage:python'
2024-03-21 08:48:29.068 [info] ExtensionService#_doActivateExtension ms-python.python, startup: false, activationEvent: 'onLanguage:python'
2024-03-21 08:48:29.070 [info] ExtensionService#_doActivateExtension vscode.emmet, startup: false, activationEvent: 'onLanguage'
2024-03-21 08:48:31.130 [info] ExtensionService#_doActivateExtension ms-python.vscode-pylance, startup: false, activationEvent: 'onLanguage:python'
2024-03-21 09:09:08.112 [error] Error: /home/pi/.vscode-server/extensions/ms-python.python-2024.2.0/package.json: ENOENT: no such file or directory, open '/home/pi/.vscode-server/extensions/ms-python.python-2024.2.0/package.json'
	at Object.openSync (node:fs:605:3)
	at Object.readFileSync (node:fs:473:35)
	at Object.readFileSync (/home/pi/.vscode-server/extensions/ms-python.python-2024.2.0/out/client/extension.js:2:1867817)
	at c (/home/pi/.vscode-server/extensions/ms-python.python-2024.2.0/out/client/extension.js:2:670952)
	at p (/home/pi/.vscode-server/extensions/ms-python.python-2024.2.0/out/client/extension.js:2:671348)
	at A.refreshTestDataInternal (/home/pi/.vscode-server/extensions/ms-python.python-2024.2.0/out/client/extension.js:2:815023)
	at t.DelayedTrigger.callback (/home/pi/.vscode-server/extensions/ms-python.python-2024.2.0/out/client/extension.js:2:810548)
	at Timeout._onTimeout (/home/pi/.vscode-server/extensions/ms-python.python-2024.2.0/out/client/extension.js:2:280175)
	at listOnTimeout (node:internal/timers:569:17)
	at process.processTimers (node:internal/timers:512:7)
2024-03-21 09:14:59.264 [error] Error: /home/pi/.vscode-server/extensions/ms-python.python-2024.2.0/package.json: ENOENT: no such file or directory, open '/home/pi/.vscode-server/extensions/ms-python.python-2024.2.0/package.json'
	at Object.openSync (node:fs:605:3)
	at Object.readFileSync (node:fs:473:35)
	at Object.readFileSync (/home/pi/.vscode-server/extensions/ms-python.python-2024.2.0/out/client/extension.js:2:1867817)
	at c (/home/pi/.vscode-server/extensions/ms-python.python-2024.2.0/out/client/extension.js:2:670952)
	at p (/home/pi/.vscode-server/extensions/ms-python.python-2024.2.0/out/client/extension.js:2:671348)
	at p.value (/home/pi/.vscode-server/extensions/ms-python.python-2024.2.0/out/client/extension.js:2:778640)
	at n.y (/home/pi/.vscode-server/bin/863d2581ecda6849923a2118d93a088b0745d9d6/out/vs/workbench/api/node/extensionHostProcess.js:80:1902)
	at n.z (/home/pi/.vscode-server/bin/863d2581ecda6849923a2118d93a088b0745d9d6/out/vs/workbench/api/node/extensionHostProcess.js:80:1972)
	at n.fire (/home/pi/.vscode-server/bin/863d2581ecda6849923a2118d93a088b0745d9d6/out/vs/workbench/api/node/extensionHostProcess.js:80:2188)
	at p.value (/home/pi/.vscode-server/extensions/ms-python.python-2024.2.0/out/client/extension.js:2:451702)
	at n.y (/home/pi/.vscode-server/bin/863d2581ecda6849923a2118d93a088b0745d9d6/out/vs/workbench/api/node/extensionHostProcess.js:80:1902)
	at n.z (/home/pi/.vscode-server/bin/863d2581ecda6849923a2118d93a088b0745d9d6/out/vs/workbench/api/node/extensionHostProcess.js:80:1972)
	at n.fire (/home/pi/.vscode-server/bin/863d2581ecda6849923a2118d93a088b0745d9d6/out/vs/workbench/api/node/extensionHostProcess.js:80:2188)
	at p.value (/home/pi/.vscode-server/extensions/ms-python.python-2024.2.0/out/client/extension.js:2:654382)
	at n.y (/home/pi/.vscode-server/bin/863d2581ecda6849923a2118d93a088b0745d9d6/out/vs/workbench/api/node/extensionHostProcess.js:80:1902)
	at n.z (/home/pi/.vscode-server/bin/863d2581ecda6849923a2118d93a088b0745d9d6/out/vs/workbench/api/node/extensionHostProcess.js:80:1972)
	at n.fire (/home/pi/.vscode-server/bin/863d2581ecda6849923a2118d93a088b0745d9d6/out/vs/workbench/api/node/extensionHostProcess.js:80:2188)
	at f.fire (/home/pi/.vscode-server/extensions/ms-python.python-2024.2.0/out/client/extension.js:2:559981)
	at p.value (/home/pi/.vscode-server/extensions/ms-python.python-2024.2.0/out/client/extension.js:2:525525)
	at n.y (/home/pi/.vscode-server/bin/863d2581ecda6849923a2118d93a088b0745d9d6/out/vs/workbench/api/node/extensionHostProcess.js:80:1902)
	at n.fire (/home/pi/.vscode-server/bin/863d2581ecda6849923a2118d93a088b0745d9d6/out/vs/workbench/api/node/extensionHostProcess.js:80:2119)
	at u.fire (/home/pi/.vscode-server/extensions/ms-python.python-2024.2.0/out/client/extension.js:2:559981)
	at u.updateEnv (/home/pi/.vscode-server/extensions/ms-python.python-2024.2.0/out/client/extension.js:2:523008)
	at p.value (/home/pi/.vscode-server/extensions/ms-python.python-2024.2.0/out/client/extension.js:2:527185)
	at n.y (/home/pi/.vscode-server/bin/863d2581ecda6849923a2118d93a088b0745d9d6/out/vs/workbench/api/node/extensionHostProcess.js:80:1902)
	at n.fire (/home/pi/.vscode-server/bin/863d2581ecda6849923a2118d93a088b0745d9d6/out/vs/workbench/api/node/extensionHostProcess.js:80:2119)
	at t.PythonEnvsResolver.resolveInBackground (/home/pi/.vscode-server/extensions/ms-python.python-2024.2.0/out/client/extension.js:2:534238)
2024-03-21 09:14:59.292 [error] Error: /home/pi/.vscode-server/extensions/ms-python.python-2024.2.0/package.json: ENOENT: no such file or directory, open '/home/pi/.vscode-server/extensions/ms-python.python-2024.2.0/package.json'
	at Object.openSync (node:fs:605:3)
	at Object.readFileSync (node:fs:473:35)
	at Object.readFileSync (/home/pi/.vscode-server/extensions/ms-python.python-2024.2.0/out/client/extension.js:2:1867817)
	at c (/home/pi/.vscode-server/extensions/ms-python.python-2024.2.0/out/client/extension.js:2:670952)
	at p (/home/pi/.vscode-server/extensions/ms-python.python-2024.2.0/out/client/extension.js:2:671348)
	at /home/pi/.vscode-server/extensions/ms-python.python-2024.2.0/out/client/extension.js:2:490926
	at /home/pi/.vscode-server/extensions/ms-python.python-2024.2.0/out/client/extension.js:2:490957
	at /home/pi/.vscode-server/extensions/ms-python.python-2024.2.0/out/client/extension.js:2:490180
	at /home/pi/.vscode-server/extensions/ms-python.python-2024.2.0/out/client/extension.js:2:490045
2024-03-21 09:14:59.294 [error] Error: /home/pi/.vscode-server/extensions/ms-python.python-2024.2.0/package.json: ENOENT: no such file or directory, open '/home/pi/.vscode-server/extensions/ms-python.python-2024.2.0/package.json'
	at Object.openSync (node:fs:605:3)
	at Object.readFileSync (node:fs:473:35)
	at Object.readFileSync (/home/pi/.vscode-server/extensions/ms-python.python-2024.2.0/out/client/extension.js:2:1867817)
	at c (/home/pi/.vscode-server/extensions/ms-python.python-2024.2.0/out/client/extension.js:2:670952)
	at p (/home/pi/.vscode-server/extensions/ms-python.python-2024.2.0/out/client/extension.js:2:671348)
	at /home/pi/.vscode-server/extensions/ms-python.python-2024.2.0/out/client/extension.js:2:490926
	at /home/pi/.vscode-server/extensions/ms-python.python-2024.2.0/out/client/extension.js:2:490957
	at /home/pi/.vscode-server/extensions/ms-python.python-2024.2.0/out/client/extension.js:2:490180
	at /home/pi/.vscode-server/extensions/ms-python.python-2024.2.0/out/client/extension.js:2:490045
2024-03-21 09:15:38.597 [error] Error: /home/pi/.vscode-server/extensions/ms-python.python-2024.2.0/package.json: ENOENT: no such file or directory, open '/home/pi/.vscode-server/extensions/ms-python.python-2024.2.0/package.json'
	at Object.openSync (node:fs:605:3)
	at Object.readFileSync (node:fs:473:35)
	at Object.readFileSync (/home/pi/.vscode-server/extensions/ms-python.python-2024.2.0/out/client/extension.js:2:1867817)
	at c (/home/pi/.vscode-server/extensions/ms-python.python-2024.2.0/out/client/extension.js:2:670952)
	at p (/home/pi/.vscode-server/extensions/ms-python.python-2024.2.0/out/client/extension.js:2:671348)
	at D._pickInterpreter (/home/pi/.vscode-server/extensions/ms-python.python-2024.2.0/out/client/extension.js:2:421469)
	at async u.stepThrough (/home/pi/.vscode-server/extensions/ms-python.python-2024.2.0/out/client/extension.js:2:308292)
	at async D.setInterpreter (/home/pi/.vscode-server/extensions/ms-python.python-2024.2.0/out/client/extension.js:2:428051) python.setInterpreter {"value":"ms-python.python","_lower":"ms-python.python"}
2024-03-21 09:15:39.605 [error] Error: /home/pi/.vscode-server/extensions/ms-python.python-2024.2.0/package.json: ENOENT: no such file or directory, open '/home/pi/.vscode-server/extensions/ms-python.python-2024.2.0/package.json'
	at Object.openSync (node:fs:605:3)
	at Object.readFileSync (node:fs:473:35)
	at Object.readFileSync (/home/pi/.vscode-server/extensions/ms-python.python-2024.2.0/out/client/extension.js:2:1867817)
	at c (/home/pi/.vscode-server/extensions/ms-python.python-2024.2.0/out/client/extension.js:2:670952)
	at p (/home/pi/.vscode-server/extensions/ms-python.python-2024.2.0/out/client/extension.js:2:671348)
	at /home/pi/.vscode-server/extensions/ms-python.python-2024.2.0/out/client/extension.js:2:672760
2024-03-21 09:15:39.633 [error] Error: /home/pi/.vscode-server/extensions/ms-python.python-2024.2.0/package.json: ENOENT: no such file or directory, open '/home/pi/.vscode-server/extensions/ms-python.python-2024.2.0/package.json'
	at Object.openSync (node:fs:605:3)
	at Object.readFileSync (node:fs:473:35)
	at Object.readFileSync (/home/pi/.vscode-server/extensions/ms-python.python-2024.2.0/out/client/extension.js:2:1867817)
	at c (/home/pi/.vscode-server/extensions/ms-python.python-2024.2.0/out/client/extension.js:2:670952)
	at p (/home/pi/.vscode-server/extensions/ms-python.python-2024.2.0/out/client/extension.js:2:671348)
	at p.value (/home/pi/.vscode-server/extensions/ms-python.python-2024.2.0/out/client/extension.js:2:778640)
	at n.y (/home/pi/.vscode-server/bin/863d2581ecda6849923a2118d93a088b0745d9d6/out/vs/workbench/api/node/extensionHostProcess.js:80:1902)
	at n.z (/home/pi/.vscode-server/bin/863d2581ecda6849923a2118d93a088b0745d9d6/out/vs/workbench/api/node/extensionHostProcess.js:80:1972)
	at n.fire (/home/pi/.vscode-server/bin/863d2581ecda6849923a2118d93a088b0745d9d6/out/vs/workbench/api/node/extensionHostProcess.js:80:2188)
	at p.value (/home/pi/.vscode-server/extensions/ms-python.python-2024.2.0/out/client/extension.js:2:451702)
	at n.y (/home/pi/.vscode-server/bin/863d2581ecda6849923a2118d93a088b0745d9d6/out/vs/workbench/api/node/extensionHostProcess.js:80:1902)
	at n.z (/home/pi/.vscode-server/bin/863d2581ecda6849923a2118d93a088b0745d9d6/out/vs/workbench/api/node/extensionHostProcess.js:80:1972)
	at n.fire (/home/pi/.vscode-server/bin/863d2581ecda6849923a2118d93a088b0745d9d6/out/vs/workbench/api/node/extensionHostProcess.js:80:2188)
	at p.value (/home/pi/.vscode-server/extensions/ms-python.python-2024.2.0/out/client/extension.js:2:654382)
	at n.y (/home/pi/.vscode-server/bin/863d2581ecda6849923a2118d93a088b0745d9d6/out/vs/workbench/api/node/extensionHostProcess.js:80:1902)
	at n.z (/home/pi/.vscode-server/bin/863d2581ecda6849923a2118d93a088b0745d9d6/out/vs/workbench/api/node/extensionHostProcess.js:80:1972)
	at n.fire (/home/pi/.vscode-server/bin/863d2581ecda6849923a2118d93a088b0745d9d6/out/vs/workbench/api/node/extensionHostProcess.js:80:2188)
	at f.fire (/home/pi/.vscode-server/extensions/ms-python.python-2024.2.0/out/client/extension.js:2:559981)
	at p.value (/home/pi/.vscode-server/extensions/ms-python.python-2024.2.0/out/client/extension.js:2:525525)
	at n.y (/home/pi/.vscode-server/bin/863d2581ecda6849923a2118d93a088b0745d9d6/out/vs/workbench/api/node/extensionHostProcess.js:80:1902)
	at n.fire (/home/pi/.vscode-server/bin/863d2581ecda6849923a2118d93a088b0745d9d6/out/vs/workbench/api/node/extensionHostProcess.js:80:2119)
	at u.fire (/home/pi/.vscode-server/extensions/ms-python.python-2024.2.0/out/client/extension.js:2:559981)
	at u.updateEnv (/home/pi/.vscode-server/extensions/ms-python.python-2024.2.0/out/client/extension.js:2:523008)
	at p.value (/home/pi/.vscode-server/extensions/ms-python.python-2024.2.0/out/client/extension.js:2:527185)
	at n.y (/home/pi/.vscode-server/bin/863d2581ecda6849923a2118d93a088b0745d9d6/out/vs/workbench/api/node/extensionHostProcess.js:80:1902)
	at n.fire (/home/pi/.vscode-server/bin/863d2581ecda6849923a2118d93a088b0745d9d6/out/vs/workbench/api/node/extensionHostProcess.js:80:2119)
	at t.PythonEnvsResolver.resolveInBackground (/home/pi/.vscode-server/extensions/ms-python.python-2024.2.0/out/client/extension.js:2:534238)
2024-03-21 09:15:39.688 [error] Error: /home/pi/.vscode-server/extensions/ms-python.python-2024.2.0/package.json: ENOENT: no such file or directory, open '/home/pi/.vscode-server/extensions/ms-python.python-2024.2.0/package.json'
	at Object.openSync (node:fs:605:3)
	at Object.readFileSync (node:fs:473:35)
	at Object.readFileSync (/home/pi/.vscode-server/extensions/ms-python.python-2024.2.0/out/client/extension.js:2:1867817)
	at c (/home/pi/.vscode-server/extensions/ms-python.python-2024.2.0/out/client/extension.js:2:670952)
	at p (/home/pi/.vscode-server/extensions/ms-python.python-2024.2.0/out/client/extension.js:2:671348)
	at /home/pi/.vscode-server/extensions/ms-python.python-2024.2.0/out/client/extension.js:2:490926
	at /home/pi/.vscode-server/extensions/ms-python.python-2024.2.0/out/client/extension.js:2:490957
	at /home/pi/.vscode-server/extensions/ms-python.python-2024.2.0/out/client/extension.js:2:490180
	at /home/pi/.vscode-server/extensions/ms-python.python-2024.2.0/out/client/extension.js:2:490045
2024-03-21 09:15:39.692 [error] Error: /home/pi/.vscode-server/extensions/ms-python.python-2024.2.0/package.json: ENOENT: no such file or directory, open '/home/pi/.vscode-server/extensions/ms-python.python-2024.2.0/package.json'
	at Object.openSync (node:fs:605:3)
	at Object.readFileSync (node:fs:473:35)
	at Object.readFileSync (/home/pi/.vscode-server/extensions/ms-python.python-2024.2.0/out/client/extension.js:2:1867817)
	at c (/home/pi/.vscode-server/extensions/ms-python.python-2024.2.0/out/client/extension.js:2:670952)
	at p (/home/pi/.vscode-server/extensions/ms-python.python-2024.2.0/out/client/extension.js:2:671348)
	at /home/pi/.vscode-server/extensions/ms-python.python-2024.2.0/out/client/extension.js:2:490926
	at /home/pi/.vscode-server/extensions/ms-python.python-2024.2.0/out/client/extension.js:2:490957
	at /home/pi/.vscode-server/extensions/ms-python.python-2024.2.0/out/client/extension.js:2:490180
	at /home/pi/.vscode-server/extensions/ms-python.python-2024.2.0/out/client/extension.js:2:490045
2024-03-21 09:19:57.309 [error] Error: /home/pi/.vscode-server/extensions/ms-python.python-2024.2.0/package.json: ENOENT: no such file or directory, open '/home/pi/.vscode-server/extensions/ms-python.python-2024.2.0/package.json'
	at Object.openSync (node:fs:605:3)
	at Object.readFileSync (node:fs:473:35)
	at Object.readFileSync (/home/pi/.vscode-server/extensions/ms-python.python-2024.2.0/out/client/extension.js:2:1867817)
	at c (/home/pi/.vscode-server/extensions/ms-python.python-2024.2.0/out/client/extension.js:2:670952)
	at p (/home/pi/.vscode-server/extensions/ms-python.python-2024.2.0/out/client/extension.js:2:671348)
	at /home/pi/.vscode-server/extensions/ms-python.python-2024.2.0/out/client/extension.js:2:672760
2024-03-21 09:21:33.437 [error] Error: /home/pi/.vscode-server/extensions/ms-python.python-2024.2.0/package.json: ENOENT: no such file or directory, open '/home/pi/.vscode-server/extensions/ms-python.python-2024.2.0/package.json'
	at Object.openSync (node:fs:605:3)
	at Object.readFileSync (node:fs:473:35)
	at Object.readFileSync (/home/pi/.vscode-server/extensions/ms-python.python-2024.2.0/out/client/extension.js:2:1867817)
	at c (/home/pi/.vscode-server/extensions/ms-python.python-2024.2.0/out/client/extension.js:2:670952)
	at p (/home/pi/.vscode-server/extensions/ms-python.python-2024.2.0/out/client/extension.js:2:671348)
	at A.refreshTestDataInternal (/home/pi/.vscode-server/extensions/ms-python.python-2024.2.0/out/client/extension.js:2:815023)
	at t.DelayedTrigger.callback (/home/pi/.vscode-server/extensions/ms-python.python-2024.2.0/out/client/extension.js:2:810548)
	at Timeout._onTimeout (/home/pi/.vscode-server/extensions/ms-python.python-2024.2.0/out/client/extension.js:2:280175)
	at listOnTimeout (node:internal/timers:569:17)
	at process.processTimers (node:internal/timers:512:7)
2024-03-21 09:21:35.919 [error] Error: /home/pi/.vscode-server/extensions/ms-python.python-2024.2.0/package.json: ENOENT: no such file or directory, open '/home/pi/.vscode-server/extensions/ms-python.python-2024.2.0/package.json'
	at Object.openSync (node:fs:605:3)
	at Object.readFileSync (node:fs:473:35)
	at Object.readFileSync (/home/pi/.vscode-server/extensions/ms-python.python-2024.2.0/out/client/extension.js:2:1867817)
	at c (/home/pi/.vscode-server/extensions/ms-python.python-2024.2.0/out/client/extension.js:2:670952)
	at p (/home/pi/.vscode-server/extensions/ms-python.python-2024.2.0/out/client/extension.js:2:671348)
	at A.refreshTestDataInternal (/home/pi/.vscode-server/extensions/ms-python.python-2024.2.0/out/client/extension.js:2:815023)
	at t.DelayedTrigger.callback (/home/pi/.vscode-server/extensions/ms-python.python-2024.2.0/out/client/extension.js:2:810548)
	at Timeout._onTimeout (/home/pi/.vscode-server/extensions/ms-python.python-2024.2.0/out/client/extension.js:2:280175)
	at listOnTimeout (node:internal/timers:569:17)
	at process.processTimers (node:internal/timers:512:7)
2024-03-21 09:26:22.490 [error] Error: /home/pi/.vscode-server/extensions/ms-python.python-2024.2.0/package.json: ENOENT: no such file or directory, open '/home/pi/.vscode-server/extensions/ms-python.python-2024.2.0/package.json'
	at Object.openSync (node:fs:605:3)
	at Object.readFileSync (node:fs:473:35)
	at Object.readFileSync (/home/pi/.vscode-server/extensions/ms-python.python-2024.2.0/out/client/extension.js:2:1867817)
	at c (/home/pi/.vscode-server/extensions/ms-python.python-2024.2.0/out/client/extension.js:2:670952)
	at p (/home/pi/.vscode-server/extensions/ms-python.python-2024.2.0/out/client/extension.js:2:671348)
	at A.refreshTestDataInternal (/home/pi/.vscode-server/extensions/ms-python.python-2024.2.0/out/client/extension.js:2:815023)
	at t.DelayedTrigger.callback (/home/pi/.vscode-server/extensions/ms-python.python-2024.2.0/out/client/extension.js:2:810548)
	at Timeout._onTimeout (/home/pi/.vscode-server/extensions/ms-python.python-2024.2.0/out/client/extension.js:2:280175)
	at listOnTimeout (node:internal/timers:569:17)
	at process.processTimers (node:internal/timers:512:7)
2024-03-21 09:26:33.616 [error] Error: /home/pi/.vscode-server/extensions/ms-python.python-2024.2.0/package.json: ENOENT: no such file or directory, open '/home/pi/.vscode-server/extensions/ms-python.python-2024.2.0/package.json'
	at Object.openSync (node:fs:605:3)
	at Object.readFileSync (node:fs:473:35)
	at Object.readFileSync (/home/pi/.vscode-server/extensions/ms-python.python-2024.2.0/out/client/extension.js:2:1867817)
	at c (/home/pi/.vscode-server/extensions/ms-python.python-2024.2.0/out/client/extension.js:2:670952)
	at p (/home/pi/.vscode-server/extensions/ms-python.python-2024.2.0/out/client/extension.js:2:671348)
	at A.refreshTestDataInternal (/home/pi/.vscode-server/extensions/ms-python.python-2024.2.0/out/client/extension.js:2:815023)
	at t.DelayedTrigger.callback (/home/pi/.vscode-server/extensions/ms-python.python-2024.2.0/out/client/extension.js:2:810548)
	at Timeout._onTimeout (/home/pi/.vscode-server/extensions/ms-python.python-2024.2.0/out/client/extension.js:2:280175)
	at listOnTimeout (node:internal/timers:569:17)
	at process.processTimers (node:internal/timers:512:7)
2024-03-21 09:29:26.782 [error] Error: /home/pi/.vscode-server/extensions/ms-python.python-2024.2.0/package.json: ENOENT: no such file or directory, open '/home/pi/.vscode-server/extensions/ms-python.python-2024.2.0/package.json'
	at Object.openSync (node:fs:605:3)
	at Object.readFileSync (node:fs:473:35)
	at Object.readFileSync (/home/pi/.vscode-server/extensions/ms-python.python-2024.2.0/out/client/extension.js:2:1867817)
	at c (/home/pi/.vscode-server/extensions/ms-python.python-2024.2.0/out/client/extension.js:2:670952)
	at p (/home/pi/.vscode-server/extensions/ms-python.python-2024.2.0/out/client/extension.js:2:671348)
	at A.refreshTestDataInternal (/home/pi/.vscode-server/extensions/ms-python.python-2024.2.0/out/client/extension.js:2:815023)
	at t.DelayedTrigger.callback (/home/pi/.vscode-server/extensions/ms-python.python-2024.2.0/out/client/extension.js:2:810548)
	at Timeout._onTimeout (/home/pi/.vscode-server/extensions/ms-python.python-2024.2.0/out/client/extension.js:2:280175)
	at listOnTimeout (node:internal/timers:569:17)
	at process.processTimers (node:internal/timers:512:7)
2024-03-21 09:32:33.597 [error] Error: /home/pi/.vscode-server/extensions/ms-python.python-2024.2.0/package.json: ENOENT: no such file or directory, open '/home/pi/.vscode-server/extensions/ms-python.python-2024.2.0/package.json'
	at Object.openSync (node:fs:605:3)
	at Object.readFileSync (node:fs:473:35)
	at Object.readFileSync (/home/pi/.vscode-server/extensions/ms-python.python-2024.2.0/out/client/extension.js:2:1867817)
	at c (/home/pi/.vscode-server/extensions/ms-python.python-2024.2.0/out/client/extension.js:2:670952)
	at p (/home/pi/.vscode-server/extensions/ms-python.python-2024.2.0/out/client/extension.js:2:671348)
	at A.refreshTestDataInternal (/home/pi/.vscode-server/extensions/ms-python.python-2024.2.0/out/client/extension.js:2:815023)
	at t.DelayedTrigger.callback (/home/pi/.vscode-server/extensions/ms-python.python-2024.2.0/out/client/extension.js:2:810548)
	at Timeout._onTimeout (/home/pi/.vscode-server/extensions/ms-python.python-2024.2.0/out/client/extension.js:2:280175)
	at listOnTimeout (node:internal/timers:569:17)
	at process.processTimers (node:internal/timers:512:7)
2024-03-21 09:34:06.086 [error] Error: /home/pi/.vscode-server/extensions/ms-python.python-2024.2.0/package.json: ENOENT: no such file or directory, open '/home/pi/.vscode-server/extensions/ms-python.python-2024.2.0/package.json'
	at Object.openSync (node:fs:605:3)
	at Object.readFileSync (node:fs:473:35)
	at Object.readFileSync (/home/pi/.vscode-server/extensions/ms-python.python-2024.2.0/out/client/extension.js:2:1867817)
	at c (/home/pi/.vscode-server/extensions/ms-python.python-2024.2.0/out/client/extension.js:2:670952)
	at p (/home/pi/.vscode-server/extensions/ms-python.python-2024.2.0/out/client/extension.js:2:671348)
	at A.refreshTestDataInternal (/home/pi/.vscode-server/extensions/ms-python.python-2024.2.0/out/client/extension.js:2:815023)
	at t.DelayedTrigger.callback (/home/pi/.vscode-server/extensions/ms-python.python-2024.2.0/out/client/extension.js:2:810548)
	at Timeout._onTimeout (/home/pi/.vscode-server/extensions/ms-python.python-2024.2.0/out/client/extension.js:2:280175)
	at listOnTimeout (node:internal/timers:569:17)
	at process.processTimers (node:internal/timers:512:7)
2024-03-21 09:40:53.315 [error] Error: /home/pi/.vscode-server/extensions/ms-python.python-2024.2.0/package.json: ENOENT: no such file or directory, open '/home/pi/.vscode-server/extensions/ms-python.python-2024.2.0/package.json'
	at Object.openSync (node:fs:605:3)
	at Object.readFileSync (node:fs:473:35)
	at Object.readFileSync (/home/pi/.vscode-server/extensions/ms-python.python-2024.2.0/out/client/extension.js:2:1867817)
	at c (/home/pi/.vscode-server/extensions/ms-python.python-2024.2.0/out/client/extension.js:2:670952)
	at p (/home/pi/.vscode-server/extensions/ms-python.python-2024.2.0/out/client/extension.js:2:671348)
	at A.refreshTestDataInternal (/home/pi/.vscode-server/extensions/ms-python.python-2024.2.0/out/client/extension.js:2:815023)
	at t.DelayedTrigger.callback (/home/pi/.vscode-server/extensions/ms-python.python-2024.2.0/out/client/extension.js:2:810548)
	at Timeout._onTimeout (/home/pi/.vscode-server/extensions/ms-python.python-2024.2.0/out/client/extension.js:2:280175)
	at listOnTimeout (node:internal/timers:569:17)
	at process.processTimers (node:internal/timers:512:7)
2024-03-21 10:09:09.442 [error] Error: /home/pi/.vscode-server/extensions/ms-python.python-2024.2.0/package.json: ENOENT: no such file or directory, open '/home/pi/.vscode-server/extensions/ms-python.python-2024.2.0/package.json'
	at Object.openSync (node:fs:605:3)
	at Object.readFileSync (node:fs:473:35)
	at Object.readFileSync (/home/pi/.vscode-server/extensions/ms-python.python-2024.2.0/out/client/extension.js:2:1867817)
	at c (/home/pi/.vscode-server/extensions/ms-python.python-2024.2.0/out/client/extension.js:2:670952)
	at p (/home/pi/.vscode-server/extensions/ms-python.python-2024.2.0/out/client/extension.js:2:671348)
	at A.refreshTestDataInternal (/home/pi/.vscode-server/extensions/ms-python.python-2024.2.0/out/client/extension.js:2:815023)
	at t.DelayedTrigger.callback (/home/pi/.vscode-server/extensions/ms-python.python-2024.2.0/out/client/extension.js:2:810548)
	at Timeout._onTimeout (/home/pi/.vscode-server/extensions/ms-python.python-2024.2.0/out/client/extension.js:2:280175)
	at listOnTimeout (node:internal/timers:569:17)
	at process.processTimers (node:internal/timers:512:7)
2024-03-21 10:23:44.774 [info] Extension host terminating: received terminate message from renderer
2024-03-21 10:23:44.776 [info] Lock '/home/pi/.vscode-server/data/User/workspaceStorage/f08e91cf02d62995d27f54e1926beb69/vscode.lock': Marking the lockfile as scheduled to be released in 6000 ms.
2024-03-21 10:23:44.911 [error] Canceled: Canceled
	at new $ (/home/pi/.vscode-server/bin/863d2581ecda6849923a2118d93a088b0745d9d6/out/vs/workbench/api/node/extensionHostProcess.js:140:45885)
	at s.U (/home/pi/.vscode-server/bin/863d2581ecda6849923a2118d93a088b0745d9d6/out/vs/workbench/api/node/extensionHostProcess.js:147:5556)
	at z.<computed>.T.charCodeAt.z.<computed> (/home/pi/.vscode-server/bin/863d2581ecda6849923a2118d93a088b0745d9d6/out/vs/workbench/api/node/extensionHostProcess.js:147:3007)
	at u.g (/home/pi/.vscode-server/bin/863d2581ecda6849923a2118d93a088b0745d9d6/out/vs/workbench/api/node/extensionHostProcess.js:150:184300)
	at u.executeCommand (/home/pi/.vscode-server/bin/863d2581ecda6849923a2118d93a088b0745d9d6/out/vs/workbench/api/node/extensionHostProcess.js:150:183738)
	at f.registerCommand.description (/home/pi/.vscode-server/bin/863d2581ecda6849923a2118d93a088b0745d9d6/out/vs/workbench/api/node/extensionHostProcess.js:150:183062)
	at u.h (/home/pi/.vscode-server/bin/863d2581ecda6849923a2118d93a088b0745d9d6/out/vs/workbench/api/node/extensionHostProcess.js:150:184839)
	at u.g (/home/pi/.vscode-server/bin/863d2581ecda6849923a2118d93a088b0745d9d6/out/vs/workbench/api/node/extensionHostProcess.js:150:183831)
	at u.executeCommand (/home/pi/.vscode-server/bin/863d2581ecda6849923a2118d93a088b0745d9d6/out/vs/workbench/api/node/extensionHostProcess.js:150:183738)
	at Object.executeCommand (/home/pi/.vscode-server/bin/863d2581ecda6849923a2118d93a088b0745d9d6/out/vs/workbench/api/node/extensionHostProcess.js:160:21654)
	at p.O [as value] (/home/pi/.vscode-server/bin/863d2581ecda6849923a2118d93a088b0745d9d6/extensions/git/dist/main.js:2:943479)
	at n.y (/home/pi/.vscode-server/bin/863d2581ecda6849923a2118d93a088b0745d9d6/out/vs/workbench/api/node/extensionHostProcess.js:80:1902)
	at n.z (/home/pi/.vscode-server/bin/863d2581ecda6849923a2118d93a088b0745d9d6/out/vs/workbench/api/node/extensionHostProcess.js:80:1972)
	at n.fire (/home/pi/.vscode-server/bin/863d2581ecda6849923a2118d93a088b0745d9d6/out/vs/workbench/api/node/extensionHostProcess.js:80:2188)
	at Object.m [as dispose] (/home/pi/.vscode-server/bin/863d2581ecda6849923a2118d93a088b0745d9d6/extensions/git/dist/main.js:2:962791)
	at /home/pi/.vscode-server/bin/863d2581ecda6849923a2118d93a088b0745d9d6/extensions/git/dist/main.js:2:968825
	at Array.forEach (<anonymous>)
	at f.dispose (/home/pi/.vscode-server/bin/863d2581ecda6849923a2118d93a088b0745d9d6/extensions/git/dist/main.js:2:968811)
	at l.<anonymous> (/home/pi/.vscode-server/bin/863d2581ecda6849923a2118d93a088b0745d9d6/out/vs/workbench/api/node/extensionHostProcess.js:148:3704)
	at l.dispose (/home/pi/.vscode-server/bin/863d2581ecda6849923a2118d93a088b0745d9d6/out/vs/workbench/api/node/extensionHostProcess.js:148:3801)
	at l.<anonymous> (/home/pi/.vscode-server/bin/863d2581ecda6849923a2118d93a088b0745d9d6/extensions/git/dist/main.js:2:945736)
	at l.dispose (/home/pi/.vscode-server/bin/863d2581ecda6849923a2118d93a088b0745d9d6/out/vs/workbench/api/node/extensionHostProcess.js:148:3801)
	at o (/home/pi/.vscode-server/bin/863d2581ecda6849923a2118d93a088b0745d9d6/out/vs/workbench/api/node/extensionHostProcess.js:30:754)
	at p.cb (/home/pi/.vscode-server/bin/863d2581ecda6849923a2118d93a088b0745d9d6/out/vs/workbench/api/node/extensionHostProcess.js:156:9882)
	at /home/pi/.vscode-server/bin/863d2581ecda6849923a2118d93a088b0745d9d6/out/vs/workbench/api/node/extensionHostProcess.js:156:7816
	at Array.map (<anonymous>)
	at p.Y (/home/pi/.vscode-server/bin/863d2581ecda6849923a2118d93a088b0745d9d6/out/vs/workbench/api/node/extensionHostProcess.js:156:7803)
	at p.terminate (/home/pi/.vscode-server/bin/863d2581ecda6849923a2118d93a088b0745d9d6/out/vs/workbench/api/node/extensionHostProcess.js:156:8076)
	at o.terminate (/home/pi/.vscode-server/bin/863d2581ecda6849923a2118d93a088b0745d9d6/out/vs/workbench/api/node/extensionHostProcess.js:160:1513)
	at t (/home/pi/.vscode-server/bin/863d2581ecda6849923a2118d93a088b0745d9d6/out/vs/workbench/api/node/extensionHostProcess.js:173:9949)
	at p.value (/home/pi/.vscode-server/bin/863d2581ecda6849923a2118d93a088b0745d9d6/out/vs/workbench/api/node/extensionHostProcess.js:173:7996)
	at n.y (/home/pi/.vscode-server/bin/863d2581ecda6849923a2118d93a088b0745d9d6/out/vs/workbench/api/node/extensionHostProcess.js:80:1902)
	at n.fire (/home/pi/.vscode-server/bin/863d2581ecda6849923a2118d93a088b0745d9d6/out/vs/workbench/api/node/extensionHostProcess.js:80:2119)
	at r.fire (/home/pi/.vscode-server/bin/863d2581ecda6849923a2118d93a088b0745d9d6/out/vs/workbench/api/node/extensionHostProcess.js:105:14091)
	at u.z (/home/pi/.vscode-server/bin/863d2581ecda6849923a2118d93a088b0745d9d6/out/vs/workbench/api/node/extensionHostProcess.js:105:17156)
	at p.value (/home/pi/.vscode-server/bin/863d2581ecda6849923a2118d93a088b0745d9d6/out/vs/workbench/api/node/extensionHostProcess.js:105:16561)
	at n.y (/home/pi/.vscode-server/bin/863d2581ecda6849923a2118d93a088b0745d9d6/out/vs/workbench/api/node/extensionHostProcess.js:80:1902)
	at n.fire (/home/pi/.vscode-server/bin/863d2581ecda6849923a2118d93a088b0745d9d6/out/vs/workbench/api/node/extensionHostProcess.js:80:2119)
	at p.acceptChunk (/home/pi/.vscode-server/bin/863d2581ecda6849923a2118d93a088b0745d9d6/out/vs/workbench/api/node/extensionHostProcess.js:105:11865)
	at p.value (/home/pi/.vscode-server/bin/863d2581ecda6849923a2118d93a088b0745d9d6/out/vs/workbench/api/node/extensionHostProcess.js:105:11152)
	at n.y (/home/pi/.vscode-server/bin/863d2581ecda6849923a2118d93a088b0745d9d6/out/vs/workbench/api/node/extensionHostProcess.js:80:1902)
	at n.fire (/home/pi/.vscode-server/bin/863d2581ecda6849923a2118d93a088b0745d9d6/out/vs/workbench/api/node/extensionHostProcess.js:80:2119)
	at n.z (/home/pi/.vscode-server/bin/863d2581ecda6849923a2118d93a088b0745d9d6/out/vs/workbench/api/node/extensionHostProcess.js:170:19748) setContext undefined
2024-03-21 10:23:44.914 [error] Canceled: Canceled
	at new $ (/home/pi/.vscode-server/bin/863d2581ecda6849923a2118d93a088b0745d9d6/out/vs/workbench/api/node/extensionHostProcess.js:140:45885)
	at s.U (/home/pi/.vscode-server/bin/863d2581ecda6849923a2118d93a088b0745d9d6/out/vs/workbench/api/node/extensionHostProcess.js:147:5556)
	at z.<computed>.T.charCodeAt.z.<computed> (/home/pi/.vscode-server/bin/863d2581ecda6849923a2118d93a088b0745d9d6/out/vs/workbench/api/node/extensionHostProcess.js:147:3007)
	at u.g (/home/pi/.vscode-server/bin/863d2581ecda6849923a2118d93a088b0745d9d6/out/vs/workbench/api/node/extensionHostProcess.js:150:184300)
	at u.executeCommand (/home/pi/.vscode-server/bin/863d2581ecda6849923a2118d93a088b0745d9d6/out/vs/workbench/api/node/extensionHostProcess.js:150:183738)
	at f.registerCommand.description (/home/pi/.vscode-server/bin/863d2581ecda6849923a2118d93a088b0745d9d6/out/vs/workbench/api/node/extensionHostProcess.js:150:183062)
	at u.h (/home/pi/.vscode-server/bin/863d2581ecda6849923a2118d93a088b0745d9d6/out/vs/workbench/api/node/extensionHostProcess.js:150:184839)
	at u.g (/home/pi/.vscode-server/bin/863d2581ecda6849923a2118d93a088b0745d9d6/out/vs/workbench/api/node/extensionHostProcess.js:150:183831)
	at u.executeCommand (/home/pi/.vscode-server/bin/863d2581ecda6849923a2118d93a088b0745d9d6/out/vs/workbench/api/node/extensionHostProcess.js:150:183738)
	at Object.executeCommand (/home/pi/.vscode-server/bin/863d2581ecda6849923a2118d93a088b0745d9d6/out/vs/workbench/api/node/extensionHostProcess.js:160:21654)
	at set hasGitHubRepositories [as hasGitHubRepositories] (/home/pi/.vscode-server/bin/863d2581ecda6849923a2118d93a088b0745d9d6/extensions/github/dist/extension.js:2:325214)
	at /home/pi/.vscode-server/bin/863d2581ecda6849923a2118d93a088b0745d9d6/extensions/github/dist/extension.js:2:326173
	at p.value (/home/pi/.vscode-server/bin/863d2581ecda6849923a2118d93a088b0745d9d6/extensions/git/dist/main.js:2:1050811)
	at n.y (/home/pi/.vscode-server/bin/863d2581ecda6849923a2118d93a088b0745d9d6/out/vs/workbench/api/node/extensionHostProcess.js:80:1902)
	at n.z (/home/pi/.vscode-server/bin/863d2581ecda6849923a2118d93a088b0745d9d6/out/vs/workbench/api/node/extensionHostProcess.js:80:1972)
	at n.fire (/home/pi/.vscode-server/bin/863d2581ecda6849923a2118d93a088b0745d9d6/out/vs/workbench/api/node/extensionHostProcess.js:80:2188)
	at Object.m [as dispose] (/home/pi/.vscode-server/bin/863d2581ecda6849923a2118d93a088b0745d9d6/extensions/git/dist/main.js:2:962791)
	at /home/pi/.vscode-server/bin/863d2581ecda6849923a2118d93a088b0745d9d6/extensions/git/dist/main.js:2:968825
	at Array.forEach (<anonymous>)
	at f.dispose (/home/pi/.vscode-server/bin/863d2581ecda6849923a2118d93a088b0745d9d6/extensions/git/dist/main.js:2:968811)
	at l.<anonymous> (/home/pi/.vscode-server/bin/863d2581ecda6849923a2118d93a088b0745d9d6/out/vs/workbench/api/node/extensionHostProcess.js:148:3704)
	at l.dispose (/home/pi/.vscode-server/bin/863d2581ecda6849923a2118d93a088b0745d9d6/out/vs/workbench/api/node/extensionHostProcess.js:148:3801)
	at l.<anonymous> (/home/pi/.vscode-server/bin/863d2581ecda6849923a2118d93a088b0745d9d6/extensions/git/dist/main.js:2:945736)
	at l.dispose (/home/pi/.vscode-server/bin/863d2581ecda6849923a2118d93a088b0745d9d6/out/vs/workbench/api/node/extensionHostProcess.js:148:3801)
	at o (/home/pi/.vscode-server/bin/863d2581ecda6849923a2118d93a088b0745d9d6/out/vs/workbench/api/node/extensionHostProcess.js:30:754)
	at p.cb (/home/pi/.vscode-server/bin/863d2581ecda6849923a2118d93a088b0745d9d6/out/vs/workbench/api/node/extensionHostProcess.js:156:9882)
	at /home/pi/.vscode-server/bin/863d2581ecda6849923a2118d93a088b0745d9d6/out/vs/workbench/api/node/extensionHostProcess.js:156:7816
	at Array.map (<anonymous>)
	at p.Y (/home/pi/.vscode-server/bin/863d2581ecda6849923a2118d93a088b0745d9d6/out/vs/workbench/api/node/extensionHostProcess.js:156:7803)
	at p.terminate (/home/pi/.vscode-server/bin/863d2581ecda6849923a2118d93a088b0745d9d6/out/vs/workbench/api/node/extensionHostProcess.js:156:8076)
	at o.terminate (/home/pi/.vscode-server/bin/863d2581ecda6849923a2118d93a088b0745d9d6/out/vs/workbench/api/node/extensionHostProcess.js:160:1513)
	at t (/home/pi/.vscode-server/bin/863d2581ecda6849923a2118d93a088b0745d9d6/out/vs/workbench/api/node/extensionHostProcess.js:173:9949)
	at p.value (/home/pi/.vscode-server/bin/863d2581ecda6849923a2118d93a088b0745d9d6/out/vs/workbench/api/node/extensionHostProcess.js:173:7996)
	at n.y (/home/pi/.vscode-server/bin/863d2581ecda6849923a2118d93a088b0745d9d6/out/vs/workbench/api/node/extensionHostProcess.js:80:1902)
	at n.fire (/home/pi/.vscode-server/bin/863d2581ecda6849923a2118d93a088b0745d9d6/out/vs/workbench/api/node/extensionHostProcess.js:80:2119)
	at r.fire (/home/pi/.vscode-server/bin/863d2581ecda6849923a2118d93a088b0745d9d6/out/vs/workbench/api/node/extensionHostProcess.js:105:14091)
	at u.z (/home/pi/.vscode-server/bin/863d2581ecda6849923a2118d93a088b0745d9d6/out/vs/workbench/api/node/extensionHostProcess.js:105:17156)
	at p.value (/home/pi/.vscode-server/bin/863d2581ecda6849923a2118d93a088b0745d9d6/out/vs/workbench/api/node/extensionHostProcess.js:105:16561)
	at n.y (/home/pi/.vscode-server/bin/863d2581ecda6849923a2118d93a088b0745d9d6/out/vs/workbench/api/node/extensionHostProcess.js:80:1902)
	at n.fire (/home/pi/.vscode-server/bin/863d2581ecda6849923a2118d93a088b0745d9d6/out/vs/workbench/api/node/extensionHostProcess.js:80:2119)
	at p.acceptChunk (/home/pi/.vscode-server/bin/863d2581ecda6849923a2118d93a088b0745d9d6/out/vs/workbench/api/node/extensionHostProcess.js:105:11865)
	at p.value (/home/pi/.vscode-server/bin/863d2581ecda6849923a2118d93a088b0745d9d6/out/vs/workbench/api/node/extensionHostProcess.js:105:11152)
	at n.y (/home/pi/.vscode-server/bin/863d2581ecda6849923a2118d93a088b0745d9d6/out/vs/workbench/api/node/extensionHostProcess.js:80:1902)
	at n.fire (/home/pi/.vscode-server/bin/863d2581ecda6849923a2118d93a088b0745d9d6/out/vs/workbench/api/node/extensionHostProcess.js:80:2119)
	at n.z (/home/pi/.vscode-server/bin/863d2581ecda6849923a2118d93a088b0745d9d6/out/vs/workbench/api/node/extensionHostProcess.js:170:19748) setContext undefined
2024-03-21 10:23:44.931 [info] Extension host with pid 1091 exiting with code 0
