2024-03-21 08:46:40.495 [info] Log level: Info
2024-03-21 08:46:40.495 [info] Validating found git in: "git"
2024-03-21 08:46:40.495 [info] Using git "2.20.1" from "git"
2024-03-21 08:46:40.495 [info] > git rev-parse --show-toplevel [33ms]
2024-03-21 08:46:40.495 [info] > git rev-parse --git-dir --git-common-dir [15ms]
2024-03-21 08:46:40.495 [info] Open repository: /home/pi/mxet300_lab
2024-03-21 08:46:40.495 [info] > git config --get commit.template [22ms]
2024-03-21 08:46:40.500 [info] > git rev-parse --show-toplevel [16ms]
2024-03-21 08:46:40.683 [info] > git rev-parse --show-toplevel [147ms]
2024-03-21 08:46:40.697 [info] > git for-each-ref --format=%(refname)%00%(upstream:short)%00%(objectname)%00%(upstream:track)%00%(upstream:remotename)%00%(upstream:remoteref) refs/heads/main refs/remotes/main [182ms]
2024-03-21 08:46:40.754 [info] > git status -z -uall [12ms]
2024-03-21 08:46:40.822 [info] > git config --get commit.template [19ms]
2024-03-21 08:46:40.844 [info] > git for-each-ref --format=%(refname)%00%(upstream:short)%00%(objectname)%00%(upstream:track)%00%(upstream:remotename)%00%(upstream:remoteref) refs/heads/main refs/remotes/main [8ms]
2024-03-21 08:46:40.870 [info] > git status -z -uall [9ms]
2024-03-21 08:46:41.243 [info] > git check-ignore -v -z --stdin [4ms]
2024-03-21 08:48:27.452 [info] > git config --get commit.template [6ms]
2024-03-21 08:48:27.470 [info] > git for-each-ref --format=%(refname)%00%(upstream:short)%00%(objectname)%00%(upstream:track)%00%(upstream:remotename)%00%(upstream:remoteref) refs/heads/main refs/remotes/main [5ms]
2024-03-21 08:48:27.500 [info] > git status -z -uall [17ms]
2024-03-21 08:48:27.501 [info] > git check-ignore -v -z --stdin [4ms]
2024-03-21 08:48:30.890 [info] > git show --textconv :basics/Lab7Template.py [22ms]
2024-03-21 08:48:30.895 [info] > git ls-files --stage -- /home/pi/mxet300_lab/basics/Lab7Template.py [11ms]
2024-03-21 08:49:44.255 [info] > git show --textconv :basics/L2_speed_control.py [25ms]
2024-03-21 08:49:44.263 [info] > git ls-files --stage -- /home/pi/mxet300_lab/basics/L2_speed_control.py [8ms]
2024-03-21 08:49:44.293 [info] > git cat-file -s 914ac06a854e4b2e7aeaa0d7bc3878fb83c266da [10ms]
2024-03-21 08:49:53.859 [info] > git show --textconv :basics/Lab7Template.py [21ms]
2024-03-21 08:49:53.863 [info] > git ls-files --stage -- /home/pi/mxet300_lab/basics/Lab7Template.py [8ms]
2024-03-21 08:50:23.218 [info] > git show --textconv :basics/L2_speed_control.py [21ms]
2024-03-21 08:50:23.222 [info] > git ls-files --stage -- /home/pi/mxet300_lab/basics/L2_speed_control.py [6ms]
2024-03-21 08:50:23.245 [info] > git cat-file -s 914ac06a854e4b2e7aeaa0d7bc3878fb83c266da [6ms]
2024-03-21 08:51:17.351 [info] > git config --get commit.template [51ms]
2024-03-21 08:51:17.352 [info] > git for-each-ref --format=%(refname)%00%(upstream:short)%00%(objectname)%00%(upstream:track)%00%(upstream:remotename)%00%(upstream:remoteref) refs/heads/main refs/remotes/main [12ms]
2024-03-21 08:51:17.385 [info] > git status -z -uall [6ms]
2024-03-21 08:51:51.065 [info] > git config --get commit.template [49ms]
2024-03-21 08:51:51.067 [info] > git for-each-ref --format=%(refname)%00%(upstream:short)%00%(objectname)%00%(upstream:track)%00%(upstream:remotename)%00%(upstream:remoteref) refs/heads/main refs/remotes/main [9ms]
2024-03-21 08:51:51.091 [info] > git status -z -uall [6ms]
2024-03-21 08:51:56.139 [info] > git config --get commit.template [21ms]
2024-03-21 08:51:56.142 [info] > git for-each-ref --format=%(refname)%00%(upstream:short)%00%(objectname)%00%(upstream:track)%00%(upstream:remotename)%00%(upstream:remoteref) refs/heads/main refs/remotes/main [6ms]
2024-03-21 08:51:56.169 [info] > git status -z -uall [7ms]
2024-03-21 08:52:02.127 [info] > git config --get commit.template [21ms]
2024-03-21 08:52:02.129 [info] > git for-each-ref --format=%(refname)%00%(upstream:short)%00%(objectname)%00%(upstream:track)%00%(upstream:remotename)%00%(upstream:remoteref) refs/heads/main refs/remotes/main [5ms]
2024-03-21 08:52:02.177 [info] > git status -z -uall [11ms]
2024-03-21 08:53:55.604 [info] > git config --get commit.template [32ms]
2024-03-21 08:53:55.607 [info] > git for-each-ref --format=%(refname)%00%(upstream:short)%00%(objectname)%00%(upstream:track)%00%(upstream:remotename)%00%(upstream:remoteref) refs/heads/main refs/remotes/main [7ms]
2024-03-21 08:53:55.642 [info] > git status -z -uall [9ms]
2024-03-21 08:54:00.725 [info] > git config --get commit.template [35ms]
2024-03-21 08:54:00.729 [info] > git for-each-ref --format=%(refname)%00%(upstream:short)%00%(objectname)%00%(upstream:track)%00%(upstream:remotename)%00%(upstream:remoteref) refs/heads/main refs/remotes/main [9ms]
2024-03-21 08:54:00.775 [info] > git status -z -uall [10ms]
2024-03-21 08:55:21.861 [info] > git config --get commit.template [28ms]
2024-03-21 08:55:21.865 [info] > git for-each-ref --format=%(refname)%00%(upstream:short)%00%(objectname)%00%(upstream:track)%00%(upstream:remotename)%00%(upstream:remoteref) refs/heads/main refs/remotes/main [7ms]
2024-03-21 08:55:21.914 [info] > git status -z -uall [24ms]
2024-03-21 08:55:21.922 [info] > git check-ignore -v -z --stdin [10ms]
2024-03-21 08:55:24.981 [info] > git check-ignore -v -z --stdin [8ms]
2024-03-21 08:55:50.334 [info] > git check-ignore -v -z --stdin [6ms]
2024-03-21 09:05:35.439 [info] > git config --get commit.template [37ms]
2024-03-21 09:05:35.443 [info] > git for-each-ref --format=%(refname)%00%(upstream:short)%00%(objectname)%00%(upstream:track)%00%(upstream:remotename)%00%(upstream:remoteref) refs/heads/main refs/remotes/main [8ms]
2024-03-21 09:05:35.484 [info] > git status -z -uall [9ms]
2024-03-21 09:08:26.178 [info] > git show --textconv :basics/Lab7Template.py [20ms]
2024-03-21 09:08:26.182 [info] > git ls-files --stage -- /home/pi/mxet300_lab/basics/Lab7Template.py [6ms]
2024-03-21 09:08:55.205 [info] > git show --textconv :basics/L2_speed_control.py [20ms]
2024-03-21 09:08:55.208 [info] > git ls-files --stage -- /home/pi/mxet300_lab/basics/L2_speed_control.py [5ms]
2024-03-21 09:08:55.230 [info] > git cat-file -s 914ac06a854e4b2e7aeaa0d7bc3878fb83c266da [5ms]
2024-03-21 09:09:07.988 [info] > git config --get commit.template [51ms]
2024-03-21 09:09:07.989 [info] > git for-each-ref --format=%(refname)%00%(upstream:short)%00%(objectname)%00%(upstream:track)%00%(upstream:remotename)%00%(upstream:remoteref) refs/heads/main refs/remotes/main [5ms]
2024-03-21 09:09:08.014 [info] > git status -z -uall [6ms]
2024-03-21 09:09:25.468 [info] > git config --get commit.template [5ms]
2024-03-21 09:09:25.494 [info] > git for-each-ref --format=%(refname)%00%(upstream:short)%00%(objectname)%00%(upstream:track)%00%(upstream:remotename)%00%(upstream:remoteref) refs/heads/main refs/remotes/main [6ms]
2024-03-21 09:09:25.545 [info] > git status -z -uall [12ms]
2024-03-21 09:11:50.184 [info] > git show --textconv :basics/Lab7Template.py [48ms]
2024-03-21 09:11:50.190 [info] > git ls-files --stage -- /home/pi/mxet300_lab/basics/Lab7Template.py [14ms]
2024-03-21 09:20:06.346 [info] > git show --textconv :basics/L2_speed_control.py [43ms]
2024-03-21 09:20:06.354 [info] > git ls-files --stage -- /home/pi/mxet300_lab/basics/L2_speed_control.py [13ms]
2024-03-21 09:20:06.388 [info] > git cat-file -s 914ac06a854e4b2e7aeaa0d7bc3878fb83c266da [6ms]
2024-03-21 09:21:33.304 [info] > git config --get commit.template [42ms]
2024-03-21 09:21:33.308 [info] > git for-each-ref --format=%(refname)%00%(upstream:short)%00%(objectname)%00%(upstream:track)%00%(upstream:remotename)%00%(upstream:remoteref) refs/heads/main refs/remotes/main [10ms]
2024-03-21 09:21:33.344 [info] > git status -z -uall [5ms]
2024-03-21 09:21:39.422 [info] > git config --get commit.template [4ms]
2024-03-21 09:21:39.445 [info] > git for-each-ref --format=%(refname)%00%(upstream:short)%00%(objectname)%00%(upstream:track)%00%(upstream:remotename)%00%(upstream:remoteref) refs/heads/main refs/remotes/main [5ms]
2024-03-21 09:21:39.470 [info] > git status -z -uall [6ms]
2024-03-21 09:21:44.541 [info] > git config --get commit.template [31ms]
2024-03-21 09:21:44.545 [info] > git for-each-ref --format=%(refname)%00%(upstream:short)%00%(objectname)%00%(upstream:track)%00%(upstream:remotename)%00%(upstream:remoteref) refs/heads/main refs/remotes/main [7ms]
2024-03-21 09:21:44.584 [info] > git status -z -uall [9ms]
2024-03-21 09:26:22.341 [info] > git config --get commit.template [41ms]
2024-03-21 09:26:22.345 [info] > git for-each-ref --format=%(refname)%00%(upstream:short)%00%(objectname)%00%(upstream:track)%00%(upstream:remotename)%00%(upstream:remoteref) refs/heads/main refs/remotes/main [9ms]
2024-03-21 09:26:22.387 [info] > git status -z -uall [5ms]
2024-03-21 09:26:33.466 [info] > git config --get commit.template [38ms]
2024-03-21 09:26:33.470 [info] > git for-each-ref --format=%(refname)%00%(upstream:short)%00%(objectname)%00%(upstream:track)%00%(upstream:remotename)%00%(upstream:remoteref) refs/heads/main refs/remotes/main [9ms]
2024-03-21 09:26:33.513 [info] > git status -z -uall [10ms]
2024-03-21 09:26:49.460 [info] > git config --get commit.template [22ms]
2024-03-21 09:26:49.465 [info] > git for-each-ref --format=%(refname)%00%(upstream:short)%00%(objectname)%00%(upstream:track)%00%(upstream:remotename)%00%(upstream:remoteref) refs/heads/main refs/remotes/main [6ms]
2024-03-21 09:26:49.494 [info] > git status -z -uall [5ms]
2024-03-21 09:29:26.651 [info] > git config --get commit.template [38ms]
2024-03-21 09:29:26.655 [info] > git for-each-ref --format=%(refname)%00%(upstream:short)%00%(objectname)%00%(upstream:track)%00%(upstream:remotename)%00%(upstream:remoteref) refs/heads/main refs/remotes/main [7ms]
2024-03-21 09:29:26.693 [info] > git status -z -uall [8ms]
2024-03-21 09:29:31.995 [info] > git config --get commit.template [27ms]
2024-03-21 09:29:31.997 [info] > git for-each-ref --format=%(refname)%00%(upstream:short)%00%(objectname)%00%(upstream:track)%00%(upstream:remotename)%00%(upstream:remoteref) refs/heads/main refs/remotes/main [5ms]
2024-03-21 09:29:32.025 [info] > git status -z -uall [6ms]
2024-03-21 09:32:33.489 [info] > git config --get commit.template [37ms]
2024-03-21 09:32:33.494 [info] > git for-each-ref --format=%(refname)%00%(upstream:short)%00%(objectname)%00%(upstream:track)%00%(upstream:remotename)%00%(upstream:remoteref) refs/heads/main refs/remotes/main [8ms]
2024-03-21 09:32:33.533 [info] > git status -z -uall [8ms]
2024-03-21 09:32:43.566 [info] > git config --get commit.template [37ms]
2024-03-21 09:32:43.570 [info] > git for-each-ref --format=%(refname)%00%(upstream:short)%00%(objectname)%00%(upstream:track)%00%(upstream:remotename)%00%(upstream:remoteref) refs/heads/main refs/remotes/main [7ms]
2024-03-21 09:32:43.607 [info] > git status -z -uall [8ms]
2024-03-21 09:34:05.956 [info] > git config --get commit.template [50ms]
2024-03-21 09:34:05.959 [info] > git for-each-ref --format=%(refname)%00%(upstream:short)%00%(objectname)%00%(upstream:track)%00%(upstream:remotename)%00%(upstream:remoteref) refs/heads/main refs/remotes/main [5ms]
2024-03-21 09:34:05.985 [info] > git status -z -uall [6ms]
2024-03-21 09:35:29.746 [info] > git config --get commit.template [43ms]
2024-03-21 09:35:29.751 [info] > git for-each-ref --format=%(refname)%00%(upstream:short)%00%(objectname)%00%(upstream:track)%00%(upstream:remotename)%00%(upstream:remoteref) refs/heads/main refs/remotes/main [10ms]
2024-03-21 09:35:29.784 [info] > git status -z -uall [5ms]
2024-03-21 09:40:53.158 [info] > git config --get commit.template [35ms]
2024-03-21 09:40:53.162 [info] > git for-each-ref --format=%(refname)%00%(upstream:short)%00%(objectname)%00%(upstream:track)%00%(upstream:remotename)%00%(upstream:remoteref) refs/heads/main refs/remotes/main [8ms]
2024-03-21 09:40:53.200 [info] > git status -z -uall [9ms]
2024-03-21 09:40:59.410 [info] > git config --get commit.template [53ms]
2024-03-21 09:40:59.420 [info] > git for-each-ref --format=%(refname)%00%(upstream:short)%00%(objectname)%00%(upstream:track)%00%(upstream:remotename)%00%(upstream:remoteref) refs/heads/main refs/remotes/main [15ms]
2024-03-21 09:40:59.460 [info] > git status -z -uall [5ms]
2024-03-21 10:09:09.281 [info] > git config --get commit.template [37ms]
2024-03-21 10:09:09.285 [info] > git for-each-ref --format=%(refname)%00%(upstream:short)%00%(objectname)%00%(upstream:track)%00%(upstream:remotename)%00%(upstream:remoteref) refs/heads/main refs/remotes/main [7ms]
2024-03-21 10:09:09.320 [info] > git status -z -uall [7ms]
2024-03-21 10:09:14.377 [info] > git config --get commit.template [10ms]
2024-03-21 10:09:14.416 [info] > git for-each-ref --format=%(refname)%00%(upstream:short)%00%(objectname)%00%(upstream:track)%00%(upstream:remotename)%00%(upstream:remoteref) refs/heads/main refs/remotes/main [9ms]
2024-03-21 10:09:14.454 [info] > git status -z -uall [9ms]
2024-03-21 10:23:41.780 [info] > git config --get commit.template [36ms]
2024-03-21 10:23:41.824 [info] > git for-each-ref --format=%(refname)%00%(upstream:short)%00%(objectname)%00%(upstream:track)%00%(upstream:remotename)%00%(upstream:remoteref) refs/heads/main refs/remotes/main [47ms]
2024-03-21 10:23:41.826 [info] > git ls-files --stage -- /home/pi/mxet300_lab/basics/L2_speed_control.py [10ms]
2024-03-21 10:23:41.869 [info] > git cat-file -s 9f2ddd02cc20f9bf2613d33372a15736bc398300 [23ms]
2024-03-21 10:23:41.873 [info] > git status -z -uall [6ms]
2024-03-21 10:23:41.931 [info] > git show --textconv :basics/L2_speed_control.py [4ms]
