2024-04-18 11:26:22.593 [info] Extension host with pid 1364 started
2024-04-18 11:26:22.708 [info] ExtensionService#_doActivateExtension vscode.git-base, startup: true, activationEvent: '*', root cause: vscode.git
2024-04-18 11:26:22.774 [info] ExtensionService#_doActivateExtension vscode.git, startup: true, activationEvent: '*'
2024-04-18 11:26:22.776 [info] ExtensionService#_doActivateExtension vscode.github, startup: true, activationEvent: '*'
2024-04-18 11:26:23.695 [info] Eager extensions activated
2024-04-18 11:26:23.696 [info] ExtensionService#_doActivateExtension vscode.debug-auto-launch, startup: false, activationEvent: 'onStartupFinished'
2024-04-18 11:26:23.698 [info] ExtensionService#_doActivateExtension vscode.merge-conflict, startup: false, activationEvent: 'onStartupFinished'
2024-04-18 11:26:24.828 [info] ExtensionService#_doActivateExtension vscode.json-language-features, startup: false, activationEvent: 'onLanguage:jsonc'
2024-04-18 11:26:24.830 [info] ExtensionService#_doActivateExtension vscode.typescript-language-features, startup: false, activationEvent: 'onLanguage:jsonc'
2024-04-18 11:26:24.832 [info] ExtensionService#_doActivateExtension vscode.emmet, startup: false, activationEvent: 'onLanguage'
2024-04-18 11:26:36.362 [error] Error: getaddrinfo EAI_AGAIN mobile.events.data.microsoft.com
	at GetAddrInfoReqWrap.onlookup [as oncomplete] (node:dns:108:26)
2024-04-18 11:26:47.924 [error] Error: getaddrinfo EAI_AGAIN mobile.events.data.microsoft.com
	at GetAddrInfoReqWrap.onlookup [as oncomplete] (node:dns:108:26)
2024-04-18 11:26:49.906 [error] Error: getaddrinfo EAI_AGAIN mobile.events.data.microsoft.com
	at GetAddrInfoReqWrap.onlookup [as oncomplete] (node:dns:108:26)
2024-04-18 11:27:00.790 [error] Error: getaddrinfo EAI_AGAIN mobile.events.data.microsoft.com
	at GetAddrInfoReqWrap.onlookup [as oncomplete] (node:dns:108:26)
2024-04-18 11:31:46.991 [info] Extension host terminating: renderer disconnected for too long (2)
2024-04-18 11:31:47.458 [info] Extension host with pid 1364 exiting with code 0
