2024-04-11 08:41:45.163 [info] Log level: Info
2024-04-11 08:41:45.163 [info] Validating found git in: "git"
2024-04-11 08:41:45.163 [info] Using git "2.20.1" from "git"
2024-04-11 08:41:45.163 [info] > git rev-parse --show-toplevel [16ms]
2024-04-11 08:41:45.163 [info] > git rev-parse --git-dir --git-common-dir [115ms]
2024-04-11 08:41:45.163 [info] Open repository: /home/pi/mxet300_lab
2024-04-11 08:41:45.163 [info] > git config --get commit.template [46ms]
2024-04-11 08:41:45.164 [info] > git rev-parse --show-toplevel [99ms]
2024-04-11 08:41:45.164 [info] > git rev-parse --show-toplevel [25ms]
2024-04-11 08:41:45.164 [info] > git for-each-ref --format=%(refname)%00%(upstream:short)%00%(objectname)%00%(upstream:track)%00%(upstream:remotename)%00%(upstream:remoteref) refs/heads/main refs/remotes/main [49ms]
2024-04-11 08:41:45.164 [info] > git rev-parse --show-toplevel [7ms]
2024-04-11 08:41:45.164 [info] > git rev-parse --show-toplevel [53ms]
2024-04-11 08:41:45.164 [info] > git status -z -uall [24ms]
2024-04-11 08:41:45.164 [info] > git config --get commit.template [18ms]
2024-04-11 08:41:45.164 [info] > git for-each-ref --format=%(refname)%00%(upstream:short)%00%(objectname)%00%(upstream:track)%00%(upstream:remotename)%00%(upstream:remoteref) refs/heads/main refs/remotes/main [160ms]
2024-04-11 08:41:45.164 [info] > git status -z -uall [8ms]
2024-04-11 08:41:45.718 [info] > git show --textconv :basics/Final.py [50ms]
2024-04-11 08:41:45.719 [info] > git check-ignore -v -z --stdin [7ms]
2024-04-11 08:41:45.724 [info] > git ls-files --stage -- /home/pi/mxet300_lab/basics/Final.py [35ms]
2024-04-11 08:43:03.558 [info] > git config --get commit.template [30ms]
2024-04-11 08:43:03.559 [info] > git for-each-ref --format=%(refname)%00%(upstream:short)%00%(objectname)%00%(upstream:track)%00%(upstream:remotename)%00%(upstream:remoteref) refs/heads/main refs/remotes/main [7ms]
2024-04-11 08:43:03.587 [info] > git status -z -uall [6ms]
2024-04-11 08:43:07.563 [info] > git check-ignore -v -z --stdin [5ms]
2024-04-11 08:43:08.164 [info] > git check-ignore -v -z --stdin [3ms]
2024-04-11 08:43:37.323 [info] > git show --textconv :basics/nodeRedShape.py [24ms]
2024-04-11 08:43:37.327 [info] > git ls-files --stage -- /home/pi/mxet300_lab/basics/nodeRedShape.py [7ms]
2024-04-11 08:48:14.017 [info] > git show --textconv :basics/L2_speed_control.py [35ms]
2024-04-11 08:48:14.022 [info] > git ls-files --stage -- /home/pi/mxet300_lab/basics/L2_speed_control.py [8ms]
2024-04-11 08:48:14.050 [info] > git cat-file -s 01381b734d2b8a8b9e9909c48a13969e37ac588f [8ms]
2024-04-11 08:48:16.299 [info] > git show --textconv :basics/nodeRedShape.py [22ms]
2024-04-11 08:48:16.302 [info] > git ls-files --stage -- /home/pi/mxet300_lab/basics/nodeRedShape.py [6ms]
2024-04-11 08:48:17.054 [info] > git show --textconv :basics/L3_color_tracking.py [33ms]
2024-04-11 08:48:17.084 [info] > git ls-files --stage -- /home/pi/mxet300_lab/basics/L3_color_tracking.py [33ms]
2024-04-11 08:48:17.122 [info] > git cat-file -s da81339861f32806910d145667f2730ec298a76e [9ms]
2024-04-11 08:48:18.145 [info] > git show --textconv :basics/nodeRedShape.py [23ms]
2024-04-11 08:48:18.148 [info] > git ls-files --stage -- /home/pi/mxet300_lab/basics/nodeRedShape.py [5ms]
2024-04-11 08:59:33.839 [info] > git show --textconv :basics/Final.py [21ms]
2024-04-11 08:59:33.842 [info] > git ls-files --stage -- /home/pi/mxet300_lab/basics/Final.py [6ms]
2024-04-11 09:00:03.803 [info] > git show --textconv :basics/nodeRedShape.py [46ms]
2024-04-11 09:00:03.809 [info] > git ls-files --stage -- /home/pi/mxet300_lab/basics/nodeRedShape.py [11ms]
2024-04-11 09:00:36.139 [info] > git show --textconv :basics/Final.py [44ms]
2024-04-11 09:00:36.143 [info] > git ls-files --stage -- /home/pi/mxet300_lab/basics/Final.py [13ms]
2024-04-11 09:06:37.837 [info] > git config --get commit.template [48ms]
2024-04-11 09:06:37.845 [info] > git for-each-ref --format=%(refname)%00%(upstream:short)%00%(objectname)%00%(upstream:track)%00%(upstream:remotename)%00%(upstream:remoteref) refs/heads/main refs/remotes/main [16ms]
2024-04-11 09:06:37.900 [info] > git status -z -uall [4ms]
2024-04-11 09:06:40.221 [info] > git check-ignore -v -z --stdin [4ms]
2024-04-11 09:06:41.505 [info] > git show --textconv :basics/shapeMotions.py [44ms]
2024-04-11 09:06:41.509 [info] > git ls-files --stage -- /home/pi/mxet300_lab/basics/shapeMotions.py [7ms]
2024-04-11 09:06:42.925 [info] > git show --textconv :basics/Final.py [47ms]
2024-04-11 09:06:42.926 [info] > git ls-files --stage -- /home/pi/mxet300_lab/basics/Final.py [4ms]
2024-04-11 09:06:58.183 [info] > git show --textconv :basics/shapeMotions.py [44ms]
2024-04-11 09:06:58.184 [info] > git ls-files --stage -- /home/pi/mxet300_lab/basics/shapeMotions.py [4ms]
2024-04-11 09:07:03.474 [info] > git show --textconv :basics/Final.py [43ms]
2024-04-11 09:07:03.480 [info] > git ls-files --stage -- /home/pi/mxet300_lab/basics/Final.py [11ms]
2024-04-11 09:07:11.113 [info] > git show --textconv :basics/shapeMotions.py [43ms]
2024-04-11 09:07:11.118 [info] > git ls-files --stage -- /home/pi/mxet300_lab/basics/shapeMotions.py [9ms]
2024-04-11 09:07:15.622 [info] > git show --textconv :basics/Final.py [42ms]
2024-04-11 09:07:15.628 [info] > git ls-files --stage -- /home/pi/mxet300_lab/basics/Final.py [9ms]
2024-04-11 09:08:59.156 [info] > git show --textconv :basics/shapeMotions.py [38ms]
2024-04-11 09:08:59.161 [info] > git ls-files --stage -- /home/pi/mxet300_lab/basics/shapeMotions.py [9ms]
2024-04-11 09:09:00.748 [info] > git show --textconv :basics/Final.py [22ms]
2024-04-11 09:09:00.751 [info] > git ls-files --stage -- /home/pi/mxet300_lab/basics/Final.py [5ms]
2024-04-11 09:09:24.932 [info] > git show --textconv :basics/shapeMotions.py [47ms]
2024-04-11 09:09:24.938 [info] > git ls-files --stage -- /home/pi/mxet300_lab/basics/shapeMotions.py [11ms]
2024-04-11 09:09:26.878 [info] > git show --textconv :basics/Final.py [38ms]
2024-04-11 09:09:26.883 [info] > git ls-files --stage -- /home/pi/mxet300_lab/basics/Final.py [9ms]
2024-04-11 09:10:05.613 [info] > git show --textconv :basics/shapeMotions.py [23ms]
2024-04-11 09:10:05.616 [info] > git ls-files --stage -- /home/pi/mxet300_lab/basics/shapeMotions.py [6ms]
2024-04-11 09:10:13.952 [info] > git show --textconv :basics/Final.py [39ms]
2024-04-11 09:10:13.956 [info] > git ls-files --stage -- /home/pi/mxet300_lab/basics/Final.py [8ms]
2024-04-11 09:10:16.917 [info] > git show --textconv :basics/shapeMotions.py [34ms]
2024-04-11 09:10:16.921 [info] > git ls-files --stage -- /home/pi/mxet300_lab/basics/shapeMotions.py [9ms]
2024-04-11 09:10:20.575 [info] > git show --textconv :basics/Final.py [47ms]
2024-04-11 09:10:20.576 [info] > git ls-files --stage -- /home/pi/mxet300_lab/basics/Final.py [10ms]
2024-04-11 09:10:23.188 [info] > git show --textconv :basics/shapeMotions.py [39ms]
2024-04-11 09:10:23.192 [info] > git ls-files --stage -- /home/pi/mxet300_lab/basics/shapeMotions.py [7ms]
2024-04-11 09:10:26.169 [info] > git show --textconv :basics/Final.py [47ms]
2024-04-11 09:10:26.172 [info] > git ls-files --stage -- /home/pi/mxet300_lab/basics/Final.py [8ms]
2024-04-11 09:10:29.523 [info] > git show --textconv :basics/shapeMotions.py [22ms]
2024-04-11 09:10:29.526 [info] > git ls-files --stage -- /home/pi/mxet300_lab/basics/shapeMotions.py [5ms]
2024-04-11 09:10:33.158 [info] > git show --textconv :basics/Final.py [48ms]
2024-04-11 09:10:33.161 [info] > git ls-files --stage -- /home/pi/mxet300_lab/basics/Final.py [8ms]
2024-04-11 09:10:44.129 [info] > git show --textconv :basics/shapeMotions.py [37ms]
2024-04-11 09:10:44.133 [info] > git ls-files --stage -- /home/pi/mxet300_lab/basics/shapeMotions.py [8ms]
2024-04-11 09:11:30.628 [info] > git show --textconv :basics/Final.py [37ms]
2024-04-11 09:11:30.634 [info] > git ls-files --stage -- /home/pi/mxet300_lab/basics/Final.py [9ms]
2024-04-11 09:11:47.832 [info] > git show --textconv :basics/shapeMotions.py [44ms]
2024-04-11 09:11:47.839 [info] > git ls-files --stage -- /home/pi/mxet300_lab/basics/shapeMotions.py [11ms]
2024-04-11 09:11:52.609 [info] > git show --textconv :basics/Final.py [43ms]
2024-04-11 09:11:52.613 [info] > git ls-files --stage -- /home/pi/mxet300_lab/basics/Final.py [8ms]
2024-04-11 09:11:56.279 [info] > git show --textconv :basics/shapeMotions.py [44ms]
2024-04-11 09:11:56.284 [info] > git ls-files --stage -- /home/pi/mxet300_lab/basics/shapeMotions.py [10ms]
2024-04-11 09:12:03.948 [info] > git config --get commit.template [51ms]
2024-04-11 09:12:03.950 [info] > git for-each-ref --format=%(refname)%00%(upstream:short)%00%(objectname)%00%(upstream:track)%00%(upstream:remotename)%00%(upstream:remoteref) refs/heads/main refs/remotes/main [10ms]
2024-04-11 09:12:03.976 [info] > git status -z -uall [5ms]
2024-04-11 09:12:04.269 [info] > git show --textconv :basics/Final.py [22ms]
2024-04-11 09:12:04.272 [info] > git ls-files --stage -- /home/pi/mxet300_lab/basics/Final.py [5ms]
2024-04-11 09:12:09.070 [info] > git config --get commit.template [38ms]
2024-04-11 09:12:09.072 [info] > git for-each-ref --format=%(refname)%00%(upstream:short)%00%(objectname)%00%(upstream:track)%00%(upstream:remotename)%00%(upstream:remoteref) refs/heads/main refs/remotes/main [7ms]
2024-04-11 09:12:09.108 [info] > git status -z -uall [9ms]
2024-04-11 09:12:23.543 [info] > git config --get commit.template [22ms]
2024-04-11 09:12:23.545 [info] > git for-each-ref --format=%(refname)%00%(upstream:short)%00%(objectname)%00%(upstream:track)%00%(upstream:remotename)%00%(upstream:remoteref) refs/heads/main refs/remotes/main [5ms]
2024-04-11 09:12:23.571 [info] > git status -z -uall [6ms]
2024-04-11 09:12:38.203 [info] > git config --get commit.template [37ms]
2024-04-11 09:12:38.207 [info] > git for-each-ref --format=%(refname)%00%(upstream:short)%00%(objectname)%00%(upstream:track)%00%(upstream:remotename)%00%(upstream:remoteref) refs/heads/main refs/remotes/main [8ms]
2024-04-11 09:12:38.245 [info] > git status -z -uall [5ms]
2024-04-11 09:13:01.133 [info] > git show --textconv :basics/shapeMotions.py [38ms]
2024-04-11 09:13:01.137 [info] > git ls-files --stage -- /home/pi/mxet300_lab/basics/shapeMotions.py [9ms]
2024-04-11 09:13:08.557 [info] > git config --get commit.template [9ms]
2024-04-11 09:13:08.597 [info] > git for-each-ref --format=%(refname)%00%(upstream:short)%00%(objectname)%00%(upstream:track)%00%(upstream:remotename)%00%(upstream:remoteref) refs/heads/main refs/remotes/main [6ms]
2024-04-11 09:13:08.623 [info] > git status -z -uall [5ms]
2024-04-11 09:13:08.760 [info] > git show --textconv :basics/Final.py [31ms]
2024-04-11 09:13:08.760 [info] > git ls-files --stage -- /home/pi/mxet300_lab/basics/Final.py [11ms]
2024-04-11 09:13:13.674 [info] > git config --get commit.template [23ms]
2024-04-11 09:13:13.676 [info] > git for-each-ref --format=%(refname)%00%(upstream:short)%00%(objectname)%00%(upstream:track)%00%(upstream:remotename)%00%(upstream:remoteref) refs/heads/main refs/remotes/main [5ms]
2024-04-11 09:13:13.702 [info] > git status -z -uall [6ms]
2024-04-11 09:16:51.680 [info] > git config --get commit.template [49ms]
2024-04-11 09:16:51.683 [info] > git for-each-ref --format=%(refname)%00%(upstream:short)%00%(objectname)%00%(upstream:track)%00%(upstream:remotename)%00%(upstream:remoteref) refs/heads/main refs/remotes/main [12ms]
2024-04-11 09:16:51.717 [info] > git status -z -uall [6ms]
2024-04-11 09:17:19.841 [info] > git config --get commit.template [38ms]
2024-04-11 09:17:19.843 [info] > git for-each-ref --format=%(refname)%00%(upstream:short)%00%(objectname)%00%(upstream:track)%00%(upstream:remotename)%00%(upstream:remoteref) refs/heads/main refs/remotes/main [9ms]
2024-04-11 09:17:19.887 [info] > git status -z -uall [8ms]
2024-04-11 09:18:08.581 [info] > git show --textconv :basics/shapeMotions.py [49ms]
2024-04-11 09:18:08.588 [info] > git ls-files --stage -- /home/pi/mxet300_lab/basics/shapeMotions.py [12ms]
2024-04-11 09:18:23.265 [info] > git config --get commit.template [37ms]
2024-04-11 09:18:23.268 [info] > git for-each-ref --format=%(refname)%00%(upstream:short)%00%(objectname)%00%(upstream:track)%00%(upstream:remotename)%00%(upstream:remoteref) refs/heads/main refs/remotes/main [7ms]
2024-04-11 09:18:23.307 [info] > git status -z -uall [8ms]
2024-04-11 09:18:23.894 [info] > git show --textconv :basics/Final.py [48ms]
2024-04-11 09:18:23.895 [info] > git ls-files --stage -- /home/pi/mxet300_lab/basics/Final.py [11ms]
2024-04-11 09:19:13.559 [info] > git config --get commit.template [43ms]
2024-04-11 09:19:13.565 [info] > git for-each-ref --format=%(refname)%00%(upstream:short)%00%(objectname)%00%(upstream:track)%00%(upstream:remotename)%00%(upstream:remoteref) refs/heads/main refs/remotes/main [10ms]
2024-04-11 09:19:13.601 [info] > git status -z -uall [5ms]
2024-04-11 09:19:19.690 [info] > git config --get commit.template [39ms]
2024-04-11 09:19:19.693 [info] > git for-each-ref --format=%(refname)%00%(upstream:short)%00%(objectname)%00%(upstream:track)%00%(upstream:remotename)%00%(upstream:remoteref) refs/heads/main refs/remotes/main [7ms]
2024-04-11 09:19:19.728 [info] > git status -z -uall [8ms]
2024-04-11 09:19:56.662 [info] > git show --textconv :basics/shapeMotions.py [35ms]
2024-04-11 09:19:56.663 [info] > git ls-files --stage -- /home/pi/mxet300_lab/basics/shapeMotions.py [7ms]
2024-04-11 09:20:01.629 [info] > git config --get commit.template [45ms]
2024-04-11 09:20:01.635 [info] > git for-each-ref --format=%(refname)%00%(upstream:short)%00%(objectname)%00%(upstream:track)%00%(upstream:remotename)%00%(upstream:remoteref) refs/heads/main refs/remotes/main [10ms]
2024-04-11 09:20:01.738 [info] > git status -z -uall [66ms]
2024-04-11 09:20:01.738 [info] > git show --textconv :basics/Final.py [33ms]
2024-04-11 09:20:01.740 [info] > git ls-files --stage -- /home/pi/mxet300_lab/basics/Final.py [9ms]
2024-04-11 09:20:06.831 [info] > git config --get commit.template [40ms]
2024-04-11 09:20:06.836 [info] > git for-each-ref --format=%(refname)%00%(upstream:short)%00%(objectname)%00%(upstream:track)%00%(upstream:remotename)%00%(upstream:remoteref) refs/heads/main refs/remotes/main [8ms]
2024-04-11 09:20:06.871 [info] > git status -z -uall [6ms]
2024-04-11 09:20:15.457 [info] > git show --textconv :basics/shapeMotions.py [32ms]
2024-04-11 09:20:15.460 [info] > git ls-files --stage -- /home/pi/mxet300_lab/basics/shapeMotions.py [7ms]
2024-04-11 09:20:20.197 [info] > git config --get commit.template [37ms]
2024-04-11 09:20:20.201 [info] > git for-each-ref --format=%(refname)%00%(upstream:short)%00%(objectname)%00%(upstream:track)%00%(upstream:remotename)%00%(upstream:remoteref) refs/heads/main refs/remotes/main [8ms]
2024-04-11 09:20:20.240 [info] > git status -z -uall [9ms]
2024-04-11 09:20:20.542 [info] > git show --textconv :basics/Final.py [23ms]
2024-04-11 09:20:20.545 [info] > git ls-files --stage -- /home/pi/mxet300_lab/basics/Final.py [5ms]
2024-04-11 09:20:25.332 [info] > git config --get commit.template [42ms]
2024-04-11 09:20:25.336 [info] > git for-each-ref --format=%(refname)%00%(upstream:short)%00%(objectname)%00%(upstream:track)%00%(upstream:remotename)%00%(upstream:remoteref) refs/heads/main refs/remotes/main [7ms]
2024-04-11 09:20:25.372 [info] > git status -z -uall [8ms]
2024-04-11 09:20:34.941 [info] > git show --textconv :basics/shapeMotions.py [44ms]
2024-04-11 09:20:34.948 [info] > git ls-files --stage -- /home/pi/mxet300_lab/basics/shapeMotions.py [11ms]
2024-04-11 09:20:37.926 [info] > git config --get commit.template [23ms]
2024-04-11 09:20:37.929 [info] > git for-each-ref --format=%(refname)%00%(upstream:short)%00%(objectname)%00%(upstream:track)%00%(upstream:remotename)%00%(upstream:remoteref) refs/heads/main refs/remotes/main [6ms]
2024-04-11 09:20:37.958 [info] > git status -z -uall [6ms]
2024-04-11 09:20:38.093 [info] > git show --textconv :basics/Final.py [32ms]
2024-04-11 09:20:38.094 [info] > git ls-files --stage -- /home/pi/mxet300_lab/basics/Final.py [11ms]
2024-04-11 09:20:43.029 [info] > git config --get commit.template [34ms]
2024-04-11 09:20:43.031 [info] > git for-each-ref --format=%(refname)%00%(upstream:short)%00%(objectname)%00%(upstream:track)%00%(upstream:remotename)%00%(upstream:remoteref) refs/heads/main refs/remotes/main [8ms]
2024-04-11 09:20:43.065 [info] > git status -z -uall [6ms]
2024-04-11 09:21:18.295 [info] > git config --get commit.template [23ms]
2024-04-11 09:21:18.297 [info] > git for-each-ref --format=%(refname)%00%(upstream:short)%00%(objectname)%00%(upstream:track)%00%(upstream:remotename)%00%(upstream:remoteref) refs/heads/main refs/remotes/main [5ms]
2024-04-11 09:21:18.328 [info] > git status -z -uall [10ms]
2024-04-11 09:21:18.388 [info] > git ls-files --stage -- /home/pi/mxet300_lab/basics/Final.py [4ms]
2024-04-11 09:21:18.412 [info] > git cat-file -s 4dedc163e49d0f36cdc18f70620e788f6b965b3d [4ms]
2024-04-11 09:21:18.458 [info] > git show --textconv :basics/Final.py [12ms]
2024-04-11 09:21:36.830 [info] > git config --get commit.template [38ms]
2024-04-11 09:21:36.844 [info] > git for-each-ref --format=%(refname)%00%(upstream:short)%00%(objectname)%00%(upstream:track)%00%(upstream:remotename)%00%(upstream:remoteref) refs/heads/main refs/remotes/main [19ms]
2024-04-11 09:21:36.880 [info] > git status -z -uall [7ms]
2024-04-11 09:21:36.983 [info] > git ls-files --stage -- /home/pi/mxet300_lab/basics/Final.py [4ms]
2024-04-11 09:21:37.006 [info] > git cat-file -s 4dedc163e49d0f36cdc18f70620e788f6b965b3d [4ms]
2024-04-11 09:21:37.112 [info] > git show --textconv :basics/Final.py [5ms]
2024-04-11 09:21:41.567 [info] > git ls-files --stage -- /home/pi/mxet300_lab/basics/Final.py [9ms]
2024-04-11 09:21:41.612 [info] > git cat-file -s 4dedc163e49d0f36cdc18f70620e788f6b965b3d [7ms]
2024-04-11 09:21:41.663 [info] > git show --textconv :basics/Final.py [9ms]
2024-04-11 09:21:41.937 [info] > git config --get commit.template [23ms]
2024-04-11 09:21:41.940 [info] > git for-each-ref --format=%(refname)%00%(upstream:short)%00%(objectname)%00%(upstream:track)%00%(upstream:remotename)%00%(upstream:remoteref) refs/heads/main refs/remotes/main [6ms]
2024-04-11 09:21:41.970 [info] > git status -z -uall [8ms]
2024-04-11 09:22:01.280 [info] > git config --get commit.template [5ms]
2024-04-11 09:22:01.306 [info] > git for-each-ref --format=%(refname)%00%(upstream:short)%00%(objectname)%00%(upstream:track)%00%(upstream:remotename)%00%(upstream:remoteref) refs/heads/main refs/remotes/main [4ms]
2024-04-11 09:22:01.332 [info] > git status -z -uall [5ms]
2024-04-11 09:22:22.719 [info] > git config --get commit.template [49ms]
2024-04-11 09:22:22.725 [info] > git for-each-ref --format=%(refname)%00%(upstream:short)%00%(objectname)%00%(upstream:track)%00%(upstream:remotename)%00%(upstream:remoteref) refs/heads/main refs/remotes/main [11ms]
2024-04-11 09:22:22.753 [info] > git status -z -uall [6ms]
2024-04-11 09:24:25.586 [info] > git show --textconv :basics/nodeRedShape.py [32ms]
2024-04-11 09:24:25.592 [info] > git ls-files --stage -- /home/pi/mxet300_lab/basics/nodeRedShape.py [8ms]
2024-04-11 09:24:25.617 [info] > git cat-file -s e69de29bb2d1d6434b8b29ae775ad8c2e48c5391 [6ms]
2024-04-11 09:26:08.881 [info] > git show --textconv :basics/Final.py [37ms]
2024-04-11 09:26:08.886 [info] > git ls-files --stage -- /home/pi/mxet300_lab/basics/Final.py [7ms]
2024-04-11 09:26:08.928 [info] > git cat-file -s 4dedc163e49d0f36cdc18f70620e788f6b965b3d [12ms]
2024-04-11 09:26:24.554 [info] > git show --textconv :basics/nodeRedShape.py [38ms]
2024-04-11 09:26:24.566 [info] > git ls-files --stage -- /home/pi/mxet300_lab/basics/nodeRedShape.py [15ms]
2024-04-11 09:26:24.602 [info] > git cat-file -s e69de29bb2d1d6434b8b29ae775ad8c2e48c5391 [5ms]
2024-04-11 09:27:13.136 [info] > git show --textconv :basics/Final.py [36ms]
2024-04-11 09:27:13.141 [info] > git ls-files --stage -- /home/pi/mxet300_lab/basics/Final.py [7ms]
2024-04-11 09:27:13.181 [info] > git cat-file -s 4dedc163e49d0f36cdc18f70620e788f6b965b3d [10ms]
2024-04-11 09:27:16.440 [info] > git show --textconv :basics/shapeMotions.py [22ms]
2024-04-11 09:27:16.443 [info] > git ls-files --stage -- /home/pi/mxet300_lab/basics/shapeMotions.py [5ms]
2024-04-11 09:27:16.470 [info] > git cat-file -s a48817e75adbaa40ccc9f0b1200c3a3cec644e6f [5ms]
2024-04-11 09:27:20.875 [info] > git show --textconv :basics/nodeRedShape.py [48ms]
2024-04-11 09:27:20.878 [info] > git ls-files --stage -- /home/pi/mxet300_lab/basics/nodeRedShape.py [6ms]
2024-04-11 09:27:20.902 [info] > git cat-file -s e69de29bb2d1d6434b8b29ae775ad8c2e48c5391 [4ms]
2024-04-11 09:27:53.373 [info] > git show --textconv :basics/Final.py [41ms]
2024-04-11 09:27:53.378 [info] > git ls-files --stage -- /home/pi/mxet300_lab/basics/Final.py [14ms]
2024-04-11 09:27:53.414 [info] > git cat-file -s 4dedc163e49d0f36cdc18f70620e788f6b965b3d [7ms]
2024-04-11 09:28:13.001 [info] > git config --get commit.template [10ms]
2024-04-11 09:28:13.025 [info] > git for-each-ref --format=%(refname)%00%(upstream:short)%00%(objectname)%00%(upstream:track)%00%(upstream:remotename)%00%(upstream:remoteref) refs/heads/main refs/remotes/main [5ms]
2024-04-11 09:28:13.051 [info] > git status -z -uall [6ms]
2024-04-11 09:28:19.203 [info] > git show --textconv :basics/shapeMotions.py [22ms]
2024-04-11 09:28:19.206 [info] > git ls-files --stage -- /home/pi/mxet300_lab/basics/shapeMotions.py [6ms]
2024-04-11 09:28:19.230 [info] > git cat-file -s a48817e75adbaa40ccc9f0b1200c3a3cec644e6f [6ms]
2024-04-11 09:28:25.993 [info] > git show --textconv :basics/Final.py [48ms]
2024-04-11 09:28:25.996 [info] > git ls-files --stage -- /home/pi/mxet300_lab/basics/Final.py [8ms]
2024-04-11 09:28:26.020 [info] > git cat-file -s 4dedc163e49d0f36cdc18f70620e788f6b965b3d [2ms]
2024-04-11 09:30:59.177 [info] > git show --textconv :basics/nodeRedShape.py [55ms]
2024-04-11 09:30:59.178 [info] > git ls-files --stage -- /home/pi/mxet300_lab/basics/nodeRedShape.py [13ms]
2024-04-11 09:30:59.203 [info] > git cat-file -s e69de29bb2d1d6434b8b29ae775ad8c2e48c5391 [5ms]
2024-04-11 09:33:09.451 [info] > git show --textconv :basics/Final.py [53ms]
2024-04-11 09:33:09.452 [info] > git ls-files --stage -- /home/pi/mxet300_lab/basics/Final.py [5ms]
2024-04-11 09:33:09.483 [info] > git cat-file -s 4dedc163e49d0f36cdc18f70620e788f6b965b3d [4ms]
2024-04-11 09:33:59.103 [info] > git show --textconv :basics/nodeRedShape.py [48ms]
2024-04-11 09:33:59.107 [info] > git ls-files --stage -- /home/pi/mxet300_lab/basics/nodeRedShape.py [8ms]
2024-04-11 09:33:59.141 [info] > git cat-file -s e69de29bb2d1d6434b8b29ae775ad8c2e48c5391 [7ms]
2024-04-11 09:34:57.494 [info] > git show --textconv :basics/shapeMotions.py [42ms]
2024-04-11 09:34:57.499 [info] > git ls-files --stage -- /home/pi/mxet300_lab/basics/shapeMotions.py [8ms]
2024-04-11 09:34:57.542 [info] > git cat-file -s a48817e75adbaa40ccc9f0b1200c3a3cec644e6f [5ms]
2024-04-11 09:34:58.429 [info] > git show --textconv :basics/Final.py [50ms]
2024-04-11 09:34:58.431 [info] > git ls-files --stage -- /home/pi/mxet300_lab/basics/Final.py [13ms]
2024-04-11 09:34:58.464 [info] > git cat-file -s 4dedc163e49d0f36cdc18f70620e788f6b965b3d [6ms]
2024-04-11 09:35:11.947 [info] > git show --textconv :basics/shapeMotions.py [22ms]
2024-04-11 09:35:11.950 [info] > git ls-files --stage -- /home/pi/mxet300_lab/basics/shapeMotions.py [5ms]
2024-04-11 09:35:11.974 [info] > git cat-file -s a48817e75adbaa40ccc9f0b1200c3a3cec644e6f [6ms]
2024-04-11 09:35:13.875 [info] > git show --textconv :basics/nodeRedShape.py [47ms]
2024-04-11 09:35:13.876 [info] > git ls-files --stage -- /home/pi/mxet300_lab/basics/nodeRedShape.py [8ms]
2024-04-11 09:35:13.913 [info] > git cat-file -s e69de29bb2d1d6434b8b29ae775ad8c2e48c5391 [8ms]
2024-04-11 09:35:23.131 [info] > git show --textconv :basics/shapeMotions.py [41ms]
2024-04-11 09:35:23.137 [info] > git ls-files --stage -- /home/pi/mxet300_lab/basics/shapeMotions.py [9ms]
2024-04-11 09:35:23.178 [info] > git cat-file -s a48817e75adbaa40ccc9f0b1200c3a3cec644e6f [7ms]
2024-04-11 09:35:24.861 [info] > git show --textconv :basics/Final.py [38ms]
2024-04-11 09:35:24.866 [info] > git ls-files --stage -- /home/pi/mxet300_lab/basics/Final.py [8ms]
2024-04-11 09:35:24.910 [info] > git cat-file -s 4dedc163e49d0f36cdc18f70620e788f6b965b3d [12ms]
2024-04-11 09:35:26.932 [info] > git show --textconv :basics/nodeRedShape.py [38ms]
2024-04-11 09:35:26.940 [info] > git ls-files --stage -- /home/pi/mxet300_lab/basics/nodeRedShape.py [10ms]
2024-04-11 09:35:26.981 [info] > git cat-file -s e69de29bb2d1d6434b8b29ae775ad8c2e48c5391 [9ms]
2024-04-11 09:35:38.811 [info] > git show --textconv :basics/shapeMotions.py [23ms]
2024-04-11 09:35:38.814 [info] > git ls-files --stage -- /home/pi/mxet300_lab/basics/shapeMotions.py [5ms]
2024-04-11 09:35:38.839 [info] > git cat-file -s a48817e75adbaa40ccc9f0b1200c3a3cec644e6f [5ms]
2024-04-11 09:35:39.708 [info] > git show --textconv :basics/Final.py [41ms]
2024-04-11 09:35:39.713 [info] > git ls-files --stage -- /home/pi/mxet300_lab/basics/Final.py [8ms]
2024-04-11 09:35:39.763 [info] > git cat-file -s 4dedc163e49d0f36cdc18f70620e788f6b965b3d [13ms]
2024-04-11 09:35:43.128 [info] > git show --textconv :basics/nodeRedShape.py [39ms]
2024-04-11 09:35:43.133 [info] > git ls-files --stage -- /home/pi/mxet300_lab/basics/nodeRedShape.py [8ms]
2024-04-11 09:35:43.175 [info] > git cat-file -s e69de29bb2d1d6434b8b29ae775ad8c2e48c5391 [10ms]
2024-04-11 09:36:06.162 [info] > git show --textconv :basics/Final.py [42ms]
2024-04-11 09:36:06.167 [info] > git ls-files --stage -- /home/pi/mxet300_lab/basics/Final.py [9ms]
2024-04-11 09:36:06.206 [info] > git cat-file -s 4dedc163e49d0f36cdc18f70620e788f6b965b3d [5ms]
2024-04-11 09:36:07.176 [info] > git show --textconv :basics/nodeRedShape.py [37ms]
2024-04-11 09:36:07.181 [info] > git ls-files --stage -- /home/pi/mxet300_lab/basics/nodeRedShape.py [9ms]
2024-04-11 09:36:07.220 [info] > git cat-file -s e69de29bb2d1d6434b8b29ae775ad8c2e48c5391 [6ms]
2024-04-11 09:36:41.585 [info] > git show --textconv :basics/Final.py [39ms]
2024-04-11 09:36:41.592 [info] > git ls-files --stage -- /home/pi/mxet300_lab/basics/Final.py [10ms]
2024-04-11 09:36:41.632 [info] > git cat-file -s 4dedc163e49d0f36cdc18f70620e788f6b965b3d [8ms]
2024-04-11 09:36:43.214 [info] > git show --textconv :basics/nodeRedShape.py [23ms]
2024-04-11 09:36:43.218 [info] > git ls-files --stage -- /home/pi/mxet300_lab/basics/nodeRedShape.py [6ms]
2024-04-11 09:36:43.244 [info] > git cat-file -s e69de29bb2d1d6434b8b29ae775ad8c2e48c5391 [5ms]
2024-04-11 09:36:52.010 [info] > git show --textconv :basics/Final.py [54ms]
2024-04-11 09:36:52.013 [info] > git ls-files --stage -- /home/pi/mxet300_lab/basics/Final.py [6ms]
2024-04-11 09:36:52.038 [info] > git cat-file -s 4dedc163e49d0f36cdc18f70620e788f6b965b3d [6ms]
2024-04-11 09:36:53.276 [info] > git show --textconv :basics/nodeRedShape.py [34ms]
2024-04-11 09:36:53.281 [info] > git ls-files --stage -- /home/pi/mxet300_lab/basics/nodeRedShape.py [9ms]
2024-04-11 09:36:53.318 [info] > git cat-file -s e69de29bb2d1d6434b8b29ae775ad8c2e48c5391 [8ms]
2024-04-11 09:37:02.293 [info] > git show --textconv :basics/Final.py [23ms]
2024-04-11 09:37:02.296 [info] > git ls-files --stage -- /home/pi/mxet300_lab/basics/Final.py [6ms]
2024-04-11 09:37:02.321 [info] > git cat-file -s 4dedc163e49d0f36cdc18f70620e788f6b965b3d [6ms]
2024-04-11 09:37:03.884 [info] > git show --textconv :basics/nodeRedShape.py [38ms]
2024-04-11 09:37:03.888 [info] > git ls-files --stage -- /home/pi/mxet300_lab/basics/nodeRedShape.py [8ms]
2024-04-11 09:37:03.931 [info] > git cat-file -s e69de29bb2d1d6434b8b29ae775ad8c2e48c5391 [11ms]
2024-04-11 09:37:23.358 [info] > git config --get commit.template [42ms]
2024-04-11 09:37:23.361 [info] > git for-each-ref --format=%(refname)%00%(upstream:short)%00%(objectname)%00%(upstream:track)%00%(upstream:remotename)%00%(upstream:remoteref) refs/heads/main refs/remotes/main [6ms]
2024-04-11 09:37:23.397 [info] > git status -z -uall [8ms]
2024-04-11 09:37:42.099 [info] > git config --get commit.template [52ms]
2024-04-11 09:37:42.104 [info] > git for-each-ref --format=%(refname)%00%(upstream:short)%00%(objectname)%00%(upstream:track)%00%(upstream:remotename)%00%(upstream:remoteref) refs/heads/main refs/remotes/main [11ms]
2024-04-11 09:37:42.130 [info] > git status -z -uall [6ms]
2024-04-11 09:38:39.782 [info] > git config --get commit.template [38ms]
2024-04-11 09:38:39.786 [info] > git for-each-ref --format=%(refname)%00%(upstream:short)%00%(objectname)%00%(upstream:track)%00%(upstream:remotename)%00%(upstream:remoteref) refs/heads/main refs/remotes/main [9ms]
2024-04-11 09:38:39.829 [info] > git status -z -uall [9ms]
2024-04-11 09:40:38.920 [info] > git config --get commit.template [23ms]
2024-04-11 09:40:38.922 [info] > git for-each-ref --format=%(refname)%00%(upstream:short)%00%(objectname)%00%(upstream:track)%00%(upstream:remotename)%00%(upstream:remoteref) refs/heads/main refs/remotes/main [5ms]
2024-04-11 09:40:38.953 [info] > git status -z -uall [10ms]
2024-04-11 09:43:29.399 [info] > git config --get commit.template [24ms]
2024-04-11 09:43:29.402 [info] > git for-each-ref --format=%(refname)%00%(upstream:short)%00%(objectname)%00%(upstream:track)%00%(upstream:remotename)%00%(upstream:remoteref) refs/heads/main refs/remotes/main [4ms]
2024-04-11 09:43:29.428 [info] > git status -z -uall [5ms]
2024-04-11 09:44:09.267 [info] > git config --get commit.template [39ms]
2024-04-11 09:44:09.271 [info] > git for-each-ref --format=%(refname)%00%(upstream:short)%00%(objectname)%00%(upstream:track)%00%(upstream:remotename)%00%(upstream:remoteref) refs/heads/main refs/remotes/main [8ms]
2024-04-11 09:44:09.316 [info] > git status -z -uall [9ms]
2024-04-11 09:45:43.205 [info] > git config --get commit.template [164ms]
2024-04-11 09:45:43.230 [info] > git for-each-ref --format=%(refname)%00%(upstream:short)%00%(objectname)%00%(upstream:track)%00%(upstream:remotename)%00%(upstream:remoteref) refs/heads/main refs/remotes/main [5ms]
2024-04-11 09:45:43.256 [info] > git status -z -uall [6ms]
2024-04-11 09:49:48.668 [info] > git config --get commit.template [41ms]
2024-04-11 09:49:48.672 [info] > git for-each-ref --format=%(refname)%00%(upstream:short)%00%(objectname)%00%(upstream:track)%00%(upstream:remotename)%00%(upstream:remoteref) refs/heads/main refs/remotes/main [8ms]
2024-04-11 09:49:48.716 [info] > git status -z -uall [9ms]
2024-04-11 09:50:52.151 [info] > git config --get commit.template [38ms]
2024-04-11 09:50:52.155 [info] > git for-each-ref --format=%(refname)%00%(upstream:short)%00%(objectname)%00%(upstream:track)%00%(upstream:remotename)%00%(upstream:remoteref) refs/heads/main refs/remotes/main [7ms]
2024-04-11 09:50:52.200 [info] > git status -z -uall [8ms]
2024-04-11 09:51:35.812 [info] > git config --get commit.template [36ms]
2024-04-11 09:51:35.815 [info] > git for-each-ref --format=%(refname)%00%(upstream:short)%00%(objectname)%00%(upstream:track)%00%(upstream:remotename)%00%(upstream:remoteref) refs/heads/main refs/remotes/main [7ms]
2024-04-11 09:51:35.855 [info] > git status -z -uall [8ms]
2024-04-11 10:05:27.691 [info] > git config --get commit.template [34ms]
2024-04-11 10:05:27.693 [info] > git for-each-ref --format=%(refname)%00%(upstream:short)%00%(objectname)%00%(upstream:track)%00%(upstream:remotename)%00%(upstream:remoteref) refs/heads/main refs/remotes/main [5ms]
2024-04-11 10:05:27.719 [info] > git status -z -uall [5ms]
2024-04-11 10:06:38.729 [info] > git config --get commit.template [24ms]
2024-04-11 10:06:38.732 [info] > git for-each-ref --format=%(refname)%00%(upstream:short)%00%(objectname)%00%(upstream:track)%00%(upstream:remotename)%00%(upstream:remoteref) refs/heads/main refs/remotes/main [4ms]
2024-04-11 10:06:38.758 [info] > git status -z -uall [6ms]
2024-04-11 10:06:51.767 [info] > git config --get commit.template [5ms]
2024-04-11 10:06:51.793 [info] > git for-each-ref --format=%(refname)%00%(upstream:short)%00%(objectname)%00%(upstream:track)%00%(upstream:remotename)%00%(upstream:remoteref) refs/heads/main refs/remotes/main [5ms]
2024-04-11 10:06:51.820 [info] > git status -z -uall [6ms]
2024-04-11 10:06:56.890 [info] > git config --get commit.template [23ms]
2024-04-11 10:06:56.892 [info] > git for-each-ref --format=%(refname)%00%(upstream:short)%00%(objectname)%00%(upstream:track)%00%(upstream:remotename)%00%(upstream:remoteref) refs/heads/main refs/remotes/main [5ms]
2024-04-11 10:06:56.920 [info] > git status -z -uall [6ms]
2024-04-11 10:07:56.440 [info] > git config --get commit.template [37ms]
2024-04-11 10:07:56.442 [info] > git for-each-ref --format=%(refname)%00%(upstream:short)%00%(objectname)%00%(upstream:track)%00%(upstream:remotename)%00%(upstream:remoteref) refs/heads/main refs/remotes/main [5ms]
2024-04-11 10:07:56.471 [info] > git status -z -uall [6ms]
2024-04-11 10:08:51.988 [info] > git config --get commit.template [26ms]
2024-04-11 10:08:51.989 [info] > git for-each-ref --format=%(refname)%00%(upstream:short)%00%(objectname)%00%(upstream:track)%00%(upstream:remotename)%00%(upstream:remoteref) refs/heads/main refs/remotes/main [5ms]
2024-04-11 10:08:52.017 [info] > git status -z -uall [5ms]
2024-04-11 10:08:52.079 [info] > git ls-files --stage -- /home/pi/mxet300_lab/basics/nodeRedShape.py [4ms]
2024-04-11 10:08:52.106 [info] > git cat-file -s 26ef7796f2623539b76c8372b03f8553a7aa2197 [5ms]
2024-04-11 10:08:52.141 [info] > git show --textconv :basics/nodeRedShape.py [6ms]
2024-04-11 10:09:14.806 [info] > git config --get commit.template [10ms]
2024-04-11 10:09:14.853 [info] > git for-each-ref --format=%(refname)%00%(upstream:short)%00%(objectname)%00%(upstream:track)%00%(upstream:remotename)%00%(upstream:remoteref) refs/heads/main refs/remotes/main [9ms]
2024-04-11 10:09:14.924 [info] > git status -z -uall [39ms]
2024-04-11 10:09:14.935 [info] > git ls-files --stage -- /home/pi/mxet300_lab/basics/nodeRedShape.py [13ms]
2024-04-11 10:09:14.960 [info] > git cat-file -s 26ef7796f2623539b76c8372b03f8553a7aa2197 [5ms]
2024-04-11 10:09:15.025 [info] > git show --textconv :basics/nodeRedShape.py [4ms]
2024-04-11 10:09:19.980 [info] > git config --get commit.template [23ms]
2024-04-11 10:09:19.982 [info] > git for-each-ref --format=%(refname)%00%(upstream:short)%00%(objectname)%00%(upstream:track)%00%(upstream:remotename)%00%(upstream:remoteref) refs/heads/main refs/remotes/main [5ms]
2024-04-11 10:09:20.009 [info] > git status -z -uall [5ms]
2024-04-11 10:09:20.067 [info] > git ls-files --stage -- /home/pi/mxet300_lab/basics/nodeRedShape.py [4ms]
2024-04-11 10:09:20.091 [info] > git cat-file -s 26ef7796f2623539b76c8372b03f8553a7aa2197 [5ms]
2024-04-11 10:09:20.130 [info] > git show --textconv :basics/nodeRedShape.py [6ms]
