2024-03-21 10:19:10.870 [info] Log level: Info
2024-03-21 10:19:10.870 [info] Validating found git in: "git"
2024-03-21 10:19:10.870 [info] Using git "2.20.1" from "git"
2024-03-21 10:19:10.870 [info] > git rev-parse --show-toplevel [30ms]
2024-03-21 10:19:10.870 [info] > git rev-parse --git-dir --git-common-dir [9ms]
2024-03-21 10:19:10.870 [info] Open repository: /home/pi/mxet300_lab
2024-03-21 10:19:10.870 [info] > git config --get commit.template [24ms]
2024-03-21 10:19:10.870 [info] > git rev-parse --show-toplevel [14ms]
2024-03-21 10:19:10.870 [info] > git for-each-ref --format=%(refname)%00%(upstream:short)%00%(objectname)%00%(upstream:track)%00%(upstream:remotename)%00%(upstream:remoteref) refs/heads/main refs/remotes/main [46ms]
2024-03-21 10:19:10.870 [info] > git rev-parse --show-toplevel [22ms]
2024-03-21 10:19:10.870 [info] > git status -z -uall [13ms]
2024-03-21 10:19:10.870 [info] > git rev-parse --show-toplevel [40ms]
2024-03-21 10:19:10.870 [info] > git config --get commit.template [31ms]
2024-03-21 10:19:10.870 [info] > git for-each-ref --format=%(refname)%00%(upstream:short)%00%(objectname)%00%(upstream:track)%00%(upstream:remotename)%00%(upstream:remoteref) refs/heads/main refs/remotes/main [74ms]
2024-03-21 10:19:10.870 [info] > git status -z -uall [9ms]
2024-03-21 10:19:11.218 [info] > git show --textconv :Node-RED_Flows/flow_lidar_driving.json [32ms]
2024-03-21 10:19:11.219 [info] > git ls-files --stage -- /home/pi/mxet300_lab/Node-RED_Flows/flow_lidar_driving.json [4ms]
2024-03-21 10:19:11.252 [info] > git cat-file -s 661189a529204305862c0a67527cf166b7ea2977 [17ms]
2024-03-21 10:19:11.583 [info] > git check-ignore -v -z --stdin [5ms]
2024-03-21 10:19:36.315 [info] > git config --get commit.template [21ms]
2024-03-21 10:19:36.317 [info] > git for-each-ref --format=%(refname)%00%(upstream:short)%00%(objectname)%00%(upstream:track)%00%(upstream:remotename)%00%(upstream:remoteref) refs/heads/main refs/remotes/main [7ms]
2024-03-21 10:19:36.339 [info] > git status -z -uall [6ms]
2024-03-21 10:19:36.421 [info] > git check-ignore -v -z --stdin [4ms]
2024-03-21 10:20:29.588 [info] > git check-ignore -v -z --stdin [8ms]
2024-03-21 10:20:30.190 [info] > git config --get commit.template [20ms]
2024-03-21 10:20:30.192 [info] > git for-each-ref --format=%(refname)%00%(upstream:short)%00%(objectname)%00%(upstream:track)%00%(upstream:remotename)%00%(upstream:remoteref) refs/heads/main refs/remotes/main [7ms]
2024-03-21 10:20:30.214 [info] > git status -z -uall [5ms]
2024-03-21 10:20:40.385 [info] > git check-ignore -v -z --stdin [8ms]
2024-03-21 10:22:20.590 [info] > git config --get commit.template [19ms]
2024-03-21 10:22:20.592 [info] > git for-each-ref --format=%(refname)%00%(upstream:short)%00%(objectname)%00%(upstream:track)%00%(upstream:remotename)%00%(upstream:remoteref) refs/heads/main refs/remotes/main [5ms]
2024-03-21 10:22:20.618 [info] > git status -z -uall [9ms]
2024-03-21 10:22:45.487 [info] > git config --get commit.template [33ms]
2024-03-21 10:22:45.497 [info] > git for-each-ref --format=%(refname)%00%(upstream:short)%00%(objectname)%00%(upstream:track)%00%(upstream:remotename)%00%(upstream:remoteref) refs/heads/main refs/remotes/main [18ms]
2024-03-21 10:22:45.521 [info] > git status -z -uall [5ms]
2024-03-21 10:22:53.806 [info] > git config --get commit.template [31ms]
2024-03-21 10:22:53.811 [info] > git for-each-ref --format=%(refname)%00%(upstream:short)%00%(objectname)%00%(upstream:track)%00%(upstream:remotename)%00%(upstream:remoteref) refs/heads/main refs/remotes/main [9ms]
2024-03-21 10:22:53.845 [info] > git status -z -uall [10ms]
