2024-02-22 09:03:48.081 [info] Log level: Info
2024-02-22 09:03:48.081 [info] Validating found git in: "git"
2024-02-22 09:03:48.081 [info] Using git "2.20.1" from "git"
2024-02-22 09:03:48.081 [info] > git rev-parse --show-toplevel [13ms]
2024-02-22 09:03:48.081 [info] > git rev-parse --git-dir --git-common-dir [7ms]
2024-02-22 09:03:48.081 [info] Open repository: /home/pi/mxet300_lab
2024-02-22 09:03:48.081 [info] > git config --get commit.template [20ms]
2024-02-22 09:03:48.081 [info] > git rev-parse --show-toplevel [14ms]
2024-02-22 09:03:48.081 [info] > git rev-parse --show-toplevel [9ms]
2024-02-22 09:03:48.081 [info] > git for-each-ref --format=%(refname)%00%(upstream:short)%00%(objectname)%00%(upstream:track)%00%(upstream:remotename)%00%(upstream:remoteref) refs/heads/main refs/remotes/main [41ms]
2024-02-22 09:03:48.081 [info] > git status -z -uall [33ms]
2024-02-22 09:03:48.081 [info] > git config --get commit.template [24ms]
2024-02-22 09:03:48.081 [info] > git for-each-ref --format=%(refname)%00%(upstream:short)%00%(objectname)%00%(upstream:track)%00%(upstream:remotename)%00%(upstream:remoteref) refs/heads/main refs/remotes/main [9ms]
2024-02-22 09:03:48.081 [info] > git status -z -uall [10ms]
2024-02-22 09:03:48.648 [info] > git check-ignore -v -z --stdin [3ms]
2024-02-22 09:03:53.459 [info] > git check-ignore -v -z --stdin [8ms]
2024-02-22 09:03:58.822 [info] > git show --textconv :basics/L3_log_speeds.py [24ms]
2024-02-22 09:03:58.827 [info] > git ls-files --stage -- /home/pi/mxet300_lab/basics/L3_log_speeds.py [9ms]
2024-02-22 09:04:07.743 [info] > git show --textconv :basics/L1_encoder.py [30ms]
2024-02-22 09:04:07.750 [info] > git ls-files --stage -- /home/pi/mxet300_lab/basics/L1_encoder.py [11ms]
2024-02-22 09:04:11.664 [info] > git show --textconv :basics/L2_kinematics.py [41ms]
2024-02-22 09:04:11.668 [info] > git ls-files --stage -- /home/pi/mxet300_lab/basics/L2_kinematics.py [9ms]
2024-02-22 09:04:13.549 [info] > git show --textconv :basics/L3_log_speeds.py [26ms]
2024-02-22 09:04:13.554 [info] > git ls-files --stage -- /home/pi/mxet300_lab/basics/L3_log_speeds.py [10ms]
2024-02-22 09:05:24.983 [info] > git show --textconv :basics/L2_telemetry.py [41ms]
2024-02-22 09:05:24.993 [info] > git ls-files --stage -- /home/pi/mxet300_lab/basics/L2_telemetry.py [18ms]
2024-02-22 09:05:25.031 [info] > git cat-file -s e57c001286cad677bd2315218a9a76efd2952b22 [7ms]
2024-02-22 09:05:30.042 [info] > git show --textconv :basics/L3_log_speeds.py [46ms]
2024-02-22 09:05:30.051 [info] > git ls-files --stage -- /home/pi/mxet300_lab/basics/L3_log_speeds.py [14ms]
2024-02-22 09:05:38.815 [info] > git show --textconv :basics/L2_telemetry.py [23ms]
2024-02-22 09:05:38.818 [info] > git ls-files --stage -- /home/pi/mxet300_lab/basics/L2_telemetry.py [7ms]
2024-02-22 09:05:38.839 [info] > git cat-file -s e57c001286cad677bd2315218a9a76efd2952b22 [5ms]
2024-02-22 09:05:45.664 [info] > git show --textconv :basics/L3_log_speeds.py [39ms]
2024-02-22 09:05:45.676 [info] > git ls-files --stage -- /home/pi/mxet300_lab/basics/L3_log_speeds.py [17ms]
2024-02-22 09:06:24.386 [info] > git show --textconv :basics/L2_telemetry.py [21ms]
2024-02-22 09:06:24.389 [info] > git ls-files --stage -- /home/pi/mxet300_lab/basics/L2_telemetry.py [5ms]
2024-02-22 09:06:24.412 [info] > git cat-file -s e57c001286cad677bd2315218a9a76efd2952b22 [5ms]
2024-02-22 09:06:26.733 [info] > git show --textconv :basics/L1_encoder.py [43ms]
2024-02-22 09:06:26.735 [info] > git ls-files --stage -- /home/pi/mxet300_lab/basics/L1_encoder.py [10ms]
2024-02-22 09:07:17.648 [info] > git show --textconv :basics/L3_log_speeds.py [35ms]
2024-02-22 09:07:17.654 [info] > git ls-files --stage -- /home/pi/mxet300_lab/basics/L3_log_speeds.py [10ms]
2024-02-22 09:07:53.460 [info] > git show --textconv :basics/L2_telemetry.py [23ms]
2024-02-22 09:07:53.466 [info] > git ls-files --stage -- /home/pi/mxet300_lab/basics/L2_telemetry.py [9ms]
2024-02-22 09:07:53.490 [info] > git cat-file -s e57c001286cad677bd2315218a9a76efd2952b22 [5ms]
2024-02-22 09:07:56.359 [info] > git show --textconv :basics/L3_log_speeds.py [31ms]
2024-02-22 09:07:56.364 [info] > git ls-files --stage -- /home/pi/mxet300_lab/basics/L3_log_speeds.py [7ms]
2024-02-22 09:08:42.610 [info] > git show --textconv :basics/L2_telemetry.py [21ms]
2024-02-22 09:08:42.613 [info] > git ls-files --stage -- /home/pi/mxet300_lab/basics/L2_telemetry.py [5ms]
2024-02-22 09:08:42.637 [info] > git cat-file -s e57c001286cad677bd2315218a9a76efd2952b22 [5ms]
2024-02-22 09:08:45.745 [info] > git show --textconv :basics/L1_encoder.py [42ms]
2024-02-22 09:08:45.759 [info] > git ls-files --stage -- /home/pi/mxet300_lab/basics/L1_encoder.py [18ms]
2024-02-22 09:08:53.561 [info] > git show --textconv :basics/L2_telemetry.py [37ms]
2024-02-22 09:08:53.566 [info] > git ls-files --stage -- /home/pi/mxet300_lab/basics/L2_telemetry.py [7ms]
2024-02-22 09:08:53.600 [info] > git cat-file -s e57c001286cad677bd2315218a9a76efd2952b22 [11ms]
2024-02-22 09:08:55.432 [info] > git show --textconv :basics/L3_log_speeds.py [21ms]
2024-02-22 09:08:55.435 [info] > git ls-files --stage -- /home/pi/mxet300_lab/basics/L3_log_speeds.py [5ms]
2024-02-22 09:08:58.654 [info] > git show --textconv :basics/L2_kinematics.py [38ms]
2024-02-22 09:08:58.660 [info] > git ls-files --stage -- /home/pi/mxet300_lab/basics/L2_kinematics.py [10ms]
2024-02-22 09:10:41.012 [info] > git show --textconv :basics/L3_log_speeds.py [22ms]
2024-02-22 09:10:41.015 [info] > git ls-files --stage -- /home/pi/mxet300_lab/basics/L3_log_speeds.py [6ms]
2024-02-22 09:11:08.623 [info] > git show --textconv :basics/L1_encoder.py [22ms]
2024-02-22 09:11:08.626 [info] > git ls-files --stage -- /home/pi/mxet300_lab/basics/L1_encoder.py [5ms]
2024-02-22 09:11:09.503 [info] > git show --textconv :basics/L2_kinematics.py [36ms]
2024-02-22 09:11:09.508 [info] > git ls-files --stage -- /home/pi/mxet300_lab/basics/L2_kinematics.py [9ms]
2024-02-22 09:11:35.011 [info] > git show --textconv :basics/L1_encoder.py [46ms]
2024-02-22 09:11:35.015 [info] > git ls-files --stage -- /home/pi/mxet300_lab/basics/L1_encoder.py [8ms]
2024-02-22 09:11:36.348 [info] > git show --textconv :basics/L3_log_speeds.py [48ms]
2024-02-22 09:11:36.354 [info] > git ls-files --stage -- /home/pi/mxet300_lab/basics/L3_log_speeds.py [13ms]
2024-02-22 09:11:56.682 [info] > git show --textconv :basics/L1_encoder.py [44ms]
2024-02-22 09:11:56.686 [info] > git ls-files --stage -- /home/pi/mxet300_lab/basics/L1_encoder.py [7ms]
2024-02-22 09:11:58.768 [info] > git show --textconv :basics/L2_kinematics.py [46ms]
2024-02-22 09:11:58.772 [info] > git ls-files --stage -- /home/pi/mxet300_lab/basics/L2_kinematics.py [8ms]
2024-02-22 09:12:19.045 [info] > git show --textconv :basics/L3_log_speeds.py [41ms]
2024-02-22 09:12:19.051 [info] > git ls-files --stage -- /home/pi/mxet300_lab/basics/L3_log_speeds.py [10ms]
2024-02-22 09:12:59.883 [info] > git config --get commit.template [41ms]
2024-02-22 09:12:59.889 [info] > git for-each-ref --format=%(refname)%00%(upstream:short)%00%(objectname)%00%(upstream:track)%00%(upstream:remotename)%00%(upstream:remoteref) refs/heads/main refs/remotes/main [14ms]
2024-02-22 09:12:59.930 [info] > git status -z -uall [9ms]
2024-02-22 09:16:43.505 [info] > git config --get commit.template [52ms]
2024-02-22 09:16:43.507 [info] > git for-each-ref --format=%(refname)%00%(upstream:short)%00%(objectname)%00%(upstream:track)%00%(upstream:remotename)%00%(upstream:remoteref) refs/heads/main refs/remotes/main [8ms]
2024-02-22 09:16:43.533 [info] > git status -z -uall [5ms]
2024-02-22 09:17:07.638 [info] > git config --get commit.template [24ms]
2024-02-22 09:17:07.641 [info] > git for-each-ref --format=%(refname)%00%(upstream:short)%00%(objectname)%00%(upstream:track)%00%(upstream:remotename)%00%(upstream:remoteref) refs/heads/main refs/remotes/main [4ms]
2024-02-22 09:17:07.667 [info] > git status -z -uall [3ms]
2024-02-22 09:18:16.519 [info] > git config --get commit.template [55ms]
2024-02-22 09:18:16.521 [info] > git for-each-ref --format=%(refname)%00%(upstream:short)%00%(objectname)%00%(upstream:track)%00%(upstream:remotename)%00%(upstream:remoteref) refs/heads/main refs/remotes/main [6ms]
2024-02-22 09:18:16.547 [info] > git status -z -uall [5ms]
2024-02-22 09:19:49.457 [info] > git config --get commit.template [23ms]
2024-02-22 09:19:49.459 [info] > git for-each-ref --format=%(refname)%00%(upstream:short)%00%(objectname)%00%(upstream:track)%00%(upstream:remotename)%00%(upstream:remoteref) refs/heads/main refs/remotes/main [5ms]
2024-02-22 09:19:49.500 [info] > git status -z -uall [10ms]
2024-02-22 09:19:54.599 [info] > git config --get commit.template [40ms]
2024-02-22 09:19:54.602 [info] > git for-each-ref --format=%(refname)%00%(upstream:short)%00%(objectname)%00%(upstream:track)%00%(upstream:remotename)%00%(upstream:remoteref) refs/heads/main refs/remotes/main [7ms]
2024-02-22 09:19:54.639 [info] > git status -z -uall [8ms]
2024-02-22 09:25:06.931 [info] > git show --textconv :basics/L2_kinematics.py [23ms]
2024-02-22 09:25:06.935 [info] > git ls-files --stage -- /home/pi/mxet300_lab/basics/L2_kinematics.py [6ms]
2024-02-22 09:25:39.690 [info] > git show --textconv :basics/L3_log_speeds.py [47ms]
2024-02-22 09:25:39.696 [info] > git ls-files --stage -- /home/pi/mxet300_lab/basics/L3_log_speeds.py [12ms]
2024-02-22 09:25:55.210 [info] > git config --get commit.template [48ms]
2024-02-22 09:25:55.216 [info] > git for-each-ref --format=%(refname)%00%(upstream:short)%00%(objectname)%00%(upstream:track)%00%(upstream:remotename)%00%(upstream:remoteref) refs/heads/main refs/remotes/main [12ms]
2024-02-22 09:25:55.243 [info] > git status -z -uall [5ms]
2024-02-22 09:26:13.134 [info] > git config --get commit.template [51ms]
2024-02-22 09:26:13.140 [info] > git for-each-ref --format=%(refname)%00%(upstream:short)%00%(objectname)%00%(upstream:track)%00%(upstream:remotename)%00%(upstream:remoteref) refs/heads/main refs/remotes/main [11ms]
2024-02-22 09:26:13.175 [info] > git status -z -uall [7ms]
2024-02-22 09:26:21.560 [info] > git config --get commit.template [44ms]
2024-02-22 09:26:21.565 [info] > git for-each-ref --format=%(refname)%00%(upstream:short)%00%(objectname)%00%(upstream:track)%00%(upstream:remotename)%00%(upstream:remoteref) refs/heads/main refs/remotes/main [10ms]
2024-02-22 09:26:21.599 [info] > git status -z -uall [5ms]
2024-02-22 09:26:42.793 [info] > git show --textconv :basics/L1_encoder.py [37ms]
2024-02-22 09:26:42.798 [info] > git ls-files --stage -- /home/pi/mxet300_lab/basics/L1_encoder.py [8ms]
2024-02-22 09:26:43.668 [info] > git show --textconv :basics/L2_kinematics.py [41ms]
2024-02-22 09:26:43.672 [info] > git ls-files --stage -- /home/pi/mxet300_lab/basics/L2_kinematics.py [7ms]
2024-02-22 09:26:59.116 [info] > git show --textconv :basics/L3_log_speeds.py [39ms]
2024-02-22 09:26:59.121 [info] > git ls-files --stage -- /home/pi/mxet300_lab/basics/L3_log_speeds.py [10ms]
2024-02-22 09:27:18.120 [info] > git show --textconv :basics/L2_kinematics.py [43ms]
2024-02-22 09:27:18.126 [info] > git ls-files --stage -- /home/pi/mxet300_lab/basics/L2_kinematics.py [10ms]
2024-02-22 09:27:25.476 [info] > git show --textconv :basics/L3_log_speeds.py [42ms]
2024-02-22 09:27:25.481 [info] > git ls-files --stage -- /home/pi/mxet300_lab/basics/L3_log_speeds.py [10ms]
2024-02-22 09:28:29.211 [info] > git config --get commit.template [24ms]
2024-02-22 09:28:29.213 [info] > git for-each-ref --format=%(refname)%00%(upstream:short)%00%(objectname)%00%(upstream:track)%00%(upstream:remotename)%00%(upstream:remoteref) refs/heads/main refs/remotes/main [4ms]
2024-02-22 09:28:29.244 [info] > git status -z -uall [10ms]
2024-02-22 09:28:29.314 [info] > git ls-files --stage -- /home/pi/mxet300_lab/basics/L3_log_speeds.py [4ms]
2024-02-22 09:28:29.339 [info] > git cat-file -s 1325a80fdb4f6147852a04d14f102e14aa3be58c [4ms]
2024-02-22 09:28:29.376 [info] > git show --textconv :basics/L3_log_speeds.py [5ms]
2024-02-22 09:29:37.564 [info] > git check-ignore -v -z --stdin [8ms]
2024-02-22 09:29:42.061 [info] > git check-ignore -v -z --stdin [4ms]
2024-02-22 09:29:42.353 [info] > git show --textconv :Node-RED_Flows/Lab5Flow.json [26ms]
2024-02-22 09:29:42.357 [info] > git ls-files --stage -- /home/pi/mxet300_lab/Node-RED_Flows/Lab5Flow.json [6ms]
2024-02-22 09:29:42.544 [info] > git config --get commit.template [7ms]
2024-02-22 09:29:42.573 [info] > git for-each-ref --format=%(refname)%00%(upstream:short)%00%(objectname)%00%(upstream:track)%00%(upstream:remotename)%00%(upstream:remoteref) refs/heads/main refs/remotes/main [5ms]
2024-02-22 09:29:42.604 [info] > git status -z -uall [6ms]
2024-02-22 09:30:10.827 [info] > git config --get commit.template [46ms]
2024-02-22 09:30:10.830 [info] > git for-each-ref --format=%(refname)%00%(upstream:short)%00%(objectname)%00%(upstream:track)%00%(upstream:remotename)%00%(upstream:remoteref) refs/heads/main refs/remotes/main [11ms]
2024-02-22 09:30:10.872 [info] > git status -z -uall [9ms]
2024-02-22 09:30:10.913 [info] > git ls-files --stage -- /home/pi/mxet300_lab/Node-RED_Flows/Lab5Flow.json [4ms]
2024-02-22 09:30:10.937 [info] > git cat-file -s 081b9a8600e0fc260dc9e8a530d762d96f68690f [3ms]
2024-02-22 09:30:10.989 [info] > git show --textconv :Node-RED_Flows/Lab5Flow.json [9ms]
2024-02-22 09:30:53.333 [info] > git config --get commit.template [24ms]
2024-02-22 09:30:53.344 [info] > git for-each-ref --format=%(refname)%00%(upstream:short)%00%(objectname)%00%(upstream:track)%00%(upstream:remotename)%00%(upstream:remoteref) refs/heads/main refs/remotes/main [14ms]
2024-02-22 09:30:53.373 [info] > git status -z -uall [5ms]
2024-02-22 09:30:53.471 [info] > git ls-files --stage -- /home/pi/mxet300_lab/Node-RED_Flows/Lab5Flow.json [4ms]
2024-02-22 09:30:53.496 [info] > git cat-file -s 081b9a8600e0fc260dc9e8a530d762d96f68690f [4ms]
2024-02-22 09:30:53.542 [info] > git show --textconv :Node-RED_Flows/Lab5Flow.json [4ms]
2024-02-22 09:31:00.267 [info] > git config --get commit.template [53ms]
2024-02-22 09:31:00.272 [info] > git for-each-ref --format=%(refname)%00%(upstream:short)%00%(objectname)%00%(upstream:track)%00%(upstream:remotename)%00%(upstream:remoteref) refs/heads/main refs/remotes/main [13ms]
2024-02-22 09:31:00.322 [info] > git status -z -uall [26ms]
2024-02-22 09:31:00.341 [info] > git ls-files --stage -- /home/pi/mxet300_lab/Node-RED_Flows/Lab5Flow.json [21ms]
2024-02-22 09:31:00.366 [info] > git cat-file -s 081b9a8600e0fc260dc9e8a530d762d96f68690f [4ms]
2024-02-22 09:31:00.416 [info] > git show --textconv :Node-RED_Flows/Lab5Flow.json [5ms]
