2024-03-28 09:34:57.317 [info] Log level: Info
2024-03-28 09:34:57.317 [info] Validating found git in: "git"
2024-03-28 09:34:57.317 [info] Using git "2.20.1" from "git"
2024-03-28 09:34:57.317 [info] > git rev-parse --show-toplevel [8ms]
2024-03-28 09:34:57.317 [info] > git rev-parse --git-dir --git-common-dir [6ms]
2024-03-28 09:34:57.317 [info] Open repository: /home/pi/mxet300_lab
2024-03-28 09:34:57.317 [info] > git config --get commit.template [28ms]
2024-03-28 09:34:57.317 [info] > git rev-parse --show-toplevel [11ms]
2024-03-28 09:34:57.318 [info] > git for-each-ref --format=%(refname)%00%(upstream:short)%00%(objectname)%00%(upstream:track)%00%(upstream:remotename)%00%(upstream:remoteref) refs/heads/main refs/remotes/main [34ms]
2024-03-28 09:34:57.318 [info] > git rev-parse --show-toplevel [9ms]
2024-03-28 09:34:57.318 [info] > git status -z -uall [6ms]
2024-03-28 09:34:57.318 [info] > git rev-parse --show-toplevel [36ms]
2024-03-28 09:34:57.318 [info] > git rev-parse --show-toplevel [147ms]
2024-03-28 09:34:57.318 [info] > git config --get commit.template [101ms]
2024-03-28 09:34:57.318 [info] > git for-each-ref --format=%(refname)%00%(upstream:short)%00%(objectname)%00%(upstream:track)%00%(upstream:remotename)%00%(upstream:remoteref) refs/heads/main refs/remotes/main [446ms]
2024-03-28 09:34:57.318 [info] > git status -z -uall [15ms]
2024-03-28 09:34:57.545 [info] > git show --textconv :basics/L2_speed_control.py [26ms]
2024-03-28 09:34:57.551 [info] > git ls-files --stage -- /home/pi/mxet300_lab/basics/L2_speed_control.py [10ms]
2024-03-28 09:34:57.581 [info] > git cat-file -s 9f2ddd02cc20f9bf2613d33372a15736bc398300 [9ms]
2024-03-28 09:34:57.855 [info] > git check-ignore -v -z --stdin [12ms]
2024-03-28 09:35:09.031 [info] > git config --get commit.template [34ms]
2024-03-28 09:35:09.041 [info] > git for-each-ref --format=%(refname)%00%(upstream:short)%00%(objectname)%00%(upstream:track)%00%(upstream:remotename)%00%(upstream:remoteref) refs/heads/main refs/remotes/main [14ms]
2024-03-28 09:35:09.079 [info] > git status -z -uall [7ms]
2024-03-28 09:54:43.913 [info] > git config --get commit.template [25ms]
2024-03-28 09:54:43.915 [info] > git for-each-ref --format=%(refname)%00%(upstream:short)%00%(objectname)%00%(upstream:track)%00%(upstream:remotename)%00%(upstream:remoteref) refs/heads/main refs/remotes/main [8ms]
2024-03-28 09:54:43.942 [info] > git status -z -uall [5ms]
2024-03-28 09:54:47.343 [info] > git show --textconv :basics/Lab7Template.py [32ms]
2024-03-28 09:54:47.353 [info] > git ls-files --stage -- /home/pi/mxet300_lab/basics/Lab7Template.py [13ms]
2024-03-28 09:54:47.396 [info] > git cat-file -s 281bfc70e978843fd4bb9fab75055c0e0ddfe95b [9ms]
2024-03-28 09:54:49.002 [info] > git config --get commit.template [23ms]
2024-03-28 09:54:49.005 [info] > git for-each-ref --format=%(refname)%00%(upstream:short)%00%(objectname)%00%(upstream:track)%00%(upstream:remotename)%00%(upstream:remoteref) refs/heads/main refs/remotes/main [6ms]
2024-03-28 09:54:49.031 [info] > git status -z -uall [5ms]
2024-03-28 09:55:11.499 [info] > git show --textconv :basics/L3_color_tracking.py [48ms]
2024-03-28 09:55:11.524 [info] > git ls-files --stage -- /home/pi/mxet300_lab/basics/L3_color_tracking.py [29ms]
2024-03-28 09:55:32.191 [info] > git config --get commit.template [34ms]
2024-03-28 09:55:32.195 [info] > git for-each-ref --format=%(refname)%00%(upstream:short)%00%(objectname)%00%(upstream:track)%00%(upstream:remotename)%00%(upstream:remoteref) refs/heads/main refs/remotes/main [7ms]
2024-03-28 09:55:32.232 [info] > git status -z -uall [8ms]
2024-03-28 10:00:26.257 [info] > git config --get commit.template [32ms]
2024-03-28 10:00:26.293 [info] > git for-each-ref --format=%(refname)%00%(upstream:short)%00%(objectname)%00%(upstream:track)%00%(upstream:remotename)%00%(upstream:remoteref) refs/heads/main refs/remotes/main [39ms]
2024-03-28 10:00:26.296 [info] > git ls-files --stage -- /home/pi/mxet300_lab/basics/L3_color_tracking.py [7ms]
2024-03-28 10:00:26.346 [info] > git cat-file -s da81339861f32806910d145667f2730ec298a76e [24ms]
2024-03-28 10:00:26.348 [info] > git status -z -uall [5ms]
2024-03-28 10:00:26.415 [info] > git show --textconv :basics/L3_color_tracking.py [5ms]
