2024-04-04 08:38:44.393 [info] Log level: Info
2024-04-04 08:38:44.393 [info] Validating found git in: "git"
2024-04-04 08:38:44.393 [info] Using git "2.20.1" from "git"
2024-04-04 08:38:44.393 [info] > git rev-parse --show-toplevel [130ms]
2024-04-04 08:38:44.393 [info] > git rev-parse --git-dir --git-common-dir [224ms]
2024-04-04 08:38:44.393 [info] Open repository: /home/pi/mxet300_lab
2024-04-04 08:38:44.393 [info] > git config --get commit.template [27ms]
2024-04-04 08:38:44.393 [info] > git rev-parse --show-toplevel [431ms]
2024-04-04 08:38:44.393 [info] > git for-each-ref --format=%(refname)%00%(upstream:short)%00%(objectname)%00%(upstream:track)%00%(upstream:remotename)%00%(upstream:remoteref) refs/heads/main refs/remotes/main [33ms]
2024-04-04 08:38:44.393 [info] > git rev-parse --show-toplevel [42ms]
2024-04-04 08:38:44.393 [info] > git rev-parse --show-toplevel [34ms]
2024-04-04 08:38:44.417 [info] > git status -z -uall [49ms]
2024-04-04 08:38:44.468 [info] > git rev-parse --show-toplevel [55ms]
2024-04-04 08:38:44.486 [info] > git config --get commit.template [20ms]
2024-04-04 08:38:44.516 [info] > git for-each-ref --format=%(refname)%00%(upstream:short)%00%(objectname)%00%(upstream:track)%00%(upstream:remotename)%00%(upstream:remoteref) refs/heads/main refs/remotes/main [9ms]
2024-04-04 08:38:44.548 [info] > git status -z -uall [11ms]
2024-04-04 08:38:44.915 [info] > git check-ignore -v -z --stdin [3ms]
2024-04-04 08:38:45.724 [info] > git show --textconv :basics/L2_speed_control.py [27ms]
2024-04-04 08:38:45.730 [info] > git ls-files --stage -- /home/pi/mxet300_lab/basics/L2_speed_control.py [10ms]
2024-04-04 08:38:45.753 [info] > git cat-file -s 01381b734d2b8a8b9e9909c48a13969e37ac588f [5ms]
2024-04-04 08:38:51.322 [info] > git show --textconv :basics/Lab7Template.py [28ms]
2024-04-04 08:38:51.334 [info] > git ls-files --stage -- /home/pi/mxet300_lab/basics/Lab7Template.py [17ms]
2024-04-04 08:38:51.368 [info] > git cat-file -s 281bfc70e978843fd4bb9fab75055c0e0ddfe95b [13ms]
2024-04-04 08:38:55.969 [info] > git check-ignore -v -z --stdin [14ms]
2024-04-04 08:38:58.624 [info] > git show --textconv :basics/L3_path_template.py [38ms]
2024-04-04 08:38:58.659 [info] > git ls-files --stage -- /home/pi/mxet300_lab/basics/L3_path_template.py [40ms]
2024-04-04 08:38:58.714 [info] > git cat-file -s 697d99fbca38f9345b4c8cf58411c8cb25e7ecbc [17ms]
2024-04-04 08:40:19.590 [info] > git config --get commit.template [23ms]
2024-04-04 08:40:19.592 [info] > git for-each-ref --format=%(refname)%00%(upstream:short)%00%(objectname)%00%(upstream:track)%00%(upstream:remotename)%00%(upstream:remoteref) refs/heads/main refs/remotes/main [7ms]
2024-04-04 08:40:19.615 [info] > git status -z -uall [6ms]
2024-04-04 08:40:24.739 [info] > git check-ignore -v -z --stdin [9ms]
2024-04-04 08:40:25.931 [info] > git show --textconv :basics/Final.py [22ms]
2024-04-04 08:40:25.937 [info] > git ls-files --stage -- /home/pi/mxet300_lab/basics/Final.py [9ms]
2024-04-04 08:44:12.627 [info] > git config --get commit.template [37ms]
2024-04-04 08:44:12.631 [info] > git for-each-ref --format=%(refname)%00%(upstream:short)%00%(objectname)%00%(upstream:track)%00%(upstream:remotename)%00%(upstream:remoteref) refs/heads/main refs/remotes/main [10ms]
2024-04-04 08:44:12.667 [info] > git status -z -uall [6ms]
2024-04-04 08:44:26.605 [info] > git config --get commit.template [29ms]
2024-04-04 08:44:26.609 [info] > git for-each-ref --format=%(refname)%00%(upstream:short)%00%(objectname)%00%(upstream:track)%00%(upstream:remotename)%00%(upstream:remoteref) refs/heads/main refs/remotes/main [7ms]
2024-04-04 08:44:26.644 [info] > git status -z -uall [8ms]
2024-04-04 08:47:36.998 [info] > git config --get commit.template [44ms]
2024-04-04 08:47:37.004 [info] > git for-each-ref --format=%(refname)%00%(upstream:short)%00%(objectname)%00%(upstream:track)%00%(upstream:remotename)%00%(upstream:remoteref) refs/heads/main refs/remotes/main [11ms]
2024-04-04 08:47:37.033 [info] > git status -z -uall [5ms]
2024-04-04 08:49:49.945 [info] > git config --get commit.template [173ms]
2024-04-04 08:49:49.971 [info] > git for-each-ref --format=%(refname)%00%(upstream:short)%00%(objectname)%00%(upstream:track)%00%(upstream:remotename)%00%(upstream:remoteref) refs/heads/main refs/remotes/main [7ms]
2024-04-04 08:49:49.994 [info] > git status -z -uall [5ms]
2024-04-04 08:57:41.077 [info] > git config --get commit.template [9ms]
2024-04-04 08:57:41.116 [info] > git for-each-ref --format=%(refname)%00%(upstream:short)%00%(objectname)%00%(upstream:track)%00%(upstream:remotename)%00%(upstream:remoteref) refs/heads/main refs/remotes/main [9ms]
2024-04-04 08:57:41.155 [info] > git status -z -uall [10ms]
2024-04-04 08:57:49.425 [info] > git show --textconv :basics/L2_speed_control.py [25ms]
2024-04-04 08:57:49.430 [info] > git ls-files --stage -- /home/pi/mxet300_lab/basics/L2_speed_control.py [7ms]
2024-04-04 08:57:49.459 [info] > git cat-file -s 01381b734d2b8a8b9e9909c48a13969e37ac588f [10ms]
2024-04-04 08:59:15.965 [info] > git config --get commit.template [23ms]
2024-04-04 08:59:15.969 [info] > git for-each-ref --format=%(refname)%00%(upstream:short)%00%(objectname)%00%(upstream:track)%00%(upstream:remotename)%00%(upstream:remoteref) refs/heads/main refs/remotes/main [7ms]
2024-04-04 08:59:15.994 [info] > git status -z -uall [6ms]
2024-04-04 08:59:16.780 [info] > git show --textconv :basics/Final.py [30ms]
2024-04-04 08:59:16.785 [info] > git ls-files --stage -- /home/pi/mxet300_lab/basics/Final.py [10ms]
2024-04-04 08:59:26.579 [info] > git config --get commit.template [11ms]
2024-04-04 08:59:26.622 [info] > git for-each-ref --format=%(refname)%00%(upstream:short)%00%(objectname)%00%(upstream:track)%00%(upstream:remotename)%00%(upstream:remoteref) refs/heads/main refs/remotes/main [9ms]
2024-04-04 08:59:26.656 [info] > git status -z -uall [6ms]
2024-04-04 09:04:19.200 [info] > git config --get commit.template [39ms]
2024-04-04 09:04:19.203 [info] > git for-each-ref --format=%(refname)%00%(upstream:short)%00%(objectname)%00%(upstream:track)%00%(upstream:remotename)%00%(upstream:remoteref) refs/heads/main refs/remotes/main [7ms]
2024-04-04 09:04:19.236 [info] > git status -z -uall [8ms]
2024-04-04 09:10:26.914 [info] > git config --get commit.template [22ms]
2024-04-04 09:10:26.916 [info] > git for-each-ref --format=%(refname)%00%(upstream:short)%00%(objectname)%00%(upstream:track)%00%(upstream:remotename)%00%(upstream:remoteref) refs/heads/main refs/remotes/main [5ms]
2024-04-04 09:10:26.941 [info] > git status -z -uall [5ms]
2024-04-04 09:14:39.375 [info] > git for-each-ref --format=%(refname)%00%(upstream:short)%00%(objectname)%00%(upstream:track)%00%(upstream:remotename)%00%(upstream:remoteref) refs/heads/main refs/remotes/main [153ms]
2024-04-04 09:14:39.375 [info] > git config --get commit.template [185ms]
2024-04-04 09:14:39.399 [info] > git status -z -uall [5ms]
