2024-04-18 11:26:51.719 [info] Log level: Info
2024-04-18 11:26:51.719 [info] Validating found git in: "git"
2024-04-18 11:26:51.719 [info] Using git "2.20.1" from "git"
2024-04-18 11:26:51.719 [info] > git rev-parse --show-toplevel [29ms]
2024-04-18 11:26:51.719 [info] > git rev-parse --git-dir --git-common-dir [6ms]
2024-04-18 11:26:51.719 [info] Open repository: /home/pi/mxet300_lab
2024-04-18 11:26:51.719 [info] > git config --get commit.template [32ms]
2024-04-18 11:26:51.719 [info] > git rev-parse --show-toplevel [22ms]
2024-04-18 11:26:51.755 [info] > git for-each-ref --format=%(refname)%00%(upstream:short)%00%(objectname)%00%(upstream:track)%00%(upstream:remotename)%00%(upstream:remoteref) refs/heads/main refs/remotes/main [22ms]
2024-04-18 11:26:51.759 [info] > git rev-parse --show-toplevel [8ms]
2024-04-18 11:26:51.796 [info] > git rev-parse --show-toplevel [24ms]
2024-04-18 11:26:51.813 [info] > git status -z -uall [21ms]
2024-04-18 11:26:51.884 [info] > git merge-base refs/heads/main refs/remotes/origin/main [49ms]
2024-04-18 11:26:51.902 [info] > git config --get commit.template [19ms]
2024-04-18 11:26:51.917 [info] > git rev-list --count --left-right refs/heads/main...refs/remotes/origin/main [19ms]
2024-04-18 11:26:52.002 [info] > git diff --name-status -z --diff-filter=ADMR 9bc3517728e055eedeadfa74efbe16a1bf790f11...refs/remotes/origin/main [71ms]
2024-04-18 11:26:52.005 [info] > git for-each-ref --format=%(refname)%00%(upstream:short)%00%(objectname)%00%(upstream:track)%00%(upstream:remotename)%00%(upstream:remoteref) refs/heads/main refs/remotes/main [91ms]
2024-04-18 11:26:52.027 [info] > git status -z -uall [9ms]
2024-04-18 11:26:52.670 [info] > git check-ignore -v -z --stdin [4ms]
2024-04-18 11:26:56.516 [info] > git show --textconv :basics/Final.py [39ms]
2024-04-18 11:26:56.517 [info] > git ls-files --stage -- /home/pi/mxet300_lab/basics/Final.py [18ms]
2024-04-18 11:26:58.579 [info] > git cat-file -s 1e776afe30fc2011832de32de13ff38b8b7e1d32 [2049ms]
2024-04-18 11:28:29.442 [info] > git config --get commit.template [24ms]
2024-04-18 11:28:29.444 [info] > git for-each-ref --format=%(refname)%00%(upstream:short)%00%(objectname)%00%(upstream:track)%00%(upstream:remotename)%00%(upstream:remoteref) refs/heads/main refs/remotes/main [9ms]
2024-04-18 11:28:29.470 [info] > git status -z -uall [7ms]
2024-04-18 11:29:00.336 [info] > git check-ignore -v -z --stdin [10ms]
2024-04-18 11:29:02.487 [info] > git show --textconv :basics/nodeRedShape.py [23ms]
2024-04-18 11:29:02.492 [info] > git ls-files --stage -- /home/pi/mxet300_lab/basics/nodeRedShape.py [7ms]
2024-04-18 11:29:02.515 [info] > git cat-file -s 1e9f961cc1db30942e1c1c339c82c998890f29fd [4ms]
2024-04-18 11:30:04.973 [info] > git config --get commit.template [35ms]
2024-04-18 11:30:04.975 [info] > git for-each-ref --format=%(refname)%00%(upstream:short)%00%(objectname)%00%(upstream:track)%00%(upstream:remotename)%00%(upstream:remoteref) refs/heads/main refs/remotes/main [8ms]
2024-04-18 11:30:05.012 [info] > git status -z -uall [10ms]
2024-04-18 11:33:24.915 [info] > git config --get commit.template [45ms]
2024-04-18 11:33:24.917 [info] > git for-each-ref --format=%(refname)%00%(upstream:short)%00%(objectname)%00%(upstream:track)%00%(upstream:remotename)%00%(upstream:remoteref) refs/heads/main refs/remotes/main [5ms]
2024-04-18 11:33:24.941 [info] > git status -z -uall [6ms]
2024-04-18 11:33:59.406 [info] > git config --get commit.template [38ms]
2024-04-18 11:33:59.410 [info] > git for-each-ref --format=%(refname)%00%(upstream:short)%00%(objectname)%00%(upstream:track)%00%(upstream:remotename)%00%(upstream:remoteref) refs/heads/main refs/remotes/main [9ms]
2024-04-18 11:33:59.448 [info] > git status -z -uall [6ms]
2024-04-18 11:35:20.384 [info] > git config --get commit.template [46ms]
2024-04-18 11:35:20.387 [info] > git for-each-ref --format=%(refname)%00%(upstream:short)%00%(objectname)%00%(upstream:track)%00%(upstream:remotename)%00%(upstream:remoteref) refs/heads/main refs/remotes/main [8ms]
2024-04-18 11:35:20.424 [info] > git status -z -uall [9ms]
2024-04-18 11:36:33.838 [info] > git config --get commit.template [45ms]
2024-04-18 11:36:33.843 [info] > git for-each-ref --format=%(refname)%00%(upstream:short)%00%(objectname)%00%(upstream:track)%00%(upstream:remotename)%00%(upstream:remoteref) refs/heads/main refs/remotes/main [11ms]
2024-04-18 11:36:33.877 [info] > git status -z -uall [6ms]
2024-04-18 11:36:48.767 [info] > git show --textconv :basics/Final.py [58ms]
2024-04-18 11:36:48.777 [info] > git ls-files --stage -- /home/pi/mxet300_lab/basics/Final.py [30ms]
2024-04-18 11:36:48.816 [info] > git cat-file -s 1e776afe30fc2011832de32de13ff38b8b7e1d32 [6ms]
2024-04-18 11:36:53.502 [info] > git config --get commit.template [43ms]
2024-04-18 11:36:53.507 [info] > git for-each-ref --format=%(refname)%00%(upstream:short)%00%(objectname)%00%(upstream:track)%00%(upstream:remotename)%00%(upstream:remoteref) refs/heads/main refs/remotes/main [9ms]
2024-04-18 11:36:53.554 [info] > git status -z -uall [11ms]
2024-04-18 11:36:59.143 [info] > git show --textconv :basics/shapeMotions.py [22ms]
2024-04-18 11:36:59.147 [info] > git ls-files --stage -- /home/pi/mxet300_lab/basics/shapeMotions.py [6ms]
2024-04-18 11:36:59.171 [info] > git cat-file -s 11af98435b09d1f1cf5067176363e73195711630 [4ms]
2024-04-18 11:37:20.399 [info] > git config --get commit.template [44ms]
2024-04-18 11:37:20.404 [info] > git for-each-ref --format=%(refname)%00%(upstream:short)%00%(objectname)%00%(upstream:track)%00%(upstream:remotename)%00%(upstream:remoteref) refs/heads/main refs/remotes/main [11ms]
2024-04-18 11:37:20.437 [info] > git status -z -uall [6ms]
2024-04-18 11:39:23.750 [info] > git config --get commit.template [23ms]
2024-04-18 11:39:23.751 [info] > git for-each-ref --format=%(refname)%00%(upstream:short)%00%(objectname)%00%(upstream:track)%00%(upstream:remotename)%00%(upstream:remoteref) refs/heads/main refs/remotes/main [6ms]
2024-04-18 11:39:23.777 [info] > git status -z -uall [5ms]
2024-04-18 11:39:37.977 [info] > git show --textconv :basics/nodeRedShape.py [44ms]
2024-04-18 11:39:37.989 [info] > git ls-files --stage -- /home/pi/mxet300_lab/basics/nodeRedShape.py [20ms]
2024-04-18 11:39:38.013 [info] > git cat-file -s 1e9f961cc1db30942e1c1c339c82c998890f29fd [5ms]
2024-04-18 11:39:43.532 [info] > git show --textconv :basics/shapeMotions.py [43ms]
2024-04-18 11:39:43.539 [info] > git ls-files --stage -- /home/pi/mxet300_lab/basics/shapeMotions.py [12ms]
2024-04-18 11:39:43.586 [info] > git cat-file -s 11af98435b09d1f1cf5067176363e73195711630 [7ms]
2024-04-18 11:40:09.858 [info] > git config --get commit.template [43ms]
2024-04-18 11:40:09.860 [info] > git for-each-ref --format=%(refname)%00%(upstream:short)%00%(objectname)%00%(upstream:track)%00%(upstream:remotename)%00%(upstream:remoteref) refs/heads/main refs/remotes/main [11ms]
2024-04-18 11:40:09.885 [info] > git status -z -uall [5ms]
2024-04-18 11:41:47.233 [info] > git config --get commit.template [21ms]
2024-04-18 11:41:47.235 [info] > git for-each-ref --format=%(refname)%00%(upstream:short)%00%(objectname)%00%(upstream:track)%00%(upstream:remotename)%00%(upstream:remoteref) refs/heads/main refs/remotes/main [5ms]
2024-04-18 11:41:47.260 [info] > git status -z -uall [6ms]
2024-04-18 11:42:08.863 [info] > git config --get commit.template [44ms]
2024-04-18 11:42:08.866 [info] > git for-each-ref --format=%(refname)%00%(upstream:short)%00%(objectname)%00%(upstream:track)%00%(upstream:remotename)%00%(upstream:remoteref) refs/heads/main refs/remotes/main [9ms]
2024-04-18 11:42:08.901 [info] > git status -z -uall [9ms]
2024-04-18 11:42:13.950 [info] > git config --get commit.template [21ms]
2024-04-18 11:42:13.953 [info] > git for-each-ref --format=%(refname)%00%(upstream:short)%00%(objectname)%00%(upstream:track)%00%(upstream:remotename)%00%(upstream:remoteref) refs/heads/main refs/remotes/main [5ms]
2024-04-18 11:42:13.983 [info] > git status -z -uall [6ms]
2024-04-18 11:46:07.324 [info] > git show --textconv :basics/L2_speed_control.py [24ms]
2024-04-18 11:46:07.334 [info] > git ls-files --stage -- /home/pi/mxet300_lab/basics/L2_speed_control.py [13ms]
2024-04-18 11:46:07.385 [info] > git cat-file -s 869261b3df923eae31b6dffcab3adeffd7b4e904 [11ms]
2024-04-18 11:48:32.436 [info] > git show --textconv :basics/shapeMotions.py [34ms]
2024-04-18 11:48:32.442 [info] > git ls-files --stage -- /home/pi/mxet300_lab/basics/shapeMotions.py [14ms]
2024-04-18 11:48:32.476 [info] > git cat-file -s 11af98435b09d1f1cf5067176363e73195711630 [10ms]
2024-04-18 11:48:39.187 [info] > git show --textconv :basics/Final.py [47ms]
2024-04-18 11:48:39.195 [info] > git ls-files --stage -- /home/pi/mxet300_lab/basics/Final.py [19ms]
2024-04-18 11:48:39.241 [info] > git cat-file -s 1e776afe30fc2011832de32de13ff38b8b7e1d32 [11ms]
2024-04-18 11:48:41.834 [info] > git show --textconv :basics/shapeMotions.py [20ms]
2024-04-18 11:48:41.837 [info] > git ls-files --stage -- /home/pi/mxet300_lab/basics/shapeMotions.py [5ms]
2024-04-18 11:48:41.860 [info] > git cat-file -s 11af98435b09d1f1cf5067176363e73195711630 [4ms]
2024-04-18 11:48:48.157 [info] > git show --textconv :basics/L2_speed_control.py [20ms]
2024-04-18 11:48:48.160 [info] > git ls-files --stage -- /home/pi/mxet300_lab/basics/L2_speed_control.py [4ms]
2024-04-18 11:48:48.183 [info] > git cat-file -s 869261b3df923eae31b6dffcab3adeffd7b4e904 [6ms]
2024-04-18 11:48:51.795 [info] > git show --textconv :basics/nodeRedShape.py [42ms]
2024-04-18 11:48:51.805 [info] > git ls-files --stage -- /home/pi/mxet300_lab/basics/nodeRedShape.py [16ms]
2024-04-18 11:48:51.846 [info] > git cat-file -s 1e9f961cc1db30942e1c1c339c82c998890f29fd [11ms]
2024-04-18 11:48:56.398 [info] > git show --textconv :basics/shapeMotions.py [41ms]
2024-04-18 11:48:56.404 [info] > git ls-files --stage -- /home/pi/mxet300_lab/basics/shapeMotions.py [14ms]
2024-04-18 11:48:56.446 [info] > git cat-file -s 11af98435b09d1f1cf5067176363e73195711630 [11ms]
2024-04-18 11:52:06.885 [info] > git show --textconv :basics/L2_speed_control.py [43ms]
2024-04-18 11:52:06.893 [info] > git ls-files --stage -- /home/pi/mxet300_lab/basics/L2_speed_control.py [15ms]
2024-04-18 11:52:06.933 [info] > git cat-file -s 869261b3df923eae31b6dffcab3adeffd7b4e904 [8ms]
2024-04-18 11:52:18.488 [info] > git show --textconv :basics/shapeMotions.py [48ms]
2024-04-18 11:52:18.495 [info] > git ls-files --stage -- /home/pi/mxet300_lab/basics/shapeMotions.py [18ms]
2024-04-18 11:52:18.537 [info] > git cat-file -s 11af98435b09d1f1cf5067176363e73195711630 [9ms]
2024-04-18 11:55:09.268 [info] > git config --get commit.template [35ms]
2024-04-18 11:55:09.271 [info] > git for-each-ref --format=%(refname)%00%(upstream:short)%00%(objectname)%00%(upstream:track)%00%(upstream:remotename)%00%(upstream:remoteref) refs/heads/main refs/remotes/main [8ms]
2024-04-18 11:55:09.307 [info] > git status -z -uall [6ms]
2024-04-18 11:55:14.354 [info] > git config --get commit.template [21ms]
2024-04-18 11:55:14.356 [info] > git for-each-ref --format=%(refname)%00%(upstream:short)%00%(objectname)%00%(upstream:track)%00%(upstream:remotename)%00%(upstream:remoteref) refs/heads/main refs/remotes/main [5ms]
2024-04-18 11:55:14.381 [info] > git status -z -uall [5ms]
2024-04-18 11:57:23.963 [info] > git config --get commit.template [35ms]
2024-04-18 11:57:23.967 [info] > git for-each-ref --format=%(refname)%00%(upstream:short)%00%(objectname)%00%(upstream:track)%00%(upstream:remotename)%00%(upstream:remoteref) refs/heads/main refs/remotes/main [7ms]
2024-04-18 11:57:24.005 [info] > git status -z -uall [8ms]
2024-04-18 11:57:29.100 [info] > git config --get commit.template [41ms]
2024-04-18 11:57:29.103 [info] > git for-each-ref --format=%(refname)%00%(upstream:short)%00%(objectname)%00%(upstream:track)%00%(upstream:remotename)%00%(upstream:remoteref) refs/heads/main refs/remotes/main [6ms]
2024-04-18 11:57:29.140 [info] > git status -z -uall [8ms]
2024-04-18 11:57:57.174 [info] > git config --get commit.template [31ms]
2024-04-18 11:57:57.180 [info] > git for-each-ref --format=%(refname)%00%(upstream:short)%00%(objectname)%00%(upstream:track)%00%(upstream:remotename)%00%(upstream:remoteref) refs/heads/main refs/remotes/main [8ms]
2024-04-18 11:57:57.218 [info] > git status -z -uall [9ms]
2024-04-18 12:00:37.804 [info] > git config --get commit.template [49ms]
2024-04-18 12:00:37.808 [info] > git for-each-ref --format=%(refname)%00%(upstream:short)%00%(objectname)%00%(upstream:track)%00%(upstream:remotename)%00%(upstream:remoteref) refs/heads/main refs/remotes/main [11ms]
2024-04-18 12:00:37.840 [info] > git status -z -uall [6ms]
2024-04-18 12:00:43.335 [info] > git config --get commit.template [21ms]
2024-04-18 12:00:43.338 [info] > git for-each-ref --format=%(refname)%00%(upstream:short)%00%(objectname)%00%(upstream:track)%00%(upstream:remotename)%00%(upstream:remoteref) refs/heads/main refs/remotes/main [4ms]
2024-04-18 12:00:43.363 [info] > git status -z -uall [5ms]
2024-04-18 12:02:46.415 [info] > git config --get commit.template [8ms]
2024-04-18 12:02:46.460 [info] > git for-each-ref --format=%(refname)%00%(upstream:short)%00%(objectname)%00%(upstream:track)%00%(upstream:remotename)%00%(upstream:remoteref) refs/heads/main refs/remotes/main [9ms]
2024-04-18 12:02:46.495 [info] > git status -z -uall [7ms]
2024-04-18 12:02:56.512 [info] > git config --get commit.template [22ms]
2024-04-18 12:02:56.515 [info] > git for-each-ref --format=%(refname)%00%(upstream:short)%00%(objectname)%00%(upstream:track)%00%(upstream:remotename)%00%(upstream:remoteref) refs/heads/main refs/remotes/main [5ms]
2024-04-18 12:02:56.540 [info] > git status -z -uall [6ms]
2024-04-18 12:04:07.160 [info] > git config --get commit.template [40ms]
2024-04-18 12:04:07.164 [info] > git for-each-ref --format=%(refname)%00%(upstream:short)%00%(objectname)%00%(upstream:track)%00%(upstream:remotename)%00%(upstream:remoteref) refs/heads/main refs/remotes/main [9ms]
2024-04-18 12:04:07.201 [info] > git status -z -uall [6ms]
2024-04-18 12:04:14.451 [info] > git config --get commit.template [28ms]
2024-04-18 12:04:14.457 [info] > git for-each-ref --format=%(refname)%00%(upstream:short)%00%(objectname)%00%(upstream:track)%00%(upstream:remotename)%00%(upstream:remoteref) refs/heads/main refs/remotes/main [11ms]
2024-04-18 12:04:14.512 [info] > git status -z -uall [13ms]
2024-04-18 12:06:51.189 [info] > git show --textconv :basics/nodeRedShape.py [50ms]
2024-04-18 12:06:51.195 [info] > git ls-files --stage -- /home/pi/mxet300_lab/basics/nodeRedShape.py [15ms]
2024-04-18 12:06:51.228 [info] > git cat-file -s 1e9f961cc1db30942e1c1c339c82c998890f29fd [8ms]
2024-04-18 12:06:53.474 [info] > git show --textconv :basics/L2_speed_control.py [37ms]
2024-04-18 12:06:53.480 [info] > git ls-files --stage -- /home/pi/mxet300_lab/basics/L2_speed_control.py [12ms]
2024-04-18 12:06:53.513 [info] > git cat-file -s 869261b3df923eae31b6dffcab3adeffd7b4e904 [7ms]
2024-04-18 12:07:35.862 [info] > git config --get commit.template [52ms]
2024-04-18 12:07:35.863 [info] > git for-each-ref --format=%(refname)%00%(upstream:short)%00%(objectname)%00%(upstream:track)%00%(upstream:remotename)%00%(upstream:remoteref) refs/heads/main refs/remotes/main [5ms]
2024-04-18 12:07:35.889 [info] > git status -z -uall [7ms]
2024-04-18 12:07:36.718 [info] > git show --textconv :basics/Final.py [42ms]
2024-04-18 12:07:36.732 [info] > git ls-files --stage -- /home/pi/mxet300_lab/basics/Final.py [19ms]
2024-04-18 12:07:36.765 [info] > git cat-file -s 1e776afe30fc2011832de32de13ff38b8b7e1d32 [7ms]
2024-04-18 12:07:40.922 [info] > git config --get commit.template [2ms]
2024-04-18 12:07:40.947 [info] > git for-each-ref --format=%(refname)%00%(upstream:short)%00%(objectname)%00%(upstream:track)%00%(upstream:remotename)%00%(upstream:remoteref) refs/heads/main refs/remotes/main [7ms]
2024-04-18 12:07:40.981 [info] > git status -z -uall [9ms]
2024-04-18 12:09:40.643 [info] > git show --textconv :basics/shapeMotions.py [51ms]
2024-04-18 12:09:40.649 [info] > git ls-files --stage -- /home/pi/mxet300_lab/basics/shapeMotions.py [15ms]
2024-04-18 12:09:40.678 [info] > git cat-file -s 11af98435b09d1f1cf5067176363e73195711630 [4ms]
2024-04-18 12:10:06.639 [info] > git show --textconv :basics/nodeRedShape.py [39ms]
2024-04-18 12:10:06.645 [info] > git ls-files --stage -- /home/pi/mxet300_lab/basics/nodeRedShape.py [13ms]
2024-04-18 12:10:06.674 [info] > git cat-file -s 1e9f961cc1db30942e1c1c339c82c998890f29fd [5ms]
2024-04-18 12:10:11.019 [info] > git show --textconv :basics/shapeMotions.py [38ms]
2024-04-18 12:10:11.027 [info] > git ls-files --stage -- /home/pi/mxet300_lab/basics/shapeMotions.py [13ms]
2024-04-18 12:10:11.061 [info] > git cat-file -s 11af98435b09d1f1cf5067176363e73195711630 [8ms]
2024-04-18 12:12:35.921 [info] > git config --get commit.template [12ms]
2024-04-18 12:12:35.955 [info] > git for-each-ref --format=%(refname)%00%(upstream:short)%00%(objectname)%00%(upstream:track)%00%(upstream:remotename)%00%(upstream:remoteref) refs/heads/main refs/remotes/main [5ms]
2024-04-18 12:12:35.980 [info] > git status -z -uall [6ms]
2024-04-18 12:12:41.133 [info] > git config --get commit.template [21ms]
2024-04-18 12:12:41.135 [info] > git for-each-ref --format=%(refname)%00%(upstream:short)%00%(objectname)%00%(upstream:track)%00%(upstream:remotename)%00%(upstream:remoteref) refs/heads/main refs/remotes/main [4ms]
2024-04-18 12:12:41.160 [info] > git status -z -uall [6ms]
2024-04-18 12:13:30.841 [info] > git config --get commit.template [12ms]
2024-04-18 12:13:30.887 [info] > git for-each-ref --format=%(refname)%00%(upstream:short)%00%(objectname)%00%(upstream:track)%00%(upstream:remotename)%00%(upstream:remoteref) refs/heads/main refs/remotes/main [8ms]
2024-04-18 12:13:30.912 [info] > git status -z -uall [6ms]
2024-04-18 12:13:36.770 [info] > git config --get commit.template [33ms]
2024-04-18 12:13:36.774 [info] > git for-each-ref --format=%(refname)%00%(upstream:short)%00%(objectname)%00%(upstream:track)%00%(upstream:remotename)%00%(upstream:remoteref) refs/heads/main refs/remotes/main [7ms]
2024-04-18 12:13:36.813 [info] > git status -z -uall [9ms]
2024-04-18 12:14:34.564 [info] > git show --textconv :basics/nodeRedShape.py [42ms]
2024-04-18 12:14:34.572 [info] > git ls-files --stage -- /home/pi/mxet300_lab/basics/nodeRedShape.py [13ms]
2024-04-18 12:14:34.596 [info] > git cat-file -s 1e9f961cc1db30942e1c1c339c82c998890f29fd [6ms]
2024-04-18 12:14:39.990 [info] > git show --textconv :basics/L2_speed_control.py [53ms]
2024-04-18 12:14:39.997 [info] > git ls-files --stage -- /home/pi/mxet300_lab/basics/L2_speed_control.py [16ms]
2024-04-18 12:14:40.021 [info] > git cat-file -s 869261b3df923eae31b6dffcab3adeffd7b4e904 [5ms]
2024-04-18 12:14:50.544 [info] > git config --get commit.template [23ms]
2024-04-18 12:14:50.546 [info] > git for-each-ref --format=%(refname)%00%(upstream:short)%00%(objectname)%00%(upstream:track)%00%(upstream:remotename)%00%(upstream:remoteref) refs/heads/main refs/remotes/main [4ms]
2024-04-18 12:14:50.571 [info] > git status -z -uall [6ms]
2024-04-18 12:14:51.761 [info] > git show --textconv :basics/Final.py [35ms]
2024-04-18 12:14:51.767 [info] > git ls-files --stage -- /home/pi/mxet300_lab/basics/Final.py [10ms]
2024-04-18 12:14:51.803 [info] > git cat-file -s 1e776afe30fc2011832de32de13ff38b8b7e1d32 [8ms]
2024-04-18 12:14:52.807 [info] > git show --textconv :basics/shapeMotions.py [44ms]
2024-04-18 12:14:52.818 [info] > git ls-files --stage -- /home/pi/mxet300_lab/basics/shapeMotions.py [21ms]
2024-04-18 12:14:52.858 [info] > git cat-file -s 11af98435b09d1f1cf5067176363e73195711630 [7ms]
2024-04-18 12:14:55.853 [info] > git config --get commit.template [22ms]
2024-04-18 12:14:55.855 [info] > git for-each-ref --format=%(refname)%00%(upstream:short)%00%(objectname)%00%(upstream:track)%00%(upstream:remotename)%00%(upstream:remoteref) refs/heads/main refs/remotes/main [4ms]
2024-04-18 12:14:55.881 [info] > git status -z -uall [6ms]
2024-04-18 12:16:06.335 [info] > git config --get commit.template [32ms]
2024-04-18 12:16:06.339 [info] > git for-each-ref --format=%(refname)%00%(upstream:short)%00%(objectname)%00%(upstream:track)%00%(upstream:remotename)%00%(upstream:remoteref) refs/heads/main refs/remotes/main [7ms]
2024-04-18 12:16:06.377 [info] > git status -z -uall [9ms]
2024-04-18 12:16:12.923 [info] > git config --get commit.template [21ms]
2024-04-18 12:16:12.925 [info] > git for-each-ref --format=%(refname)%00%(upstream:short)%00%(objectname)%00%(upstream:track)%00%(upstream:remotename)%00%(upstream:remoteref) refs/heads/main refs/remotes/main [5ms]
2024-04-18 12:16:12.951 [info] > git status -z -uall [6ms]
2024-04-18 12:17:00.519 [info] > git show --textconv :basics/nodeRedShape.py [52ms]
2024-04-18 12:17:00.524 [info] > git ls-files --stage -- /home/pi/mxet300_lab/basics/nodeRedShape.py [13ms]
2024-04-18 12:17:00.560 [info] > git cat-file -s 1e9f961cc1db30942e1c1c339c82c998890f29fd [10ms]
2024-04-18 12:17:01.543 [info] > git show --textconv :basics/L2_speed_control.py [45ms]
2024-04-18 12:17:01.550 [info] > git ls-files --stage -- /home/pi/mxet300_lab/basics/L2_speed_control.py [18ms]
2024-04-18 12:17:01.587 [info] > git cat-file -s 869261b3df923eae31b6dffcab3adeffd7b4e904 [9ms]
2024-04-18 12:17:36.272 [info] > git show --textconv :basics/shapeMotions.py [43ms]
2024-04-18 12:17:36.283 [info] > git ls-files --stage -- /home/pi/mxet300_lab/basics/shapeMotions.py [11ms]
2024-04-18 12:17:36.319 [info] > git cat-file -s 11af98435b09d1f1cf5067176363e73195711630 [5ms]
2024-04-18 12:21:01.216 [info] > git config --get commit.template [46ms]
2024-04-18 12:21:01.220 [info] > git for-each-ref --format=%(refname)%00%(upstream:short)%00%(objectname)%00%(upstream:track)%00%(upstream:remotename)%00%(upstream:remoteref) refs/heads/main refs/remotes/main [9ms]
2024-04-18 12:21:01.256 [info] > git status -z -uall [9ms]
2024-04-18 12:21:07.956 [info] > git config --get commit.template [5ms]
2024-04-18 12:21:07.980 [info] > git for-each-ref --format=%(refname)%00%(upstream:short)%00%(objectname)%00%(upstream:track)%00%(upstream:remotename)%00%(upstream:remoteref) refs/heads/main refs/remotes/main [5ms]
2024-04-18 12:21:08.006 [info] > git status -z -uall [6ms]
2024-04-18 12:21:38.325 [info] > git config --get commit.template [36ms]
2024-04-18 12:21:38.329 [info] > git for-each-ref --format=%(refname)%00%(upstream:short)%00%(objectname)%00%(upstream:track)%00%(upstream:remotename)%00%(upstream:remoteref) refs/heads/main refs/remotes/main [8ms]
2024-04-18 12:21:38.373 [info] > git status -z -uall [11ms]
2024-04-18 12:21:43.898 [info] > git config --get commit.template [38ms]
2024-04-18 12:21:43.902 [info] > git for-each-ref --format=%(refname)%00%(upstream:short)%00%(objectname)%00%(upstream:track)%00%(upstream:remotename)%00%(upstream:remoteref) refs/heads/main refs/remotes/main [8ms]
2024-04-18 12:21:43.947 [info] > git status -z -uall [11ms]
2024-04-18 12:21:51.618 [info] > git show --textconv :basics/nodeRedShape.py [25ms]
2024-04-18 12:21:51.622 [info] > git ls-files --stage -- /home/pi/mxet300_lab/basics/nodeRedShape.py [10ms]
2024-04-18 12:21:51.646 [info] > git cat-file -s 1e9f961cc1db30942e1c1c339c82c998890f29fd [4ms]
2024-04-18 12:21:57.473 [info] > git show --textconv :basics/L2_speed_control.py [26ms]
2024-04-18 12:21:57.476 [info] > git ls-files --stage -- /home/pi/mxet300_lab/basics/L2_speed_control.py [8ms]
2024-04-18 12:21:57.500 [info] > git cat-file -s 869261b3df923eae31b6dffcab3adeffd7b4e904 [3ms]
2024-04-18 12:22:18.499 [info] > git show --textconv :basics/shapeMotions.py [46ms]
2024-04-18 12:22:18.503 [info] > git ls-files --stage -- /home/pi/mxet300_lab/basics/shapeMotions.py [14ms]
2024-04-18 12:22:18.549 [info] > git cat-file -s 11af98435b09d1f1cf5067176363e73195711630 [11ms]
2024-04-18 12:27:08.579 [info] > git config --get commit.template [22ms]
2024-04-18 12:27:08.582 [info] > git for-each-ref --format=%(refname)%00%(upstream:short)%00%(objectname)%00%(upstream:track)%00%(upstream:remotename)%00%(upstream:remoteref) refs/heads/main refs/remotes/main [4ms]
2024-04-18 12:27:08.608 [info] > git status -z -uall [5ms]
2024-04-18 12:27:15.623 [info] > git config --get commit.template [3ms]
2024-04-18 12:27:15.663 [info] > git for-each-ref --format=%(refname)%00%(upstream:short)%00%(objectname)%00%(upstream:track)%00%(upstream:remotename)%00%(upstream:remoteref) refs/heads/main refs/remotes/main [9ms]
2024-04-18 12:27:15.700 [info] > git status -z -uall [7ms]
