2024-03-28 09:00:29.203 [info] Experiment 'pythonRecommendTensorboardExt' is active
2024-03-28 09:00:29.203 [info] Experiment 'pythonREPLSmartSend' is active
2024-03-28 09:00:29.203 [info] Experiment 'pythonSurveyNotificationcf' is active
2024-03-28 09:00:29.203 [info] Experiment 'pythonTerminalEnvVarActivation' is active
2024-03-28 09:00:29.203 [info] Experiment 'pythonTestAdapter' is active
2024-03-28 09:00:31.018 [info] Test server listening.
2024-03-28 09:00:31.072 [info] > C:\Users\Justin\Anaconda3\python.exe -c "import sys;print(sys.executable)"
2024-03-28 09:00:31.088 [error] [Error: Command failed: C:\Users\Justin\Anaconda3\python.exe -c "import sys;print(sys.executable)"
/bin/sh: 1: C:UsersJustinAnaconda3python.exe: not found

	at ChildProcess.exithandler (node:child_process:420:12)
	at ChildProcess.emit (node:events:526:35)
	at maybeClose (node:internal/child_process:1091:16)
	at Socket.<anonymous> (node:internal/child_process:449:11)
	at Socket.emit (node:events:514:28)
	at Pipe.<anonymous> (node:net:323:12)] {
  code: 127,
  killed: false,
  signal: null,
  cmd: 'C:\\Users\\Justin\\Anaconda3\\python.exe -c "import sys;print(sys.executable)"'
}
2024-03-28 09:00:31.476 [warning] Retry failed, storage update failed for key PYTHON_WORKSPACE_STORAGE_KEYS
2024-03-28 09:00:31.476 [warning] Retry failed, storage update failed for key PYTHON_WORKSPACE_STORAGE_KEYS
2024-03-28 09:00:32.287 [warning] Shell integration may not be active, environment activated may be overridden by the shell.
2024-03-28 09:00:34.618 [info] Starting Pylance language server.
