2024-03-21 09:13:17.355 [info] Log level: Info
2024-03-21 09:13:17.355 [info] Validating found git in: "git"
2024-03-21 09:13:17.355 [info] Using git "2.20.1" from "git"
2024-03-21 09:13:17.355 [info] > git rev-parse --show-toplevel [9ms]
2024-03-21 09:13:17.355 [info] fatal: not a git repository (or any of the parent directories): .git
2024-03-21 09:13:17.355 [info] > git rev-parse --show-toplevel [8ms]
2024-03-21 09:13:17.355 [info] fatal: not a git repository (or any of the parent directories): .git
2024-03-21 09:13:17.355 [info] > git rev-parse --show-toplevel [11ms]
2024-03-21 09:13:17.355 [info] fatal: not a git repository (or any of the parent directories): .git
2024-03-21 09:13:17.359 [info] > git rev-parse --show-toplevel [6ms]
2024-03-21 09:13:17.359 [info] fatal: not a git repository (or any of the parent directories): .git
2024-03-21 09:13:17.484 [info] > git rev-parse --show-toplevel [111ms]
2024-03-21 09:13:17.484 [info] fatal: not a git repository (or any of the parent directories): .git
2024-03-21 09:13:17.518 [info] > git rev-parse --show-toplevel [17ms]
2024-03-21 09:13:17.518 [info] fatal: not a git repository (or any of the parent directories): .git
2024-03-21 09:13:17.553 [info] > git rev-parse --show-toplevel [20ms]
2024-03-21 09:13:17.554 [info] fatal: not a git repository (or any of the parent directories): .git
2024-03-21 09:13:17.588 [info] > git rev-parse --show-toplevel [4ms]
2024-03-21 09:13:17.589 [info] fatal: not a git repository (or any of the parent directories): .git
2024-03-21 09:13:17.669 [info] > git rev-parse --show-toplevel [66ms]
2024-03-21 09:13:17.669 [info] fatal: not a git repository (or any of the parent directories): .git
2024-03-21 09:13:17.724 [info] > git rev-parse --show-toplevel [5ms]
2024-03-21 09:13:17.724 [info] fatal: not a git repository (or any of the parent directories): .git
2024-03-21 09:16:49.569 [info] > git rev-parse --show-toplevel [5ms]
2024-03-21 09:16:49.569 [info] fatal: not a git repository (or any of the parent directories): .git
2024-03-21 09:22:32.151 [info] > git rev-parse --show-toplevel [6ms]
2024-03-21 09:22:32.152 [info] fatal: not a git repository (or any of the parent directories): .git
2024-03-21 09:27:52.126 [info] > git rev-parse --show-toplevel [13ms]
2024-03-21 09:27:52.126 [info] fatal: not a git repository (or any of the parent directories): .git
2024-03-21 09:33:14.130 [info] > git rev-parse --show-toplevel [9ms]
2024-03-21 09:33:14.130 [info] fatal: not a git repository (or any of the parent directories): .git
