2024-03-28 08:46:05.032 [info] Log level: Info
2024-03-28 08:46:05.033 [info] Validating found git in: "git"
2024-03-28 08:46:05.033 [info] Using git "2.20.1" from "git"
2024-03-28 08:46:05.033 [info] > git rev-parse --show-toplevel [9ms]
2024-03-28 08:46:05.033 [info] > git rev-parse --git-dir --git-common-dir [10ms]
2024-03-28 08:46:05.033 [info] Open repository: /home/pi/mxet300_lab
2024-03-28 08:46:05.033 [info] > git rev-parse --show-toplevel [42ms]
2024-03-28 08:46:05.033 [info] > git config --get commit.template [67ms]
2024-03-28 08:46:05.033 [info] > git for-each-ref --format=%(refname)%00%(upstream:short)%00%(objectname)%00%(upstream:track)%00%(upstream:remotename)%00%(upstream:remoteref) refs/heads/main refs/remotes/main [164ms]
2024-03-28 08:46:05.033 [info] > git rev-parse --show-toplevel [190ms]
2024-03-28 08:46:05.070 [info] > git rev-parse --show-toplevel [21ms]
2024-03-28 08:46:05.121 [info] > git status -z -uall [10ms]
2024-03-28 08:46:05.177 [info] > git config --get commit.template [8ms]
2024-03-28 08:46:05.294 [info] > git for-each-ref --format=%(refname)%00%(upstream:short)%00%(objectname)%00%(upstream:track)%00%(upstream:remotename)%00%(upstream:remoteref) refs/heads/main refs/remotes/main [90ms]
2024-03-28 08:46:05.323 [info] > git status -z -uall [8ms]
2024-03-28 08:46:05.615 [info] > git check-ignore -v -z --stdin [4ms]
2024-03-28 08:46:08.289 [info] > git show --textconv :Node-RED_Flows/nodered_color_tracking.json [24ms]
2024-03-28 08:46:08.358 [info] > git ls-files --stage -- /home/pi/mxet300_lab/Node-RED_Flows/nodered_color_tracking.json [75ms]
2024-03-28 08:49:21.942 [info] > git config --get commit.template [12ms]
2024-03-28 08:49:21.969 [info] > git for-each-ref --format=%(refname)%00%(upstream:short)%00%(objectname)%00%(upstream:track)%00%(upstream:remotename)%00%(upstream:remoteref) refs/heads/main refs/remotes/main [5ms]
2024-03-28 08:49:21.992 [info] > git status -z -uall [6ms]
2024-03-28 08:58:55.576 [info] > git config --get commit.template [31ms]
2024-03-28 08:58:55.578 [info] > git for-each-ref --format=%(refname)%00%(upstream:short)%00%(objectname)%00%(upstream:track)%00%(upstream:remotename)%00%(upstream:remoteref) refs/heads/main refs/remotes/main [10ms]
2024-03-28 08:58:55.609 [info] > git status -z -uall [8ms]
2024-03-28 08:59:13.945 [info] > git check-ignore -v -z --stdin [4ms]
2024-03-28 09:02:13.215 [info] > git config --get commit.template [39ms]
2024-03-28 09:02:13.222 [info] > git for-each-ref --format=%(refname)%00%(upstream:short)%00%(objectname)%00%(upstream:track)%00%(upstream:remotename)%00%(upstream:remoteref) refs/heads/main refs/remotes/main [13ms]
2024-03-28 09:02:13.252 [info] > git status -z -uall [6ms]
2024-03-28 09:02:18.303 [info] > git config --get commit.template [19ms]
2024-03-28 09:02:18.306 [info] > git for-each-ref --format=%(refname)%00%(upstream:short)%00%(objectname)%00%(upstream:track)%00%(upstream:remotename)%00%(upstream:remoteref) refs/heads/main refs/remotes/main [5ms]
2024-03-28 09:02:18.326 [info] > git status -z -uall [5ms]
2024-03-28 09:03:48.911 [info] > git config --get commit.template [18ms]
2024-03-28 09:03:48.914 [info] > git for-each-ref --format=%(refname)%00%(upstream:short)%00%(objectname)%00%(upstream:track)%00%(upstream:remotename)%00%(upstream:remoteref) refs/heads/main refs/remotes/main [5ms]
2024-03-28 09:03:48.935 [info] > git status -z -uall [6ms]
2024-03-28 09:13:26.230 [info] > git config --get commit.template [19ms]
2024-03-28 09:13:26.232 [info] > git for-each-ref --format=%(refname)%00%(upstream:short)%00%(objectname)%00%(upstream:track)%00%(upstream:remotename)%00%(upstream:remoteref) refs/heads/main refs/remotes/main [5ms]
2024-03-28 09:13:26.256 [info] > git status -z -uall [5ms]
2024-03-28 09:14:24.443 [info] > git config --get commit.template [39ms]
2024-03-28 09:14:24.447 [info] > git for-each-ref --format=%(refname)%00%(upstream:short)%00%(objectname)%00%(upstream:track)%00%(upstream:remotename)%00%(upstream:remoteref) refs/heads/main refs/remotes/main [7ms]
2024-03-28 09:14:24.467 [info] > git status -z -uall [5ms]
2024-03-28 09:23:39.253 [info] > git config --get commit.template [26ms]
2024-03-28 09:23:39.256 [info] > git for-each-ref --format=%(refname)%00%(upstream:short)%00%(objectname)%00%(upstream:track)%00%(upstream:remotename)%00%(upstream:remoteref) refs/heads/main refs/remotes/main [8ms]
2024-03-28 09:23:39.286 [info] > git status -z -uall [7ms]
2024-03-28 09:30:49.401 [info] > git config --get commit.template [19ms]
2024-03-28 09:30:49.403 [info] > git for-each-ref --format=%(refname)%00%(upstream:short)%00%(objectname)%00%(upstream:track)%00%(upstream:remotename)%00%(upstream:remoteref) refs/heads/main refs/remotes/main [5ms]
2024-03-28 09:30:49.425 [info] > git status -z -uall [6ms]
2024-03-28 09:30:54.506 [info] > git config --get commit.template [38ms]
2024-03-28 09:30:54.517 [info] > git for-each-ref --format=%(refname)%00%(upstream:short)%00%(objectname)%00%(upstream:track)%00%(upstream:remotename)%00%(upstream:remoteref) refs/heads/main refs/remotes/main [16ms]
2024-03-28 09:30:54.558 [info] > git status -z -uall [7ms]
2024-03-28 09:35:10.680 [info] > git config --get commit.template [4ms]
2024-03-28 09:35:10.711 [info] > git for-each-ref --format=%(refname)%00%(upstream:short)%00%(objectname)%00%(upstream:track)%00%(upstream:remotename)%00%(upstream:remoteref) refs/heads/main refs/remotes/main [6ms]
2024-03-28 09:35:10.749 [info] > git status -z -uall [12ms]
2024-03-28 09:35:15.807 [info] > git config --get commit.template [21ms]
2024-03-28 09:35:15.811 [info] > git for-each-ref --format=%(refname)%00%(upstream:short)%00%(objectname)%00%(upstream:track)%00%(upstream:remotename)%00%(upstream:remoteref) refs/heads/main refs/remotes/main [7ms]
2024-03-28 09:35:15.833 [info] > git status -z -uall [5ms]
2024-03-28 09:35:20.932 [info] > git config --get commit.template [37ms]
2024-03-28 09:35:20.934 [info] > git for-each-ref --format=%(refname)%00%(upstream:short)%00%(objectname)%00%(upstream:track)%00%(upstream:remotename)%00%(upstream:remoteref) refs/heads/main refs/remotes/main [9ms]
2024-03-28 09:35:20.970 [info] > git status -z -uall [8ms]
2024-03-28 09:55:32.430 [info] > git config --get commit.template [18ms]
2024-03-28 09:55:32.432 [info] > git for-each-ref --format=%(refname)%00%(upstream:short)%00%(objectname)%00%(upstream:track)%00%(upstream:remotename)%00%(upstream:remoteref) refs/heads/main refs/remotes/main [5ms]
2024-03-28 09:55:32.457 [info] > git status -z -uall [4ms]
2024-03-28 09:56:54.570 [info] > git config --get commit.template [17ms]
2024-03-28 09:56:54.572 [info] > git for-each-ref --format=%(refname)%00%(upstream:short)%00%(objectname)%00%(upstream:track)%00%(upstream:remotename)%00%(upstream:remoteref) refs/heads/main refs/remotes/main [5ms]
2024-03-28 09:56:54.599 [info] > git status -z -uall [11ms]
2024-03-28 09:56:54.675 [info] > git ls-files --stage -- /home/pi/mxet300_lab/Node-RED_Flows/nodered_color_tracking.json [4ms]
2024-03-28 09:56:54.697 [info] > git cat-file -s 291f41887cb2af7d1466afad429b0106977ab0f8 [7ms]
2024-03-28 09:56:54.738 [info] > git show --textconv :Node-RED_Flows/nodered_color_tracking.json [5ms]
2024-03-28 09:57:24.539 [info] > git config --get commit.template [29ms]
2024-03-28 09:57:24.554 [info] > git for-each-ref --format=%(refname)%00%(upstream:short)%00%(objectname)%00%(upstream:track)%00%(upstream:remotename)%00%(upstream:remoteref) refs/heads/main refs/remotes/main [18ms]
2024-03-28 09:57:24.585 [info] > git status -z -uall [9ms]
2024-03-28 09:57:24.647 [info] > git ls-files --stage -- /home/pi/mxet300_lab/Node-RED_Flows/nodered_color_tracking.json [5ms]
2024-03-28 09:57:24.665 [info] > git cat-file -s 291f41887cb2af7d1466afad429b0106977ab0f8 [5ms]
2024-03-28 09:57:24.693 [info] > git show --textconv :Node-RED_Flows/nodered_color_tracking.json [5ms]
2024-03-28 09:57:30.784 [info] > git config --get commit.template [37ms]
2024-03-28 09:57:30.786 [info] > git for-each-ref --format=%(refname)%00%(upstream:short)%00%(objectname)%00%(upstream:track)%00%(upstream:remotename)%00%(upstream:remoteref) refs/heads/main refs/remotes/main [5ms]
2024-03-28 09:57:30.809 [info] > git status -z -uall [6ms]
2024-03-28 09:57:30.845 [info] > git ls-files --stage -- /home/pi/mxet300_lab/Node-RED_Flows/nodered_color_tracking.json [5ms]
2024-03-28 09:57:30.864 [info] > git cat-file -s 291f41887cb2af7d1466afad429b0106977ab0f8 [5ms]
2024-03-28 09:57:30.893 [info] > git show --textconv :Node-RED_Flows/nodered_color_tracking.json [4ms]
