2024-04-18 08:33:34.037 [info] (Client) Pylance async client (2024.4.1) started with python extension (2024.4.1)
2024-04-18 08:33:36.478 [info] [Info  - 08:33:36] (1102) Pylance language server 2024.4.1 (pyright version 1.1.356, commit 6652c4a8) starting
2024-04-18 08:33:36.481 [info] [Info  - 08:33:36] (1102) Server root directory: file:///home/pi/.vscode-server/extensions/ms-python.vscode-pylance-2024.4.1/dist
2024-04-18 08:33:36.482 [info] [Info  - 08:33:36] (1102) Starting service instance "basics"
2024-04-18 08:33:36.669 [info] [Info  - 08:33:36] (1102) Setting pythonPath for service "basics": "/usr/bin/python3"
2024-04-18 08:33:36.670 [info] [Info  - 08:33:36] (1102) Setting environmentName for service "basics": "3.7.3 (global)"
2024-04-18 08:33:36.793 [info] [Info  - 08:33:36] (1102) Assuming Python version 3.7.3.final.0
2024-04-18 08:33:39.070 [info] [Info  - 08:33:39] (1102) Found 25 source files
2024-04-18 08:33:40.686 [info] [Info  - 08:33:40] (1102) Background analysis(1) root directory: file:///home/pi/.vscode-server/extensions/ms-python.vscode-pylance-2024.4.1/dist
2024-04-18 08:33:40.686 [info] [Info  - 08:33:40] (1102) Background analysis(1) started
2024-04-18 08:33:42.102 [info] [Info  - 08:33:42] (1102) Indexer background runner(2) root directory: file:///home/pi/.vscode-server/extensions/ms-python.vscode-pylance-2024.4.1/dist (index)
2024-04-18 08:33:42.102 [info] [Info  - 08:33:42] (1102) Indexing(2) started
2024-04-18 08:33:46.028 [info] [Info  - 08:33:46] (1102) [BG(1)] Long operation: binding: file:///usr/lib/python3/dist-packages/numpy/core/__init__.py (2831ms)
2024-04-18 08:33:47.684 [info] [Info  - 08:33:47] (1102) [BG(1)] Long operation: binding: file:///usr/lib/python3/dist-packages/numpy/__init__.py (4675ms)
2024-04-18 08:33:48.497 [info] [Info  - 08:33:48] (1102) [BG(1)] Long operation: checking: file:///home/pi/mxet300_lab/basics/Final.py (6629ms)
2024-04-18 08:33:48.499 [info] [Info  - 08:33:48] (1102) [BG(1)] Long operation: analyzing: file:///home/pi/mxet300_lab/basics/Final.py (7820ms)
2024-04-18 08:33:49.673 [info] [Info  - 08:33:49] (1102) [IDX(2)] Long operation: scan packages file:///home/pi/mxet300_lab/basics (7543ms)
2024-04-18 08:33:49.674 [info] [Info  - 08:33:49] (1102) scanned(2) 222 files over 1 exec env
2024-04-18 08:33:55.779 [info] [Info  - 08:33:55] (1102) indexed(2) 155 files over 1 exec env
2024-04-18 08:33:56.602 [info] [Info  - 08:33:56] (1102) Indexing finished(2).
2024-04-18 09:23:26.614 [info] [Info  - 09:23:26] (1102) [FG] Long operation: binding: file:///usr/lib/python3/dist-packages/numpy/__init__.py (2597ms)
