2024-04-18 08:33:33.115 [info] Log level: Info
2024-04-18 08:33:33.115 [info] Validating found git in: "git"
2024-04-18 08:33:33.115 [info] Using git "2.20.1" from "git"
2024-04-18 08:33:33.115 [info] > git rev-parse --show-toplevel [76ms]
2024-04-18 08:33:33.115 [info] > git rev-parse --git-dir --git-common-dir [7ms]
2024-04-18 08:33:33.115 [info] Open repository: /home/pi/mxet300_lab
2024-04-18 08:33:33.115 [info] > git config --get commit.template [38ms]
2024-04-18 08:33:33.115 [info] > git rev-parse --show-toplevel [10ms]
2024-04-18 08:33:33.115 [info] > git for-each-ref --format=%(refname)%00%(upstream:short)%00%(objectname)%00%(upstream:track)%00%(upstream:remotename)%00%(upstream:remoteref) refs/heads/main refs/remotes/main [31ms]
2024-04-18 08:33:33.115 [info] error: object file .git/objects/18/1b8b50d77e7e9a641594a5849ea28b52bb2ea8 is empty
error: object file .git/objects/18/1b8b50d77e7e9a641594a5849ea28b52bb2ea8 is empty
fatal: loose object 181b8b50d77e7e9a641594a5849ea28b52bb2ea8 (stored in .git/objects/18/1b8b50d77e7e9a641594a5849ea28b52bb2ea8) is corrupt
2024-04-18 08:33:33.115 [info] > git rev-parse --show-toplevel [38ms]
2024-04-18 08:33:33.115 [info] > git status -z -uall [32ms]
2024-04-18 08:33:33.115 [info] > git rev-parse --show-toplevel [29ms]
2024-04-18 08:33:33.115 [info] > git config --get commit.template [127ms]
2024-04-18 08:33:33.115 [info] > git for-each-ref --format=%(refname)%00%(upstream:short)%00%(objectname)%00%(upstream:track)%00%(upstream:remotename)%00%(upstream:remoteref) refs/heads/main refs/remotes/main [62ms]
2024-04-18 08:33:33.115 [info] error: object file .git/objects/18/1b8b50d77e7e9a641594a5849ea28b52bb2ea8 is empty
error: object file .git/objects/18/1b8b50d77e7e9a641594a5849ea28b52bb2ea8 is empty
fatal: loose object 181b8b50d77e7e9a641594a5849ea28b52bb2ea8 (stored in .git/objects/18/1b8b50d77e7e9a641594a5849ea28b52bb2ea8) is corrupt
2024-04-18 08:33:33.115 [info] > git status -z -uall [30ms]
2024-04-18 08:33:33.279 [info] > git show --textconv :basics/nodeRedShape.py [32ms]
2024-04-18 08:33:33.389 [info] > git ls-files --stage -- /home/pi/mxet300_lab/basics/nodeRedShape.py [121ms]
2024-04-18 08:33:33.444 [info] > git cat-file -s 26ef7796f2623539b76c8372b03f8553a7aa2197 [38ms]
2024-04-18 08:33:33.445 [info] error: object file .git/objects/26/ef7796f2623539b76c8372b03f8553a7aa2197 is empty
fatal: git cat-file: could not get object info
2024-04-18 08:33:33.654 [info] > git check-ignore -v -z --stdin [8ms]
2024-04-18 08:33:33.944 [info] > git show --textconv :basics/L2_speed_control.py [21ms]
2024-04-18 08:33:33.948 [info] > git ls-files --stage -- /home/pi/mxet300_lab/basics/L2_speed_control.py [7ms]
2024-04-18 08:33:33.969 [info] > git cat-file -s 9f2ddd02cc20f9bf2613d33372a15736bc398300 [5ms]
2024-04-18 08:33:35.347 [info] > git show --textconv :basics/nodeRedShape.py [30ms]
2024-04-18 08:33:35.354 [info] > git ls-files --stage -- /home/pi/mxet300_lab/basics/nodeRedShape.py [14ms]
2024-04-18 08:33:35.410 [info] > git cat-file -s 26ef7796f2623539b76c8372b03f8553a7aa2197 [32ms]
2024-04-18 08:33:35.410 [info] error: object file .git/objects/26/ef7796f2623539b76c8372b03f8553a7aa2197 is empty
fatal: git cat-file: could not get object info
2024-04-18 08:44:11.332 [info] > git show --textconv :basics/Final.py [20ms]
2024-04-18 08:44:11.336 [info] > git ls-files --stage -- /home/pi/mxet300_lab/basics/Final.py [6ms]
2024-04-18 08:44:11.360 [info] > git cat-file -s 9b5f08e93ab3971ffe4a28b92dedb376baf56dec [5ms]
2024-04-18 08:44:11.360 [info] error: object file .git/objects/9b/5f08e93ab3971ffe4a28b92dedb376baf56dec is empty
fatal: git cat-file: could not get object info
2024-04-18 08:44:11.695 [info] > git check-ignore -v -z --stdin [4ms]
2024-04-18 08:44:15.056 [info] > git show --textconv :basics/shapeMotions.py [34ms]
2024-04-18 08:44:15.063 [info] > git ls-files --stage -- /home/pi/mxet300_lab/basics/shapeMotions.py [11ms]
2024-04-18 08:44:15.098 [info] > git cat-file -s a48817e75adbaa40ccc9f0b1200c3a3cec644e6f [14ms]
2024-04-18 08:44:24.648 [info] > git show --textconv :basics/nodeRedShape.py [21ms]
2024-04-18 08:44:24.652 [info] > git ls-files --stage -- /home/pi/mxet300_lab/basics/nodeRedShape.py [6ms]
2024-04-18 08:44:24.675 [info] > git cat-file -s 26ef7796f2623539b76c8372b03f8553a7aa2197 [5ms]
2024-04-18 08:44:24.676 [info] error: object file .git/objects/26/ef7796f2623539b76c8372b03f8553a7aa2197 is empty
fatal: git cat-file: could not get object info
2024-04-18 08:59:05.796 [info] > git show --textconv :basics/L3_color_tracking.py [26ms]
2024-04-18 08:59:05.812 [info] > git ls-files --stage -- /home/pi/mxet300_lab/basics/L3_color_tracking.py [19ms]
2024-04-18 08:59:05.841 [info] > git cat-file -s da81339861f32806910d145667f2730ec298a76e [8ms]
2024-04-18 08:59:08.473 [info] > git show --textconv :basics/L2_speed_control.py [22ms]
2024-04-18 08:59:08.479 [info] > git ls-files --stage -- /home/pi/mxet300_lab/basics/L2_speed_control.py [9ms]
2024-04-18 08:59:08.515 [info] > git cat-file -s 9f2ddd02cc20f9bf2613d33372a15736bc398300 [11ms]
2024-04-18 08:59:15.091 [info] > git show --textconv :basics/shapeMotions.py [44ms]
2024-04-18 08:59:15.094 [info] > git ls-files --stage -- /home/pi/mxet300_lab/basics/shapeMotions.py [6ms]
2024-04-18 08:59:15.118 [info] > git cat-file -s a48817e75adbaa40ccc9f0b1200c3a3cec644e6f [5ms]
2024-04-18 08:59:15.906 [info] > git show --textconv :basics/nodeRedShape.py [43ms]
2024-04-18 08:59:15.907 [info] > git ls-files --stage -- /home/pi/mxet300_lab/basics/nodeRedShape.py [8ms]
2024-04-18 08:59:15.941 [info] > git cat-file -s 26ef7796f2623539b76c8372b03f8553a7aa2197 [7ms]
2024-04-18 08:59:15.941 [info] error: object file .git/objects/26/ef7796f2623539b76c8372b03f8553a7aa2197 is empty
fatal: git cat-file: could not get object info
2024-04-18 08:59:18.811 [info] > git show --textconv :basics/L3_color_tracking.py [41ms]
2024-04-18 08:59:18.815 [info] > git ls-files --stage -- /home/pi/mxet300_lab/basics/L3_color_tracking.py [7ms]
2024-04-18 08:59:18.853 [info] > git cat-file -s da81339861f32806910d145667f2730ec298a76e [14ms]
2024-04-18 08:59:37.848 [info] > git show --textconv :basics/L3_noderedControl.py [24ms]
2024-04-18 08:59:37.852 [info] > git ls-files --stage -- /home/pi/mxet300_lab/basics/L3_noderedControl.py [6ms]
2024-04-18 08:59:37.876 [info] > git cat-file -s 871725d8910cede21ff9c67de13677bfa1f6c984 [5ms]
2024-04-18 09:00:44.906 [info] > git show --textconv :basics/nodeRedShape.py [40ms]
2024-04-18 09:00:44.912 [info] > git ls-files --stage -- /home/pi/mxet300_lab/basics/nodeRedShape.py [10ms]
2024-04-18 09:00:44.953 [info] > git cat-file -s 26ef7796f2623539b76c8372b03f8553a7aa2197 [7ms]
2024-04-18 09:00:44.953 [info] error: object file .git/objects/26/ef7796f2623539b76c8372b03f8553a7aa2197 is empty
fatal: git cat-file: could not get object info
2024-04-18 09:00:55.451 [info] > git show --textconv :basics/L3_noderedControl.py [51ms]
2024-04-18 09:00:55.453 [info] > git ls-files --stage -- /home/pi/mxet300_lab/basics/L3_noderedControl.py [12ms]
2024-04-18 09:00:55.477 [info] > git cat-file -s 871725d8910cede21ff9c67de13677bfa1f6c984 [7ms]
2024-04-18 09:00:58.304 [info] > git show --textconv :basics/nodeRedShape.py [40ms]
2024-04-18 09:00:58.310 [info] > git ls-files --stage -- /home/pi/mxet300_lab/basics/nodeRedShape.py [11ms]
2024-04-18 09:00:58.351 [info] > git cat-file -s 26ef7796f2623539b76c8372b03f8553a7aa2197 [7ms]
2024-04-18 09:00:58.351 [info] error: object file .git/objects/26/ef7796f2623539b76c8372b03f8553a7aa2197 is empty
fatal: git cat-file: could not get object info
2024-04-18 09:01:01.357 [info] > git show --textconv :basics/L3_noderedControl.py [45ms]
2024-04-18 09:01:01.363 [info] > git ls-files --stage -- /home/pi/mxet300_lab/basics/L3_noderedControl.py [11ms]
2024-04-18 09:01:01.386 [info] > git cat-file -s 871725d8910cede21ff9c67de13677bfa1f6c984 [5ms]
2024-04-18 09:01:04.805 [info] > git show --textconv :basics/nodeRedShape.py [36ms]
2024-04-18 09:01:04.811 [info] > git ls-files --stage -- /home/pi/mxet300_lab/basics/nodeRedShape.py [9ms]
2024-04-18 09:01:04.849 [info] > git cat-file -s 26ef7796f2623539b76c8372b03f8553a7aa2197 [8ms]
2024-04-18 09:01:04.849 [info] error: object file .git/objects/26/ef7796f2623539b76c8372b03f8553a7aa2197 is empty
fatal: git cat-file: could not get object info
2024-04-18 09:01:08.089 [info] > git show --textconv :basics/L3_noderedControl.py [36ms]
2024-04-18 09:01:08.094 [info] > git ls-files --stage -- /home/pi/mxet300_lab/basics/L3_noderedControl.py [7ms]
2024-04-18 09:01:08.128 [info] > git cat-file -s 871725d8910cede21ff9c67de13677bfa1f6c984 [8ms]
2024-04-18 09:01:09.428 [info] > git show --textconv :basics/nodeRedShape.py [36ms]
2024-04-18 09:01:09.433 [info] > git ls-files --stage -- /home/pi/mxet300_lab/basics/nodeRedShape.py [9ms]
2024-04-18 09:01:09.471 [info] > git cat-file -s 26ef7796f2623539b76c8372b03f8553a7aa2197 [11ms]
2024-04-18 09:01:09.471 [info] error: object file .git/objects/26/ef7796f2623539b76c8372b03f8553a7aa2197 is empty
fatal: git cat-file: could not get object info
2024-04-18 09:01:11.399 [info] > git show --textconv :basics/L3_noderedControl.py [39ms]
2024-04-18 09:01:11.405 [info] > git ls-files --stage -- /home/pi/mxet300_lab/basics/L3_noderedControl.py [10ms]
2024-04-18 09:01:11.435 [info] > git cat-file -s 871725d8910cede21ff9c67de13677bfa1f6c984 [6ms]
2024-04-18 09:01:12.744 [info] > git show --textconv :basics/nodeRedShape.py [39ms]
2024-04-18 09:01:12.755 [info] > git ls-files --stage -- /home/pi/mxet300_lab/basics/nodeRedShape.py [16ms]
2024-04-18 09:01:12.795 [info] > git cat-file -s 26ef7796f2623539b76c8372b03f8553a7aa2197 [13ms]
2024-04-18 09:01:12.795 [info] error: object file .git/objects/26/ef7796f2623539b76c8372b03f8553a7aa2197 is empty
fatal: git cat-file: could not get object info
2024-04-18 09:01:14.918 [info] > git show --textconv :basics/L3_noderedControl.py [43ms]
2024-04-18 09:01:14.923 [info] > git ls-files --stage -- /home/pi/mxet300_lab/basics/L3_noderedControl.py [12ms]
2024-04-18 09:01:14.960 [info] > git cat-file -s 871725d8910cede21ff9c67de13677bfa1f6c984 [10ms]
2024-04-18 09:01:16.240 [info] > git show --textconv :basics/nodeRedShape.py [32ms]
2024-04-18 09:01:16.245 [info] > git ls-files --stage -- /home/pi/mxet300_lab/basics/nodeRedShape.py [7ms]
2024-04-18 09:01:16.285 [info] > git cat-file -s 26ef7796f2623539b76c8372b03f8553a7aa2197 [13ms]
2024-04-18 09:01:16.285 [info] error: object file .git/objects/26/ef7796f2623539b76c8372b03f8553a7aa2197 is empty
fatal: git cat-file: could not get object info
2024-04-18 09:01:18.087 [info] > git show --textconv :basics/L3_noderedControl.py [40ms]
2024-04-18 09:01:18.091 [info] > git ls-files --stage -- /home/pi/mxet300_lab/basics/L3_noderedControl.py [7ms]
2024-04-18 09:01:18.122 [info] > git cat-file -s 871725d8910cede21ff9c67de13677bfa1f6c984 [7ms]
2024-04-18 09:01:20.446 [info] > git show --textconv :basics/nodeRedShape.py [21ms]
2024-04-18 09:01:20.453 [info] > git ls-files --stage -- /home/pi/mxet300_lab/basics/nodeRedShape.py [9ms]
2024-04-18 09:01:20.475 [info] > git cat-file -s 26ef7796f2623539b76c8372b03f8553a7aa2197 [4ms]
2024-04-18 09:01:20.475 [info] error: object file .git/objects/26/ef7796f2623539b76c8372b03f8553a7aa2197 is empty
fatal: git cat-file: could not get object info
2024-04-18 09:01:24.505 [info] > git show --textconv :basics/L3_noderedControl.py [48ms]
2024-04-18 09:01:24.518 [info] > git ls-files --stage -- /home/pi/mxet300_lab/basics/L3_noderedControl.py [15ms]
2024-04-18 09:01:24.546 [info] > git cat-file -s 871725d8910cede21ff9c67de13677bfa1f6c984 [8ms]
2024-04-18 09:01:30.805 [info] > git show --textconv :basics/nodeRedShape.py [40ms]
2024-04-18 09:01:30.810 [info] > git ls-files --stage -- /home/pi/mxet300_lab/basics/nodeRedShape.py [9ms]
2024-04-18 09:01:30.834 [info] > git cat-file -s 26ef7796f2623539b76c8372b03f8553a7aa2197 [5ms]
2024-04-18 09:01:30.835 [info] error: object file .git/objects/26/ef7796f2623539b76c8372b03f8553a7aa2197 is empty
fatal: git cat-file: could not get object info
2024-04-18 09:13:35.123 [info] > git show --textconv :basics/L3_color_tracking.py [35ms]
2024-04-18 09:13:35.128 [info] > git ls-files --stage -- /home/pi/mxet300_lab/basics/L3_color_tracking.py [9ms]
2024-04-18 09:13:35.170 [info] > git cat-file -s da81339861f32806910d145667f2730ec298a76e [12ms]
2024-04-18 09:13:37.463 [info] > git show --textconv :basics/shapeMotions.py [22ms]
2024-04-18 09:13:37.468 [info] > git ls-files --stage -- /home/pi/mxet300_lab/basics/shapeMotions.py [7ms]
2024-04-18 09:13:37.491 [info] > git cat-file -s a48817e75adbaa40ccc9f0b1200c3a3cec644e6f [6ms]
2024-04-18 09:14:10.917 [info] > git show --textconv :basics/Final.py [29ms]
2024-04-18 09:14:10.921 [info] > git ls-files --stage -- /home/pi/mxet300_lab/basics/Final.py [8ms]
2024-04-18 09:14:10.953 [info] > git cat-file -s 9b5f08e93ab3971ffe4a28b92dedb376baf56dec [3ms]
2024-04-18 09:14:10.953 [info] error: object file .git/objects/9b/5f08e93ab3971ffe4a28b92dedb376baf56dec is empty
fatal: git cat-file: could not get object info
2024-04-18 09:14:26.852 [info] > git show --textconv :basics/shapeMotions.py [37ms]
2024-04-18 09:14:26.858 [info] > git ls-files --stage -- /home/pi/mxet300_lab/basics/shapeMotions.py [11ms]
2024-04-18 09:14:26.897 [info] > git cat-file -s a48817e75adbaa40ccc9f0b1200c3a3cec644e6f [9ms]
2024-04-18 09:18:07.881 [info] > git ls-files --stage -- /home/pi/mxet300_lab/basics/shapeMotions.py [7ms]
2024-04-18 09:18:07.920 [info] > git cat-file -s a48817e75adbaa40ccc9f0b1200c3a3cec644e6f [9ms]
2024-04-18 09:18:07.984 [info] > git show --textconv :basics/shapeMotions.py [8ms]
2024-04-18 09:19:32.096 [info] > git show --textconv :basics/nodeRedShape.py [22ms]
2024-04-18 09:19:32.099 [info] > git ls-files --stage -- /home/pi/mxet300_lab/basics/nodeRedShape.py [5ms]
2024-04-18 09:19:32.126 [info] > git cat-file -s f850e424a7406054abab3c06e86b991d6ad442ff [8ms]
2024-04-18 09:23:22.778 [info] > git show --textconv :basics/L3_color_tracking.py [42ms]
2024-04-18 09:23:22.784 [info] > git ls-files --stage -- /home/pi/mxet300_lab/basics/L3_color_tracking.py [9ms]
2024-04-18 09:23:22.816 [info] > git cat-file -s da81339861f32806910d145667f2730ec298a76e [8ms]
2024-04-18 09:23:25.218 [info] > git show --textconv :basics/nodeRedShape.py [46ms]
2024-04-18 09:23:25.222 [info] > git ls-files --stage -- /home/pi/mxet300_lab/basics/nodeRedShape.py [16ms]
2024-04-18 09:23:25.304 [info] > git cat-file -s f850e424a7406054abab3c06e86b991d6ad442ff [34ms]
2024-04-18 09:23:38.401 [info] > git show --textconv :basics/L3_color_tracking.py [21ms]
2024-04-18 09:23:38.403 [info] > git ls-files --stage -- /home/pi/mxet300_lab/basics/L3_color_tracking.py [4ms]
2024-04-18 09:23:38.429 [info] > git cat-file -s da81339861f32806910d145667f2730ec298a76e [7ms]
2024-04-18 09:23:40.020 [info] > git show --textconv :basics/shapeMotions.py [36ms]
2024-04-18 09:23:40.029 [info] > git ls-files --stage -- /home/pi/mxet300_lab/basics/shapeMotions.py [12ms]
2024-04-18 09:23:40.063 [info] > git cat-file -s a48817e75adbaa40ccc9f0b1200c3a3cec644e6f [8ms]
2024-04-18 09:25:34.356 [info] > git show --textconv :basics/nodeRedShape.py [43ms]
2024-04-18 09:25:34.360 [info] > git ls-files --stage -- /home/pi/mxet300_lab/basics/nodeRedShape.py [9ms]
2024-04-18 09:25:34.398 [info] > git cat-file -s f850e424a7406054abab3c06e86b991d6ad442ff [12ms]
2024-04-18 09:25:41.363 [info] > git show --textconv :basics/shapeMotions.py [38ms]
2024-04-18 09:25:41.370 [info] > git ls-files --stage -- /home/pi/mxet300_lab/basics/shapeMotions.py [12ms]
2024-04-18 09:25:41.414 [info] > git cat-file -s a48817e75adbaa40ccc9f0b1200c3a3cec644e6f [13ms]
2024-04-18 09:25:48.594 [info] > git show --textconv :basics/L3_noderedControl.py [42ms]
2024-04-18 09:25:48.598 [info] > git ls-files --stage -- /home/pi/mxet300_lab/basics/L3_noderedControl.py [7ms]
2024-04-18 09:25:48.633 [info] > git cat-file -s 871725d8910cede21ff9c67de13677bfa1f6c984 [9ms]
2024-04-18 09:25:54.147 [info] > git show --textconv :basics/shapeMotions.py [41ms]
2024-04-18 09:25:54.154 [info] > git ls-files --stage -- /home/pi/mxet300_lab/basics/shapeMotions.py [10ms]
2024-04-18 09:25:54.201 [info] > git cat-file -s a48817e75adbaa40ccc9f0b1200c3a3cec644e6f [12ms]
2024-04-18 09:28:09.356 [info] > git show --textconv :basics/L3_noderedControl.py [38ms]
2024-04-18 09:28:09.362 [info] > git ls-files --stage -- /home/pi/mxet300_lab/basics/L3_noderedControl.py [10ms]
2024-04-18 09:28:09.408 [info] > git cat-file -s 871725d8910cede21ff9c67de13677bfa1f6c984 [15ms]
2024-04-18 09:28:16.478 [info] > git show --textconv :basics/nodeRedShape.py [37ms]
2024-04-18 09:28:16.484 [info] > git ls-files --stage -- /home/pi/mxet300_lab/basics/nodeRedShape.py [10ms]
2024-04-18 09:28:16.526 [info] > git cat-file -s f850e424a7406054abab3c06e86b991d6ad442ff [10ms]
2024-04-18 09:28:22.420 [info] > git show --textconv :basics/L3_color_tracking.py [42ms]
2024-04-18 09:28:22.428 [info] > git ls-files --stage -- /home/pi/mxet300_lab/basics/L3_color_tracking.py [13ms]
2024-04-18 09:28:22.466 [info] > git cat-file -s da81339861f32806910d145667f2730ec298a76e [7ms]
2024-04-18 09:28:24.580 [info] > git show --textconv :basics/shapeMotions.py [39ms]
2024-04-18 09:28:24.584 [info] > git ls-files --stage -- /home/pi/mxet300_lab/basics/shapeMotions.py [7ms]
2024-04-18 09:28:24.620 [info] > git cat-file -s a48817e75adbaa40ccc9f0b1200c3a3cec644e6f [9ms]
2024-04-18 09:29:40.819 [info] > git show --textconv :basics/Final.py [39ms]
2024-04-18 09:29:40.823 [info] > git ls-files --stage -- /home/pi/mxet300_lab/basics/Final.py [7ms]
2024-04-18 09:29:40.866 [info] > git cat-file -s 9b5f08e93ab3971ffe4a28b92dedb376baf56dec [17ms]
2024-04-18 09:29:40.866 [info] error: object file .git/objects/9b/5f08e93ab3971ffe4a28b92dedb376baf56dec is empty
fatal: git cat-file: could not get object info
2024-04-18 09:29:49.767 [info] > git show --textconv :basics/shapeMotions.py [32ms]
2024-04-18 09:29:49.772 [info] > git ls-files --stage -- /home/pi/mxet300_lab/basics/shapeMotions.py [9ms]
2024-04-18 09:29:49.808 [info] > git cat-file -s a48817e75adbaa40ccc9f0b1200c3a3cec644e6f [8ms]
2024-04-18 09:31:57.931 [info] > git show --textconv :basics/Final.py [45ms]
2024-04-18 09:31:57.936 [info] > git ls-files --stage -- /home/pi/mxet300_lab/basics/Final.py [8ms]
2024-04-18 09:31:57.969 [info] > git cat-file -s 9b5f08e93ab3971ffe4a28b92dedb376baf56dec [7ms]
2024-04-18 09:31:57.969 [info] error: object file .git/objects/9b/5f08e93ab3971ffe4a28b92dedb376baf56dec is empty
fatal: git cat-file: could not get object info
2024-04-18 09:32:03.005 [info] > git show --textconv :basics/L3_noderedControl.py [41ms]
2024-04-18 09:32:03.012 [info] > git ls-files --stage -- /home/pi/mxet300_lab/basics/L3_noderedControl.py [10ms]
2024-04-18 09:32:03.052 [info] > git cat-file -s 871725d8910cede21ff9c67de13677bfa1f6c984 [5ms]
2024-04-18 09:32:05.190 [info] > git show --textconv :basics/L2_speed_control.py [42ms]
2024-04-18 09:32:05.195 [info] > git ls-files --stage -- /home/pi/mxet300_lab/basics/L2_speed_control.py [9ms]
2024-04-18 09:32:05.238 [info] > git cat-file -s 9f2ddd02cc20f9bf2613d33372a15736bc398300 [8ms]
2024-04-18 09:32:06.531 [info] > git show --textconv :basics/Final.py [51ms]
2024-04-18 09:32:06.535 [info] > git ls-files --stage -- /home/pi/mxet300_lab/basics/Final.py [8ms]
2024-04-18 09:32:06.568 [info] > git cat-file -s 9b5f08e93ab3971ffe4a28b92dedb376baf56dec [7ms]
2024-04-18 09:32:06.568 [info] error: object file .git/objects/9b/5f08e93ab3971ffe4a28b92dedb376baf56dec is empty
fatal: git cat-file: could not get object info
2024-04-18 09:34:33.560 [info] > git show --textconv :basics/nodeRedShape.py [22ms]
2024-04-18 09:34:33.563 [info] > git ls-files --stage -- /home/pi/mxet300_lab/basics/nodeRedShape.py [4ms]
2024-04-18 09:34:33.588 [info] > git cat-file -s f850e424a7406054abab3c06e86b991d6ad442ff [7ms]
2024-04-18 09:34:48.308 [info] > git show --textconv :basics/Final.py [39ms]
2024-04-18 09:34:48.313 [info] > git ls-files --stage -- /home/pi/mxet300_lab/basics/Final.py [10ms]
2024-04-18 09:34:48.352 [info] > git cat-file -s 9b5f08e93ab3971ffe4a28b92dedb376baf56dec [9ms]
2024-04-18 09:34:48.353 [info] error: object file .git/objects/9b/5f08e93ab3971ffe4a28b92dedb376baf56dec is empty
fatal: git cat-file: could not get object info
2024-04-18 09:36:58.216 [info] > git show --textconv :basics/L2_speed_control.py [37ms]
2024-04-18 09:36:58.221 [info] > git ls-files --stage -- /home/pi/mxet300_lab/basics/L2_speed_control.py [8ms]
2024-04-18 09:36:58.255 [info] > git cat-file -s 9f2ddd02cc20f9bf2613d33372a15736bc398300 [7ms]
2024-04-18 09:36:59.376 [info] > git show --textconv :basics/L3_noderedControl.py [36ms]
2024-04-18 09:36:59.380 [info] > git ls-files --stage -- /home/pi/mxet300_lab/basics/L3_noderedControl.py [7ms]
2024-04-18 09:36:59.414 [info] > git cat-file -s 871725d8910cede21ff9c67de13677bfa1f6c984 [8ms]
2024-04-18 09:37:04.462 [info] > git show --textconv :basics/nodeRedShape.py [49ms]
2024-04-18 09:37:04.463 [info] > git ls-files --stage -- /home/pi/mxet300_lab/basics/nodeRedShape.py [7ms]
2024-04-18 09:37:04.495 [info] > git cat-file -s f850e424a7406054abab3c06e86b991d6ad442ff [7ms]
2024-04-18 09:37:17.068 [info] > git show --textconv :basics/shapeMotions.py [35ms]
2024-04-18 09:37:17.073 [info] > git ls-files --stage -- /home/pi/mxet300_lab/basics/shapeMotions.py [9ms]
2024-04-18 09:37:17.113 [info] > git cat-file -s a48817e75adbaa40ccc9f0b1200c3a3cec644e6f [13ms]
2024-04-18 09:37:35.754 [info] > git show --textconv :basics/L3_color_tracking.py [46ms]
2024-04-18 09:37:35.759 [info] > git ls-files --stage -- /home/pi/mxet300_lab/basics/L3_color_tracking.py [10ms]
2024-04-18 09:37:35.786 [info] > git cat-file -s da81339861f32806910d145667f2730ec298a76e [7ms]
2024-04-18 09:37:41.153 [info] > git show --textconv :basics/shapeMotions.py [36ms]
2024-04-18 09:37:41.158 [info] > git ls-files --stage -- /home/pi/mxet300_lab/basics/shapeMotions.py [8ms]
2024-04-18 09:37:41.204 [info] > git cat-file -s a48817e75adbaa40ccc9f0b1200c3a3cec644e6f [14ms]
2024-04-18 09:37:48.879 [info] > git show --textconv :basics/L3_color_tracking.py [22ms]
2024-04-18 09:37:48.883 [info] > git ls-files --stage -- /home/pi/mxet300_lab/basics/L3_color_tracking.py [6ms]
2024-04-18 09:37:48.908 [info] > git cat-file -s da81339861f32806910d145667f2730ec298a76e [7ms]
2024-04-18 09:37:53.225 [info] > git show --textconv :basics/nodeRedShape.py [22ms]
2024-04-18 09:37:53.228 [info] > git ls-files --stage -- /home/pi/mxet300_lab/basics/nodeRedShape.py [5ms]
2024-04-18 09:37:53.251 [info] > git cat-file -s f850e424a7406054abab3c06e86b991d6ad442ff [5ms]
2024-04-18 09:37:54.708 [info] > git show --textconv :basics/L3_noderedControl.py [36ms]
2024-04-18 09:37:54.713 [info] > git ls-files --stage -- /home/pi/mxet300_lab/basics/L3_noderedControl.py [8ms]
2024-04-18 09:37:54.745 [info] > git cat-file -s 871725d8910cede21ff9c67de13677bfa1f6c984 [7ms]
2024-04-18 09:38:07.036 [info] > git show --textconv :basics/shapeMotions.py [47ms]
2024-04-18 09:38:07.039 [info] > git ls-files --stage -- /home/pi/mxet300_lab/basics/shapeMotions.py [8ms]
2024-04-18 09:38:07.066 [info] > git cat-file -s a48817e75adbaa40ccc9f0b1200c3a3cec644e6f [7ms]
2024-04-18 09:38:31.677 [info] > git show --textconv :basics/Final.py [23ms]
2024-04-18 09:38:31.680 [info] > git ls-files --stage -- /home/pi/mxet300_lab/basics/Final.py [6ms]
2024-04-18 09:38:31.705 [info] > git cat-file -s 9b5f08e93ab3971ffe4a28b92dedb376baf56dec [7ms]
2024-04-18 09:38:31.705 [info] error: object file .git/objects/9b/5f08e93ab3971ffe4a28b92dedb376baf56dec is empty
fatal: git cat-file: could not get object info
2024-04-18 09:38:47.455 [info] > git show --textconv :basics/nodeRedShape.py [21ms]
2024-04-18 09:38:47.458 [info] > git ls-files --stage -- /home/pi/mxet300_lab/basics/nodeRedShape.py [5ms]
2024-04-18 09:38:47.481 [info] > git cat-file -s f850e424a7406054abab3c06e86b991d6ad442ff [5ms]
2024-04-18 09:38:51.417 [info] > git show --textconv :basics/Lab7Template.py [28ms]
2024-04-18 09:38:51.422 [info] > git ls-files --stage -- /home/pi/mxet300_lab/basics/Lab7Template.py [8ms]
2024-04-18 09:38:51.450 [info] > git cat-file -s 281bfc70e978843fd4bb9fab75055c0e0ddfe95b [7ms]
2024-04-18 09:38:52.360 [info] > git show --textconv :basics/Final.py [22ms]
2024-04-18 09:38:52.363 [info] > git ls-files --stage -- /home/pi/mxet300_lab/basics/Final.py [5ms]
2024-04-18 09:38:52.387 [info] > git cat-file -s 9b5f08e93ab3971ffe4a28b92dedb376baf56dec [5ms]
2024-04-18 09:38:52.387 [info] error: object file .git/objects/9b/5f08e93ab3971ffe4a28b92dedb376baf56dec is empty
fatal: git cat-file: could not get object info
2024-04-18 09:39:12.992 [info] > git show --textconv :basics/L3_noderedControl.py [47ms]
2024-04-18 09:39:12.998 [info] > git ls-files --stage -- /home/pi/mxet300_lab/basics/L3_noderedControl.py [10ms]
2024-04-18 09:39:13.043 [info] > git cat-file -s 871725d8910cede21ff9c67de13677bfa1f6c984 [10ms]
2024-04-18 09:39:14.908 [info] > git show --textconv :basics/nodeRedShape.py [34ms]
2024-04-18 09:39:14.913 [info] > git ls-files --stage -- /home/pi/mxet300_lab/basics/nodeRedShape.py [8ms]
2024-04-18 09:39:14.952 [info] > git cat-file -s f850e424a7406054abab3c06e86b991d6ad442ff [9ms]
2024-04-18 09:39:28.112 [info] > git show --textconv :basics/Lab7Template.py [37ms]
2024-04-18 09:39:28.121 [info] > git ls-files --stage -- /home/pi/mxet300_lab/basics/Lab7Template.py [10ms]
2024-04-18 09:39:28.155 [info] > git cat-file -s 281bfc70e978843fd4bb9fab75055c0e0ddfe95b [8ms]
2024-04-18 09:39:29.342 [info] > git show --textconv :basics/Final.py [47ms]
2024-04-18 09:39:29.348 [info] > git ls-files --stage -- /home/pi/mxet300_lab/basics/Final.py [10ms]
2024-04-18 09:39:29.381 [info] > git cat-file -s 9b5f08e93ab3971ffe4a28b92dedb376baf56dec [5ms]
2024-04-18 09:39:29.381 [info] error: object file .git/objects/9b/5f08e93ab3971ffe4a28b92dedb376baf56dec is empty
fatal: git cat-file: could not get object info
2024-04-18 09:39:31.864 [info] > git show --textconv :basics/L3_noderedControl.py [36ms]
2024-04-18 09:39:31.869 [info] > git ls-files --stage -- /home/pi/mxet300_lab/basics/L3_noderedControl.py [8ms]
2024-04-18 09:39:31.909 [info] > git cat-file -s 871725d8910cede21ff9c67de13677bfa1f6c984 [9ms]
2024-04-18 09:39:35.398 [info] > git show --textconv :basics/nodeRedShape.py [48ms]
2024-04-18 09:39:35.402 [info] > git ls-files --stage -- /home/pi/mxet300_lab/basics/nodeRedShape.py [8ms]
2024-04-18 09:39:35.437 [info] > git cat-file -s f850e424a7406054abab3c06e86b991d6ad442ff [9ms]
2024-04-18 09:39:50.094 [info] > git show --textconv :basics/Final.py [49ms]
2024-04-18 09:39:50.100 [info] > git ls-files --stage -- /home/pi/mxet300_lab/basics/Final.py [11ms]
2024-04-18 09:39:50.129 [info] > git cat-file -s 9b5f08e93ab3971ffe4a28b92dedb376baf56dec [7ms]
2024-04-18 09:39:50.129 [info] error: object file .git/objects/9b/5f08e93ab3971ffe4a28b92dedb376baf56dec is empty
fatal: git cat-file: could not get object info
2024-04-18 09:40:50.359 [info] > git show --textconv :basics/L3_color_tracking.py [42ms]
2024-04-18 09:40:50.365 [info] > git ls-files --stage -- /home/pi/mxet300_lab/basics/L3_color_tracking.py [10ms]
2024-04-18 09:40:50.415 [info] > git cat-file -s da81339861f32806910d145667f2730ec298a76e [11ms]
2024-04-18 09:40:51.616 [info] > git show --textconv :basics/nodeRedShape.py [38ms]
2024-04-18 09:40:51.619 [info] > git ls-files --stage -- /home/pi/mxet300_lab/basics/nodeRedShape.py [6ms]
2024-04-18 09:40:51.655 [info] > git cat-file -s f850e424a7406054abab3c06e86b991d6ad442ff [10ms]
2024-04-18 09:40:53.161 [info] > git show --textconv :basics/L3_noderedControl.py [22ms]
2024-04-18 09:40:53.164 [info] > git ls-files --stage -- /home/pi/mxet300_lab/basics/L3_noderedControl.py [4ms]
2024-04-18 09:40:53.187 [info] > git cat-file -s 871725d8910cede21ff9c67de13677bfa1f6c984 [5ms]
2024-04-18 09:40:58.729 [info] > git show --textconv :basics/L2_speed_control.py [36ms]
2024-04-18 09:40:58.733 [info] > git ls-files --stage -- /home/pi/mxet300_lab/basics/L2_speed_control.py [8ms]
2024-04-18 09:40:58.772 [info] > git cat-file -s 9f2ddd02cc20f9bf2613d33372a15736bc398300 [9ms]
2024-04-18 09:41:03.503 [info] > git show --textconv :basics/Lab7Template.py [37ms]
2024-04-18 09:41:03.509 [info] > git ls-files --stage -- /home/pi/mxet300_lab/basics/Lab7Template.py [10ms]
2024-04-18 09:41:03.554 [info] > git cat-file -s 281bfc70e978843fd4bb9fab75055c0e0ddfe95b [14ms]
2024-04-18 09:41:09.287 [info] > git show --textconv :basics/shapeMotions.py [36ms]
2024-04-18 09:41:09.293 [info] > git ls-files --stage -- /home/pi/mxet300_lab/basics/shapeMotions.py [9ms]
2024-04-18 09:41:09.333 [info] > git cat-file -s a48817e75adbaa40ccc9f0b1200c3a3cec644e6f [8ms]
2024-04-18 09:41:10.013 [info] > git show --textconv :basics/L3_color_tracking.py [22ms]
2024-04-18 09:41:10.016 [info] > git ls-files --stage -- /home/pi/mxet300_lab/basics/L3_color_tracking.py [5ms]
2024-04-18 09:41:10.044 [info] > git cat-file -s da81339861f32806910d145667f2730ec298a76e [8ms]
2024-04-18 09:41:12.418 [info] > git show --textconv :basics/nodeRedShape.py [22ms]
2024-04-18 09:41:12.420 [info] > git ls-files --stage -- /home/pi/mxet300_lab/basics/nodeRedShape.py [4ms]
2024-04-18 09:41:12.445 [info] > git cat-file -s f850e424a7406054abab3c06e86b991d6ad442ff [5ms]
2024-04-18 09:41:16.430 [info] > git show --textconv :basics/L3_noderedControl.py [47ms]
2024-04-18 09:41:16.434 [info] > git ls-files --stage -- /home/pi/mxet300_lab/basics/L3_noderedControl.py [8ms]
2024-04-18 09:41:16.471 [info] > git cat-file -s 871725d8910cede21ff9c67de13677bfa1f6c984 [8ms]
2024-04-18 09:41:19.983 [info] > git show --textconv :basics/L2_speed_control.py [43ms]
2024-04-18 09:41:19.984 [info] > git ls-files --stage -- /home/pi/mxet300_lab/basics/L2_speed_control.py [10ms]
2024-04-18 09:41:20.021 [info] > git cat-file -s 9f2ddd02cc20f9bf2613d33372a15736bc398300 [9ms]
2024-04-18 09:41:29.323 [info] > git show --textconv :basics/Lab7Template.py [41ms]
2024-04-18 09:41:29.328 [info] > git ls-files --stage -- /home/pi/mxet300_lab/basics/Lab7Template.py [9ms]
2024-04-18 09:41:29.374 [info] > git cat-file -s 281bfc70e978843fd4bb9fab75055c0e0ddfe95b [12ms]
2024-04-18 09:41:34.533 [info] > git show --textconv :basics/Final.py [44ms]
2024-04-18 09:41:34.539 [info] > git ls-files --stage -- /home/pi/mxet300_lab/basics/Final.py [9ms]
2024-04-18 09:41:34.567 [info] > git cat-file -s 9b5f08e93ab3971ffe4a28b92dedb376baf56dec [5ms]
2024-04-18 09:41:34.567 [info] error: object file .git/objects/9b/5f08e93ab3971ffe4a28b92dedb376baf56dec is empty
fatal: git cat-file: could not get object info
2024-04-18 09:41:37.723 [info] > git show --textconv :basics/shapeMotions.py [37ms]
2024-04-18 09:41:37.727 [info] > git ls-files --stage -- /home/pi/mxet300_lab/basics/shapeMotions.py [7ms]
2024-04-18 09:41:37.767 [info] > git cat-file -s a48817e75adbaa40ccc9f0b1200c3a3cec644e6f [8ms]
2024-04-18 09:41:39.390 [info] > git show --textconv :basics/L3_color_tracking.py [34ms]
2024-04-18 09:41:39.392 [info] > git ls-files --stage -- /home/pi/mxet300_lab/basics/L3_color_tracking.py [13ms]
2024-04-18 09:41:39.425 [info] > git cat-file -s da81339861f32806910d145667f2730ec298a76e [8ms]
2024-04-18 09:41:40.721 [info] > git show --textconv :basics/shapeMotions.py [22ms]
2024-04-18 09:41:40.724 [info] > git ls-files --stage -- /home/pi/mxet300_lab/basics/shapeMotions.py [6ms]
2024-04-18 09:41:40.751 [info] > git cat-file -s a48817e75adbaa40ccc9f0b1200c3a3cec644e6f [5ms]
2024-04-18 09:41:41.404 [info] > git show --textconv :basics/L3_noderedControl.py [37ms]
2024-04-18 09:41:41.414 [info] > git ls-files --stage -- /home/pi/mxet300_lab/basics/L3_noderedControl.py [14ms]
2024-04-18 09:41:41.443 [info] > git cat-file -s 871725d8910cede21ff9c67de13677bfa1f6c984 [6ms]
2024-04-18 09:41:43.664 [info] > git show --textconv :basics/L2_speed_control.py [32ms]
2024-04-18 09:41:43.669 [info] > git ls-files --stage -- /home/pi/mxet300_lab/basics/L2_speed_control.py [7ms]
2024-04-18 09:41:43.694 [info] > git cat-file -s 9f2ddd02cc20f9bf2613d33372a15736bc398300 [7ms]
2024-04-18 09:41:48.608 [info] > git show --textconv :basics/shapeMotions.py [58ms]
2024-04-18 09:41:48.611 [info] > git ls-files --stage -- /home/pi/mxet300_lab/basics/shapeMotions.py [17ms]
2024-04-18 09:41:48.645 [info] > git cat-file -s a48817e75adbaa40ccc9f0b1200c3a3cec644e6f [10ms]
2024-04-18 09:41:51.480 [info] > git show --textconv :basics/Final.py [41ms]
2024-04-18 09:41:51.484 [info] > git ls-files --stage -- /home/pi/mxet300_lab/basics/Final.py [8ms]
2024-04-18 09:41:51.520 [info] > git cat-file -s 9b5f08e93ab3971ffe4a28b92dedb376baf56dec [10ms]
2024-04-18 09:41:51.520 [info] error: object file .git/objects/9b/5f08e93ab3971ffe4a28b92dedb376baf56dec is empty
fatal: git cat-file: could not get object info
2024-04-18 09:42:03.334 [info] > git show --textconv :basics/shapeMotions.py [42ms]
2024-04-18 09:42:03.339 [info] > git ls-files --stage -- /home/pi/mxet300_lab/basics/shapeMotions.py [8ms]
2024-04-18 09:42:03.372 [info] > git cat-file -s a48817e75adbaa40ccc9f0b1200c3a3cec644e6f [6ms]
2024-04-18 09:42:27.124 [info] > git show --textconv :basics/Final.py [26ms]
2024-04-18 09:42:27.124 [info] > git ls-files --stage -- /home/pi/mxet300_lab/basics/Final.py [5ms]
2024-04-18 09:42:27.149 [info] > git cat-file -s 9b5f08e93ab3971ffe4a28b92dedb376baf56dec [6ms]
2024-04-18 09:42:27.149 [info] error: object file .git/objects/9b/5f08e93ab3971ffe4a28b92dedb376baf56dec is empty
fatal: git cat-file: could not get object info
2024-04-18 09:45:27.534 [info] > git show --textconv :basics/nodeRedShape.py [25ms]
2024-04-18 09:45:27.537 [info] > git ls-files --stage -- /home/pi/mxet300_lab/basics/nodeRedShape.py [6ms]
2024-04-18 09:45:27.562 [info] > git cat-file -s f850e424a7406054abab3c06e86b991d6ad442ff [5ms]
2024-04-18 09:45:40.838 [info] > git show --textconv :basics/shapeMotions.py [38ms]
2024-04-18 09:45:40.843 [info] > git ls-files --stage -- /home/pi/mxet300_lab/basics/shapeMotions.py [8ms]
2024-04-18 09:45:40.884 [info] > git cat-file -s a48817e75adbaa40ccc9f0b1200c3a3cec644e6f [8ms]
2024-04-18 09:45:43.396 [info] > git show --textconv :basics/nodeRedShape.py [43ms]
2024-04-18 09:45:43.398 [info] > git ls-files --stage -- /home/pi/mxet300_lab/basics/nodeRedShape.py [11ms]
2024-04-18 09:45:43.438 [info] > git cat-file -s f850e424a7406054abab3c06e86b991d6ad442ff [8ms]
2024-04-18 09:46:21.387 [info] > git show --textconv :basics/shapeMotions.py [42ms]
2024-04-18 09:46:21.393 [info] > git ls-files --stage -- /home/pi/mxet300_lab/basics/shapeMotions.py [8ms]
2024-04-18 09:46:21.432 [info] > git cat-file -s a48817e75adbaa40ccc9f0b1200c3a3cec644e6f [7ms]
2024-04-18 09:46:22.585 [info] > git show --textconv :basics/Final.py [38ms]
2024-04-18 09:46:22.590 [info] > git ls-files --stage -- /home/pi/mxet300_lab/basics/Final.py [7ms]
2024-04-18 09:46:22.632 [info] > git cat-file -s 9b5f08e93ab3971ffe4a28b92dedb376baf56dec [10ms]
2024-04-18 09:46:22.632 [info] error: object file .git/objects/9b/5f08e93ab3971ffe4a28b92dedb376baf56dec is empty
fatal: git cat-file: could not get object info
2024-04-18 09:47:48.285 [info] > git show --textconv :basics/nodeRedShape.py [49ms]
2024-04-18 09:47:48.295 [info] > git ls-files --stage -- /home/pi/mxet300_lab/basics/nodeRedShape.py [15ms]
2024-04-18 09:47:48.323 [info] > git cat-file -s f850e424a7406054abab3c06e86b991d6ad442ff [8ms]
2024-04-18 09:48:25.793 [info] > git show --textconv :basics/L3_noderedControl.py [26ms]
2024-04-18 09:48:25.800 [info] > git ls-files --stage -- /home/pi/mxet300_lab/basics/L3_noderedControl.py [9ms]
2024-04-18 09:48:25.827 [info] > git cat-file -s 871725d8910cede21ff9c67de13677bfa1f6c984 [6ms]
2024-04-18 09:48:37.600 [info] > git show --textconv :basics/L3_path_template.py [24ms]
2024-04-18 09:48:37.603 [info] > git ls-files --stage -- /home/pi/mxet300_lab/basics/L3_path_template.py [4ms]
2024-04-18 09:48:37.632 [info] > git cat-file -s 697d99fbca38f9345b4c8cf58411c8cb25e7ecbc [9ms]
2024-04-18 09:48:47.663 [info] > git show --textconv :basics/L3_noderedControl.py [45ms]
2024-04-18 09:48:47.670 [info] > git ls-files --stage -- /home/pi/mxet300_lab/basics/L3_noderedControl.py [10ms]
2024-04-18 09:48:47.712 [info] > git cat-file -s 871725d8910cede21ff9c67de13677bfa1f6c984 [11ms]
2024-04-18 09:48:51.158 [info] > git show --textconv :basics/Lab7Template.py [49ms]
2024-04-18 09:48:51.162 [info] > git ls-files --stage -- /home/pi/mxet300_lab/basics/Lab7Template.py [6ms]
2024-04-18 09:48:51.195 [info] > git cat-file -s 281bfc70e978843fd4bb9fab75055c0e0ddfe95b [8ms]
2024-04-18 09:48:54.943 [info] > git show --textconv :basics/L3_noderedControl.py [38ms]
2024-04-18 09:48:54.949 [info] > git ls-files --stage -- /home/pi/mxet300_lab/basics/L3_noderedControl.py [11ms]
2024-04-18 09:48:54.990 [info] > git cat-file -s 871725d8910cede21ff9c67de13677bfa1f6c984 [9ms]
2024-04-18 09:48:59.381 [info] > git show --textconv :basics/L3_lidar.py [39ms]
2024-04-18 09:48:59.393 [info] > git ls-files --stage -- /home/pi/mxet300_lab/basics/L3_lidar.py [14ms]
2024-04-18 09:48:59.455 [info] > git cat-file -s 734882a169bb4fd2a73e741cee672dcfc9ea5337 [26ms]
2024-04-18 09:49:02.919 [info] > git show --textconv :basics/L3_noderedControl.py [36ms]
2024-04-18 09:49:02.922 [info] > git ls-files --stage -- /home/pi/mxet300_lab/basics/L3_noderedControl.py [6ms]
2024-04-18 09:49:02.947 [info] > git cat-file -s 871725d8910cede21ff9c67de13677bfa1f6c984 [5ms]
2024-04-18 09:49:04.603 [info] > git show --textconv :basics/L3_path_template.py [26ms]
2024-04-18 09:49:04.606 [info] > git ls-files --stage -- /home/pi/mxet300_lab/basics/L3_path_template.py [6ms]
2024-04-18 09:49:04.632 [info] > git cat-file -s 697d99fbca38f9345b4c8cf58411c8cb25e7ecbc [4ms]
2024-04-18 09:49:07.784 [info] > git show --textconv :basics/L3_noderedControl.py [23ms]
2024-04-18 09:49:07.790 [info] > git ls-files --stage -- /home/pi/mxet300_lab/basics/L3_noderedControl.py [8ms]
2024-04-18 09:49:07.819 [info] > git cat-file -s 871725d8910cede21ff9c67de13677bfa1f6c984 [6ms]
2024-04-18 09:49:19.285 [info] > git show --textconv :basics/lidar_driving.py [30ms]
2024-04-18 09:49:19.287 [info] > git ls-files --stage -- /home/pi/mxet300_lab/basics/lidar_driving.py [8ms]
2024-04-18 09:49:19.329 [info] > git cat-file -s 165b2ecf4a1af383d72dd0f913a30873c1499695 [7ms]
2024-04-18 09:49:23.763 [info] > git show --textconv :basics/L3_noderedControl.py [43ms]
2024-04-18 09:49:23.770 [info] > git ls-files --stage -- /home/pi/mxet300_lab/basics/L3_noderedControl.py [11ms]
2024-04-18 09:49:23.806 [info] > git cat-file -s 871725d8910cede21ff9c67de13677bfa1f6c984 [8ms]
2024-04-18 09:49:25.119 [info] > git show --textconv :basics/nodeRedShape.py [34ms]
2024-04-18 09:49:25.124 [info] > git ls-files --stage -- /home/pi/mxet300_lab/basics/nodeRedShape.py [8ms]
2024-04-18 09:49:25.162 [info] > git cat-file -s f850e424a7406054abab3c06e86b991d6ad442ff [7ms]
2024-04-18 09:49:27.562 [info] > git show --textconv :basics/L3_noderedControl.py [44ms]
2024-04-18 09:49:27.567 [info] > git ls-files --stage -- /home/pi/mxet300_lab/basics/L3_noderedControl.py [9ms]
2024-04-18 09:49:27.605 [info] > git cat-file -s 871725d8910cede21ff9c67de13677bfa1f6c984 [5ms]
2024-04-18 09:49:31.385 [info] > git show --textconv :basics/L2_vector.py [25ms]
2024-04-18 09:49:31.387 [info] > git ls-files --stage -- /home/pi/mxet300_lab/basics/L2_vector.py [4ms]
2024-04-18 09:49:31.411 [info] > git cat-file -s 1d15470e928696ef2631576cd7bd95a6689ad734 [5ms]
2024-04-18 09:49:34.088 [info] > git show --textconv :basics/L3_noderedControl.py [38ms]
2024-04-18 09:49:34.094 [info] > git ls-files --stage -- /home/pi/mxet300_lab/basics/L3_noderedControl.py [9ms]
2024-04-18 09:49:34.139 [info] > git cat-file -s 871725d8910cede21ff9c67de13677bfa1f6c984 [11ms]
2024-04-18 09:49:39.861 [info] > git show --textconv :basics/Lab7Template.py [24ms]
2024-04-18 09:49:39.864 [info] > git ls-files --stage -- /home/pi/mxet300_lab/basics/Lab7Template.py [6ms]
2024-04-18 09:49:39.896 [info] > git cat-file -s 281bfc70e978843fd4bb9fab75055c0e0ddfe95b [11ms]
2024-04-18 09:49:46.372 [info] > git show --textconv :basics/L3_noderedControl.py [51ms]
2024-04-18 09:49:46.379 [info] > git ls-files --stage -- /home/pi/mxet300_lab/basics/L3_noderedControl.py [12ms]
2024-04-18 09:49:46.408 [info] > git cat-file -s 871725d8910cede21ff9c67de13677bfa1f6c984 [6ms]
2024-04-18 09:50:03.140 [info] > git show --textconv :basics/L2_speed_control.py [31ms]
2024-04-18 09:50:03.143 [info] > git ls-files --stage -- /home/pi/mxet300_lab/basics/L2_speed_control.py [9ms]
2024-04-18 09:50:03.172 [info] > git cat-file -s 9f2ddd02cc20f9bf2613d33372a15736bc398300 [6ms]
2024-04-18 09:50:06.828 [info] > git show --textconv :basics/L3_noderedControl.py [42ms]
2024-04-18 09:50:06.834 [info] > git ls-files --stage -- /home/pi/mxet300_lab/basics/L3_noderedControl.py [11ms]
2024-04-18 09:50:06.872 [info] > git cat-file -s 871725d8910cede21ff9c67de13677bfa1f6c984 [8ms]
2024-04-18 09:50:10.036 [info] > git show --textconv :basics/L3_path_template.py [50ms]
2024-04-18 09:50:10.041 [info] > git ls-files --stage -- /home/pi/mxet300_lab/basics/L3_path_template.py [11ms]
2024-04-18 09:50:10.067 [info] > git cat-file -s 697d99fbca38f9345b4c8cf58411c8cb25e7ecbc [7ms]
2024-04-18 09:50:15.801 [info] > git show --textconv :basics/L3_noderedControl.py [23ms]
2024-04-18 09:50:15.804 [info] > git ls-files --stage -- /home/pi/mxet300_lab/basics/L3_noderedControl.py [6ms]
2024-04-18 09:50:15.830 [info] > git cat-file -s 871725d8910cede21ff9c67de13677bfa1f6c984 [7ms]
2024-04-18 09:50:18.363 [info] > git show --textconv :basics/Lab7Template.py [24ms]
2024-04-18 09:50:18.366 [info] > git ls-files --stage -- /home/pi/mxet300_lab/basics/Lab7Template.py [7ms]
2024-04-18 09:50:18.393 [info] > git cat-file -s 281bfc70e978843fd4bb9fab75055c0e0ddfe95b [8ms]
2024-04-18 09:50:23.613 [info] > git show --textconv :basics/L3_noderedControl.py [46ms]
2024-04-18 09:50:23.620 [info] > git ls-files --stage -- /home/pi/mxet300_lab/basics/L3_noderedControl.py [11ms]
2024-04-18 09:50:23.662 [info] > git cat-file -s 871725d8910cede21ff9c67de13677bfa1f6c984 [5ms]
2024-04-18 09:50:25.114 [info] > git show --textconv :basics/lidar_driving.py [24ms]
2024-04-18 09:50:25.116 [info] > git ls-files --stage -- /home/pi/mxet300_lab/basics/lidar_driving.py [5ms]
2024-04-18 09:50:25.141 [info] > git cat-file -s 165b2ecf4a1af383d72dd0f913a30873c1499695 [4ms]
2024-04-18 09:52:03.971 [info] > git show --textconv :basics/L3_noderedControl.py [38ms]
2024-04-18 09:52:03.977 [info] > git ls-files --stage -- /home/pi/mxet300_lab/basics/L3_noderedControl.py [9ms]
2024-04-18 09:52:04.022 [info] > git cat-file -s 871725d8910cede21ff9c67de13677bfa1f6c984 [12ms]
2024-04-18 09:52:09.088 [info] > git show --textconv :basics/nodeRedShape.py [42ms]
2024-04-18 09:52:09.093 [info] > git ls-files --stage -- /home/pi/mxet300_lab/basics/nodeRedShape.py [9ms]
2024-04-18 09:52:09.138 [info] > git cat-file -s f850e424a7406054abab3c06e86b991d6ad442ff [9ms]
2024-04-18 09:52:19.716 [info] > git show --textconv :basics/Final.py [43ms]
2024-04-18 09:52:19.717 [info] > git ls-files --stage -- /home/pi/mxet300_lab/basics/Final.py [9ms]
2024-04-18 09:52:19.764 [info] > git cat-file -s 9b5f08e93ab3971ffe4a28b92dedb376baf56dec [14ms]
2024-04-18 09:52:19.764 [info] error: object file .git/objects/9b/5f08e93ab3971ffe4a28b92dedb376baf56dec is empty
fatal: git cat-file: could not get object info
2024-04-18 09:54:17.884 [info] > git show --textconv :basics/L3_noderedControl.py [41ms]
2024-04-18 09:54:17.887 [info] > git ls-files --stage -- /home/pi/mxet300_lab/basics/L3_noderedControl.py [5ms]
2024-04-18 09:54:17.911 [info] > git cat-file -s 871725d8910cede21ff9c67de13677bfa1f6c984 [5ms]
2024-04-18 09:54:29.433 [info] > git show --textconv :basics/nodeRedShape.py [48ms]
2024-04-18 09:54:29.436 [info] > git ls-files --stage -- /home/pi/mxet300_lab/basics/nodeRedShape.py [6ms]
2024-04-18 09:54:29.462 [info] > git cat-file -s f850e424a7406054abab3c06e86b991d6ad442ff [5ms]
2024-04-18 09:54:38.239 [info] > git show --textconv :basics/shapeMotions.py [40ms]
2024-04-18 09:54:38.239 [info] > git ls-files --stage -- /home/pi/mxet300_lab/basics/shapeMotions.py [8ms]
2024-04-18 09:54:38.282 [info] > git cat-file -s a48817e75adbaa40ccc9f0b1200c3a3cec644e6f [14ms]
2024-04-18 09:54:41.568 [info] > git show --textconv :basics/Final.py [48ms]
2024-04-18 09:54:41.574 [info] > git ls-files --stage -- /home/pi/mxet300_lab/basics/Final.py [10ms]
2024-04-18 09:54:41.608 [info] > git cat-file -s 9b5f08e93ab3971ffe4a28b92dedb376baf56dec [8ms]
2024-04-18 09:54:41.608 [info] error: object file .git/objects/9b/5f08e93ab3971ffe4a28b92dedb376baf56dec is empty
fatal: git cat-file: could not get object info
2024-04-18 09:55:10.069 [info] > git show --textconv :basics/L3_noderedControl.py [40ms]
2024-04-18 09:55:10.073 [info] > git ls-files --stage -- /home/pi/mxet300_lab/basics/L3_noderedControl.py [7ms]
2024-04-18 09:55:10.110 [info] > git cat-file -s 871725d8910cede21ff9c67de13677bfa1f6c984 [10ms]
2024-04-18 09:55:15.102 [info] > git show --textconv :basics/nodeRedShape.py [37ms]
2024-04-18 09:55:15.105 [info] > git ls-files --stage -- /home/pi/mxet300_lab/basics/nodeRedShape.py [7ms]
2024-04-18 09:55:15.143 [info] > git cat-file -s f850e424a7406054abab3c06e86b991d6ad442ff [10ms]
2024-04-18 09:55:17.739 [info] > git show --textconv :basics/shapeMotions.py [34ms]
2024-04-18 09:55:17.743 [info] > git ls-files --stage -- /home/pi/mxet300_lab/basics/shapeMotions.py [7ms]
2024-04-18 09:55:17.782 [info] > git cat-file -s a48817e75adbaa40ccc9f0b1200c3a3cec644e6f [10ms]
2024-04-18 09:55:22.755 [info] > git show --textconv :basics/Final.py [23ms]
2024-04-18 09:55:22.758 [info] > git ls-files --stage -- /home/pi/mxet300_lab/basics/Final.py [5ms]
2024-04-18 09:55:22.785 [info] > git cat-file -s 9b5f08e93ab3971ffe4a28b92dedb376baf56dec [8ms]
2024-04-18 09:55:22.786 [info] error: object file .git/objects/9b/5f08e93ab3971ffe4a28b92dedb376baf56dec is empty
fatal: git cat-file: could not get object info
2024-04-18 09:55:44.103 [info] > git show --textconv :basics/lidar_driving.py [23ms]
2024-04-18 09:55:44.106 [info] > git ls-files --stage -- /home/pi/mxet300_lab/basics/lidar_driving.py [6ms]
2024-04-18 09:55:44.133 [info] > git cat-file -s 165b2ecf4a1af383d72dd0f913a30873c1499695 [8ms]
2024-04-18 09:55:45.179 [info] > git show --textconv :basics/L3_noderedControl.py [23ms]
2024-04-18 09:55:45.182 [info] > git ls-files --stage -- /home/pi/mxet300_lab/basics/L3_noderedControl.py [6ms]
2024-04-18 09:55:45.207 [info] > git cat-file -s 871725d8910cede21ff9c67de13677bfa1f6c984 [5ms]
2024-04-18 09:55:46.465 [info] > git show --textconv :basics/lidar_driving.py [48ms]
2024-04-18 09:55:46.472 [info] > git ls-files --stage -- /home/pi/mxet300_lab/basics/lidar_driving.py [12ms]
2024-04-18 09:55:46.498 [info] > git cat-file -s 165b2ecf4a1af383d72dd0f913a30873c1499695 [4ms]
2024-04-18 09:55:47.904 [info] > git show --textconv :basics/shapeMotions.py [43ms]
2024-04-18 09:55:47.909 [info] > git ls-files --stage -- /home/pi/mxet300_lab/basics/shapeMotions.py [9ms]
2024-04-18 09:55:47.946 [info] > git cat-file -s a48817e75adbaa40ccc9f0b1200c3a3cec644e6f [5ms]
2024-04-18 09:55:51.852 [info] > git show --textconv :basics/Final.py [31ms]
2024-04-18 09:55:51.855 [info] > git ls-files --stage -- /home/pi/mxet300_lab/basics/Final.py [10ms]
2024-04-18 09:55:51.880 [info] > git cat-file -s 9b5f08e93ab3971ffe4a28b92dedb376baf56dec [5ms]
2024-04-18 09:55:51.880 [info] error: object file .git/objects/9b/5f08e93ab3971ffe4a28b92dedb376baf56dec is empty
fatal: git cat-file: could not get object info
2024-04-18 10:00:35.715 [info] > git show --textconv :basics/shapeMotions.py [41ms]
2024-04-18 10:00:35.722 [info] > git ls-files --stage -- /home/pi/mxet300_lab/basics/shapeMotions.py [10ms]
2024-04-18 10:00:35.768 [info] > git cat-file -s a48817e75adbaa40ccc9f0b1200c3a3cec644e6f [10ms]
2024-04-18 10:00:45.892 [info] > git show --textconv :basics/Final.py [31ms]
2024-04-18 10:00:45.896 [info] > git ls-files --stage -- /home/pi/mxet300_lab/basics/Final.py [6ms]
2024-04-18 10:00:45.920 [info] > git cat-file -s 9b5f08e93ab3971ffe4a28b92dedb376baf56dec [5ms]
2024-04-18 10:00:45.920 [info] error: object file .git/objects/9b/5f08e93ab3971ffe4a28b92dedb376baf56dec is empty
fatal: git cat-file: could not get object info
2024-04-18 10:01:06.196 [info] > git show --textconv :basics/shapeMotions.py [39ms]
2024-04-18 10:01:06.201 [info] > git ls-files --stage -- /home/pi/mxet300_lab/basics/shapeMotions.py [8ms]
2024-04-18 10:01:06.234 [info] > git cat-file -s a48817e75adbaa40ccc9f0b1200c3a3cec644e6f [9ms]
2024-04-18 10:01:24.731 [info] > git show --textconv :basics/Final.py [34ms]
2024-04-18 10:01:24.735 [info] > git ls-files --stage -- /home/pi/mxet300_lab/basics/Final.py [7ms]
2024-04-18 10:01:24.777 [info] > git cat-file -s 9b5f08e93ab3971ffe4a28b92dedb376baf56dec [10ms]
2024-04-18 10:01:24.777 [info] error: object file .git/objects/9b/5f08e93ab3971ffe4a28b92dedb376baf56dec is empty
fatal: git cat-file: could not get object info
2024-04-18 10:01:56.404 [info] > git show --textconv :basics/shapeMotions.py [23ms]
2024-04-18 10:01:56.407 [info] > git ls-files --stage -- /home/pi/mxet300_lab/basics/shapeMotions.py [5ms]
2024-04-18 10:01:56.432 [info] > git cat-file -s a48817e75adbaa40ccc9f0b1200c3a3cec644e6f [5ms]
2024-04-18 10:02:28.729 [info] > git show --textconv :basics/Final.py [47ms]
2024-04-18 10:02:28.734 [info] > git ls-files --stage -- /home/pi/mxet300_lab/basics/Final.py [12ms]
2024-04-18 10:02:28.775 [info] > git cat-file -s 9b5f08e93ab3971ffe4a28b92dedb376baf56dec [7ms]
2024-04-18 10:02:28.775 [info] error: object file .git/objects/9b/5f08e93ab3971ffe4a28b92dedb376baf56dec is empty
fatal: git cat-file: could not get object info
2024-04-18 10:08:02.629 [info] > git show --textconv :basics/shapeMotions.py [38ms]
2024-04-18 10:08:02.635 [info] > git ls-files --stage -- /home/pi/mxet300_lab/basics/shapeMotions.py [8ms]
2024-04-18 10:08:02.669 [info] > git cat-file -s a48817e75adbaa40ccc9f0b1200c3a3cec644e6f [6ms]
2024-04-18 10:08:29.870 [info] > git show --textconv :basics/Final.py [23ms]
2024-04-18 10:08:29.872 [info] > git ls-files --stage -- /home/pi/mxet300_lab/basics/Final.py [5ms]
2024-04-18 10:08:29.897 [info] > git cat-file -s 9b5f08e93ab3971ffe4a28b92dedb376baf56dec [4ms]
2024-04-18 10:08:29.897 [info] error: object file .git/objects/9b/5f08e93ab3971ffe4a28b92dedb376baf56dec is empty
fatal: git cat-file: could not get object info
2024-04-18 10:10:21.237 [info] > git show --textconv :basics/shapeMotions.py [23ms]
2024-04-18 10:10:21.240 [info] > git ls-files --stage -- /home/pi/mxet300_lab/basics/shapeMotions.py [5ms]
2024-04-18 10:10:21.267 [info] > git cat-file -s a48817e75adbaa40ccc9f0b1200c3a3cec644e6f [5ms]
2024-04-18 10:10:47.703 [info] > git show --textconv :basics/nodeRedShape.py [22ms]
2024-04-18 10:10:47.706 [info] > git ls-files --stage -- /home/pi/mxet300_lab/basics/nodeRedShape.py [5ms]
2024-04-18 10:10:47.730 [info] > git cat-file -s f850e424a7406054abab3c06e86b991d6ad442ff [5ms]
2024-04-18 10:10:51.275 [info] > git show --textconv :basics/L3_noderedControl.py [50ms]
2024-04-18 10:10:51.279 [info] > git ls-files --stage -- /home/pi/mxet300_lab/basics/L3_noderedControl.py [8ms]
2024-04-18 10:10:51.307 [info] > git cat-file -s 871725d8910cede21ff9c67de13677bfa1f6c984 [7ms]
2024-04-18 10:10:52.503 [info] > git show --textconv :basics/lidar_driving.py [44ms]
2024-04-18 10:10:52.506 [info] > git ls-files --stage -- /home/pi/mxet300_lab/basics/lidar_driving.py [7ms]
2024-04-18 10:10:52.541 [info] > git cat-file -s 165b2ecf4a1af383d72dd0f913a30873c1499695 [7ms]
2024-04-18 10:10:53.707 [info] > git show --textconv :basics/shapeMotions.py [37ms]
2024-04-18 10:10:53.712 [info] > git ls-files --stage -- /home/pi/mxet300_lab/basics/shapeMotions.py [7ms]
2024-04-18 10:10:53.754 [info] > git cat-file -s a48817e75adbaa40ccc9f0b1200c3a3cec644e6f [10ms]
2024-04-18 10:12:39.326 [info] > git show --textconv :basics/L3_noderedControl.py [37ms]
2024-04-18 10:12:39.332 [info] > git ls-files --stage -- /home/pi/mxet300_lab/basics/L3_noderedControl.py [9ms]
2024-04-18 10:12:39.371 [info] > git cat-file -s 871725d8910cede21ff9c67de13677bfa1f6c984 [7ms]
2024-04-18 10:12:41.348 [info] > git show --textconv :basics/lidar_driving.py [43ms]
2024-04-18 10:12:41.354 [info] > git ls-files --stage -- /home/pi/mxet300_lab/basics/lidar_driving.py [10ms]
2024-04-18 10:12:41.519 [info] > git cat-file -s 165b2ecf4a1af383d72dd0f913a30873c1499695 [127ms]
2024-04-18 10:12:42.486 [info] > git show --textconv :basics/L3_noderedControl.py [43ms]
2024-04-18 10:12:42.491 [info] > git ls-files --stage -- /home/pi/mxet300_lab/basics/L3_noderedControl.py [8ms]
2024-04-18 10:12:42.549 [info] > git cat-file -s 871725d8910cede21ff9c67de13677bfa1f6c984 [19ms]
2024-04-18 10:12:48.870 [info] > git show --textconv :basics/L2_inverse_kinematics.py [25ms]
2024-04-18 10:12:48.874 [info] > git ls-files --stage -- /home/pi/mxet300_lab/basics/L2_inverse_kinematics.py [7ms]
2024-04-18 10:12:48.900 [info] > git cat-file -s aa808edd23b7db881283c3beed8b49b7c1548fa5 [4ms]
2024-04-18 10:12:56.711 [info] > git show --textconv :basics/L2_kinematics.py [26ms]
2024-04-18 10:12:56.714 [info] > git ls-files --stage -- /home/pi/mxet300_lab/basics/L2_kinematics.py [6ms]
2024-04-18 10:12:56.742 [info] > git cat-file -s 79e83b36271444adb4c7fe2e47e504ee82010f02 [6ms]
2024-04-18 10:12:57.542 [info] > git show --textconv :basics/L3_noderedControl.py [41ms]
2024-04-18 10:12:57.547 [info] > git ls-files --stage -- /home/pi/mxet300_lab/basics/L3_noderedControl.py [12ms]
2024-04-18 10:12:57.585 [info] > git cat-file -s 871725d8910cede21ff9c67de13677bfa1f6c984 [9ms]
2024-04-18 10:12:59.044 [info] > git show --textconv :basics/L2_kinematics.py [195ms]
2024-04-18 10:12:59.045 [info] > git ls-files --stage -- /home/pi/mxet300_lab/basics/L2_kinematics.py [151ms]
2024-04-18 10:12:59.072 [info] > git cat-file -s 79e83b36271444adb4c7fe2e47e504ee82010f02 [7ms]
2024-04-18 10:13:14.043 [info] > git show --textconv :basics/shapeMotions.py [38ms]
2024-04-18 10:13:14.048 [info] > git ls-files --stage -- /home/pi/mxet300_lab/basics/shapeMotions.py [8ms]
2024-04-18 10:13:14.095 [info] > git cat-file -s a48817e75adbaa40ccc9f0b1200c3a3cec644e6f [13ms]
2024-04-18 10:13:21.769 [info] > git show --textconv :basics/L2_vector.py [24ms]
2024-04-18 10:13:21.773 [info] > git ls-files --stage -- /home/pi/mxet300_lab/basics/L2_vector.py [7ms]
2024-04-18 10:13:21.798 [info] > git cat-file -s 1d15470e928696ef2631576cd7bd95a6689ad734 [4ms]
2024-04-18 10:13:28.860 [info] > git show --textconv :basics/shapeMotions.py [23ms]
2024-04-18 10:13:28.863 [info] > git ls-files --stage -- /home/pi/mxet300_lab/basics/shapeMotions.py [4ms]
2024-04-18 10:13:28.893 [info] > git cat-file -s a48817e75adbaa40ccc9f0b1200c3a3cec644e6f [6ms]
2024-04-18 10:13:40.145 [info] > git show --textconv :basics/L1_encoder.py [23ms]
2024-04-18 10:13:40.148 [info] > git ls-files --stage -- /home/pi/mxet300_lab/basics/L1_encoder.py [4ms]
2024-04-18 10:13:40.175 [info] > git cat-file -s 81e7b550c6683a9250bfa65266f06af3b5b149eb [7ms]
2024-04-18 10:13:51.773 [info] > git show --textconv :basics/L2_kinematics.py [23ms]
2024-04-18 10:13:51.775 [info] > git ls-files --stage -- /home/pi/mxet300_lab/basics/L2_kinematics.py [5ms]
2024-04-18 10:13:51.807 [info] > git cat-file -s 79e83b36271444adb4c7fe2e47e504ee82010f02 [8ms]
2024-04-18 10:14:10.097 [info] > git show --textconv :basics/L2_speed_control.py [31ms]
2024-04-18 10:14:10.110 [info] > git ls-files --stage -- /home/pi/mxet300_lab/basics/L2_speed_control.py [15ms]
2024-04-18 10:14:10.149 [info] > git cat-file -s 9f2ddd02cc20f9bf2613d33372a15736bc398300 [11ms]
2024-04-18 10:14:30.631 [info] > git show --textconv :basics/shapeMotions.py [25ms]
2024-04-18 10:14:30.634 [info] > git ls-files --stage -- /home/pi/mxet300_lab/basics/shapeMotions.py [9ms]
2024-04-18 10:14:30.663 [info] > git cat-file -s a48817e75adbaa40ccc9f0b1200c3a3cec644e6f [10ms]
2024-04-18 10:14:36.217 [info] > git show --textconv :basics/L2_speed_control.py [49ms]
2024-04-18 10:14:36.218 [info] > git ls-files --stage -- /home/pi/mxet300_lab/basics/L2_speed_control.py [11ms]
2024-04-18 10:14:36.267 [info] > git cat-file -s 9f2ddd02cc20f9bf2613d33372a15736bc398300 [12ms]
2024-04-18 10:14:44.459 [info] > git show --textconv :basics/shapeMotions.py [46ms]
2024-04-18 10:14:44.463 [info] > git ls-files --stage -- /home/pi/mxet300_lab/basics/shapeMotions.py [7ms]
2024-04-18 10:14:44.499 [info] > git cat-file -s a48817e75adbaa40ccc9f0b1200c3a3cec644e6f [8ms]
2024-04-18 10:15:03.534 [info] > git show --textconv :basics/L2_speed_control.py [37ms]
2024-04-18 10:15:03.539 [info] > git ls-files --stage -- /home/pi/mxet300_lab/basics/L2_speed_control.py [9ms]
2024-04-18 10:15:03.582 [info] > git cat-file -s 9f2ddd02cc20f9bf2613d33372a15736bc398300 [11ms]
2024-04-18 10:16:48.114 [info] > git show --textconv :basics/shapeMotions.py [42ms]
2024-04-18 10:16:48.126 [info] > git ls-files --stage -- /home/pi/mxet300_lab/basics/shapeMotions.py [15ms]
2024-04-18 10:16:48.177 [info] > git cat-file -s a48817e75adbaa40ccc9f0b1200c3a3cec644e6f [21ms]
2024-04-18 10:16:53.195 [info] > git show --textconv :basics/L2_speed_control.py [43ms]
2024-04-18 10:16:53.198 [info] > git ls-files --stage -- /home/pi/mxet300_lab/basics/L2_speed_control.py [8ms]
2024-04-18 10:16:53.233 [info] > git cat-file -s 9f2ddd02cc20f9bf2613d33372a15736bc398300 [7ms]
2024-04-18 10:16:58.060 [info] > git show --textconv :basics/Lab7Template.py [26ms]
2024-04-18 10:16:58.064 [info] > git ls-files --stage -- /home/pi/mxet300_lab/basics/Lab7Template.py [8ms]
2024-04-18 10:16:58.103 [info] > git cat-file -s 281bfc70e978843fd4bb9fab75055c0e0ddfe95b [13ms]
2024-04-18 10:17:02.249 [info] > git show --textconv :basics/L2_speed_control.py [23ms]
2024-04-18 10:17:02.251 [info] > git ls-files --stage -- /home/pi/mxet300_lab/basics/L2_speed_control.py [4ms]
2024-04-18 10:17:02.276 [info] > git cat-file -s 9f2ddd02cc20f9bf2613d33372a15736bc398300 [5ms]
2024-04-18 10:17:08.005 [info] > git show --textconv :basics/L3_path_template.py [45ms]
2024-04-18 10:17:08.011 [info] > git ls-files --stage -- /home/pi/mxet300_lab/basics/L3_path_template.py [10ms]
2024-04-18 10:17:08.060 [info] > git cat-file -s 697d99fbca38f9345b4c8cf58411c8cb25e7ecbc [11ms]
2024-04-18 10:17:25.295 [info] > git show --textconv :basics/L2_speed_control.py [38ms]
2024-04-18 10:17:25.299 [info] > git ls-files --stage -- /home/pi/mxet300_lab/basics/L2_speed_control.py [6ms]
2024-04-18 10:17:25.337 [info] > git cat-file -s 9f2ddd02cc20f9bf2613d33372a15736bc398300 [11ms]
2024-04-18 10:17:28.778 [info] > git show --textconv :basics/L3_path_template.py [34ms]
2024-04-18 10:17:28.782 [info] > git ls-files --stage -- /home/pi/mxet300_lab/basics/L3_path_template.py [7ms]
2024-04-18 10:17:28.821 [info] > git cat-file -s 697d99fbca38f9345b4c8cf58411c8cb25e7ecbc [9ms]
2024-04-18 10:17:30.527 [info] > git show --textconv :basics/L2_speed_control.py [45ms]
2024-04-18 10:17:30.527 [info] > git ls-files --stage -- /home/pi/mxet300_lab/basics/L2_speed_control.py [9ms]
2024-04-18 10:17:30.569 [info] > git cat-file -s 9f2ddd02cc20f9bf2613d33372a15736bc398300 [9ms]
2024-04-18 10:23:53.447 [info] > git show --textconv :basics/shapeMotions.py [23ms]
2024-04-18 10:23:53.450 [info] > git ls-files --stage -- /home/pi/mxet300_lab/basics/shapeMotions.py [5ms]
2024-04-18 10:23:53.475 [info] > git cat-file -s a48817e75adbaa40ccc9f0b1200c3a3cec644e6f [5ms]
2024-04-18 10:24:14.275 [info] > git show --textconv :basics/nodeRedShape.py [23ms]
2024-04-18 10:24:14.278 [info] > git ls-files --stage -- /home/pi/mxet300_lab/basics/nodeRedShape.py [5ms]
2024-04-18 10:24:14.312 [info] > git cat-file -s f850e424a7406054abab3c06e86b991d6ad442ff [13ms]
2024-04-18 10:24:16.540 [info] > git show --textconv :basics/L1_encoder.py [40ms]
2024-04-18 10:24:16.543 [info] > git ls-files --stage -- /home/pi/mxet300_lab/basics/L1_encoder.py [7ms]
2024-04-18 10:24:16.580 [info] > git cat-file -s 81e7b550c6683a9250bfa65266f06af3b5b149eb [9ms]
2024-04-18 10:24:17.289 [info] > git show --textconv :basics/L2_speed_control.py [42ms]
2024-04-18 10:24:17.294 [info] > git ls-files --stage -- /home/pi/mxet300_lab/basics/L2_speed_control.py [9ms]
2024-04-18 10:24:17.336 [info] > git cat-file -s 9f2ddd02cc20f9bf2613d33372a15736bc398300 [9ms]
2024-04-18 10:24:19.097 [info] > git show --textconv :basics/L3_path_template.py [38ms]
2024-04-18 10:24:19.101 [info] > git ls-files --stage -- /home/pi/mxet300_lab/basics/L3_path_template.py [9ms]
2024-04-18 10:24:19.144 [info] > git cat-file -s 697d99fbca38f9345b4c8cf58411c8cb25e7ecbc [10ms]
2024-04-18 10:24:20.879 [info] > git show --textconv :basics/L2_speed_control.py [46ms]
2024-04-18 10:24:20.881 [info] > git ls-files --stage -- /home/pi/mxet300_lab/basics/L2_speed_control.py [4ms]
2024-04-18 10:24:20.910 [info] > git cat-file -s 9f2ddd02cc20f9bf2613d33372a15736bc398300 [8ms]
2024-04-18 10:25:54.428 [info] > git show --textconv :basics/shapeMotions.py [38ms]
2024-04-18 10:25:54.433 [info] > git ls-files --stage -- /home/pi/mxet300_lab/basics/shapeMotions.py [7ms]
2024-04-18 10:25:54.476 [info] > git cat-file -s a48817e75adbaa40ccc9f0b1200c3a3cec644e6f [10ms]
2024-04-18 10:25:59.295 [info] > git show --textconv :basics/L3_path_template.py [50ms]
2024-04-18 10:25:59.302 [info] > git ls-files --stage -- /home/pi/mxet300_lab/basics/L3_path_template.py [11ms]
2024-04-18 10:25:59.335 [info] > git cat-file -s 697d99fbca38f9345b4c8cf58411c8cb25e7ecbc [7ms]
2024-04-18 10:26:00.822 [info] > git show --textconv :basics/L2_speed_control.py [24ms]
2024-04-18 10:26:00.825 [info] > git ls-files --stage -- /home/pi/mxet300_lab/basics/L2_speed_control.py [6ms]
2024-04-18 10:26:00.851 [info] > git cat-file -s 9f2ddd02cc20f9bf2613d33372a15736bc398300 [5ms]
2024-04-18 10:26:50.091 [info] > git show --textconv :basics/shapeMotions.py [33ms]
2024-04-18 10:26:50.096 [info] > git ls-files --stage -- /home/pi/mxet300_lab/basics/shapeMotions.py [8ms]
2024-04-18 10:26:50.131 [info] > git cat-file -s a48817e75adbaa40ccc9f0b1200c3a3cec644e6f [7ms]
2024-04-18 10:27:46.765 [info] > git show --textconv :basics/L3_path_template.py [35ms]
2024-04-18 10:27:46.772 [info] > git ls-files --stage -- /home/pi/mxet300_lab/basics/L3_path_template.py [10ms]
2024-04-18 10:27:46.812 [info] > git cat-file -s 697d99fbca38f9345b4c8cf58411c8cb25e7ecbc [9ms]
2024-04-18 10:27:51.634 [info] > git show --textconv :basics/L2_speed_control.py [35ms]
2024-04-18 10:27:51.639 [info] > git ls-files --stage -- /home/pi/mxet300_lab/basics/L2_speed_control.py [7ms]
2024-04-18 10:27:51.676 [info] > git cat-file -s 9f2ddd02cc20f9bf2613d33372a15736bc398300 [8ms]
2024-04-18 10:28:51.376 [info] > git show --textconv :basics/Lab7Template.py [34ms]
2024-04-18 10:28:51.380 [info] > git ls-files --stage -- /home/pi/mxet300_lab/basics/Lab7Template.py [7ms]
2024-04-18 10:28:51.422 [info] > git cat-file -s 281bfc70e978843fd4bb9fab75055c0e0ddfe95b [10ms]
2024-04-18 10:29:48.137 [info] > git show --textconv :basics/shapeMotions.py [36ms]
2024-04-18 10:29:48.141 [info] > git ls-files --stage -- /home/pi/mxet300_lab/basics/shapeMotions.py [8ms]
2024-04-18 10:29:48.180 [info] > git cat-file -s a48817e75adbaa40ccc9f0b1200c3a3cec644e6f [8ms]
2024-04-18 10:29:56.459 [info] > git show --textconv :basics/Lab7Template.py [35ms]
2024-04-18 10:29:56.467 [info] > git ls-files --stage -- /home/pi/mxet300_lab/basics/Lab7Template.py [11ms]
2024-04-18 10:29:56.505 [info] > git cat-file -s 281bfc70e978843fd4bb9fab75055c0e0ddfe95b [8ms]
2024-04-18 10:30:12.226 [info] > git show --textconv :basics/shapeMotions.py [32ms]
2024-04-18 10:30:12.230 [info] > git ls-files --stage -- /home/pi/mxet300_lab/basics/shapeMotions.py [6ms]
2024-04-18 10:30:12.261 [info] > git cat-file -s a48817e75adbaa40ccc9f0b1200c3a3cec644e6f [5ms]
2024-04-18 10:30:27.049 [info] > git show --textconv :basics/Lab7Template.py [37ms]
2024-04-18 10:30:27.054 [info] > git ls-files --stage -- /home/pi/mxet300_lab/basics/Lab7Template.py [9ms]
2024-04-18 10:30:27.094 [info] > git cat-file -s 281bfc70e978843fd4bb9fab75055c0e0ddfe95b [9ms]
2024-04-18 10:30:40.618 [info] > git show --textconv :basics/shapeMotions.py [23ms]
2024-04-18 10:30:40.621 [info] > git ls-files --stage -- /home/pi/mxet300_lab/basics/shapeMotions.py [5ms]
2024-04-18 10:30:40.648 [info] > git cat-file -s a48817e75adbaa40ccc9f0b1200c3a3cec644e6f [6ms]
2024-04-18 10:31:11.225 [info] > git show --textconv :basics/Lab7Template.py [38ms]
2024-04-18 10:31:11.231 [info] > git ls-files --stage -- /home/pi/mxet300_lab/basics/Lab7Template.py [9ms]
2024-04-18 10:31:11.259 [info] > git cat-file -s 281bfc70e978843fd4bb9fab75055c0e0ddfe95b [8ms]
2024-04-18 10:32:00.977 [info] > git show --textconv :basics/shapeMotions.py [40ms]
2024-04-18 10:32:00.986 [info] > git ls-files --stage -- /home/pi/mxet300_lab/basics/shapeMotions.py [14ms]
2024-04-18 10:32:01.015 [info] > git cat-file -s a48817e75adbaa40ccc9f0b1200c3a3cec644e6f [5ms]
2024-04-18 10:32:39.029 [info] > git show --textconv :basics/Lab7Template.py [35ms]
2024-04-18 10:32:39.033 [info] > git ls-files --stage -- /home/pi/mxet300_lab/basics/Lab7Template.py [6ms]
2024-04-18 10:32:39.074 [info] > git cat-file -s 281bfc70e978843fd4bb9fab75055c0e0ddfe95b [11ms]
2024-04-18 10:32:59.287 [info] > git show --textconv :basics/Final.py [38ms]
2024-04-18 10:32:59.292 [info] > git ls-files --stage -- /home/pi/mxet300_lab/basics/Final.py [8ms]
2024-04-18 10:32:59.336 [info] > git cat-file -s 9b5f08e93ab3971ffe4a28b92dedb376baf56dec [13ms]
2024-04-18 10:32:59.336 [info] error: object file .git/objects/9b/5f08e93ab3971ffe4a28b92dedb376baf56dec is empty
fatal: git cat-file: could not get object info
2024-04-18 10:33:00.213 [info] > git show --textconv :basics/shapeMotions.py [35ms]
2024-04-18 10:33:00.218 [info] > git ls-files --stage -- /home/pi/mxet300_lab/basics/shapeMotions.py [8ms]
2024-04-18 10:33:00.259 [info] > git cat-file -s a48817e75adbaa40ccc9f0b1200c3a3cec644e6f [8ms]
2024-04-18 10:33:56.467 [info] > git show --textconv :basics/Lab7Template.py [42ms]
2024-04-18 10:33:56.470 [info] > git ls-files --stage -- /home/pi/mxet300_lab/basics/Lab7Template.py [10ms]
2024-04-18 10:33:56.513 [info] > git cat-file -s 281bfc70e978843fd4bb9fab75055c0e0ddfe95b [11ms]
2024-04-18 10:34:54.310 [info] > git show --textconv :basics/shapeMotions.py [31ms]
2024-04-18 10:34:54.318 [info] > git ls-files --stage -- /home/pi/mxet300_lab/basics/shapeMotions.py [10ms]
2024-04-18 10:34:54.342 [info] > git cat-file -s a48817e75adbaa40ccc9f0b1200c3a3cec644e6f [4ms]
2024-04-18 10:36:49.709 [info] > git show --textconv :basics/Lab7Template.py [46ms]
2024-04-18 10:36:49.715 [info] > git ls-files --stage -- /home/pi/mxet300_lab/basics/Lab7Template.py [13ms]
2024-04-18 10:36:49.749 [info] > git cat-file -s 281bfc70e978843fd4bb9fab75055c0e0ddfe95b [6ms]
2024-04-18 10:37:02.354 [info] > git show --textconv :basics/shapeMotions.py [37ms]
2024-04-18 10:37:02.357 [info] > git ls-files --stage -- /home/pi/mxet300_lab/basics/shapeMotions.py [10ms]
2024-04-18 10:37:02.395 [info] > git cat-file -s a48817e75adbaa40ccc9f0b1200c3a3cec644e6f [7ms]
2024-04-18 10:37:51.260 [info] > git ls-files --stage -- /home/pi/mxet300_lab/basics/shapeMotions.py [9ms]
2024-04-18 10:37:51.310 [info] > git cat-file -s 391292d09a6479df1400ba1ec43f76bcf4ba8a35 [6ms]
2024-04-18 10:37:51.353 [info] > git show --textconv :basics/shapeMotions.py [5ms]
2024-04-18 10:47:35.158 [info] > git ls-files --stage -- /home/pi/mxet300_lab/basics/shapeMotions.py [9ms]
2024-04-18 10:47:35.222 [info] > git show --textconv :basics/shapeMotions.py [6ms]
2024-04-18 10:47:41.403 [info] > git ls-files --stage -- /home/pi/mxet300_lab/basics/shapeMotions.py [7ms]
2024-04-18 10:47:41.445 [info] > git cat-file -s 391292d09a6479df1400ba1ec43f76bcf4ba8a35 [5ms]
2024-04-18 10:47:41.524 [info] > git show --textconv :basics/shapeMotions.py [7ms]
2024-04-18 10:48:15.655 [info] > git ls-files --stage -- /home/pi/mxet300_lab/basics/shapeMotions.py [8ms]
2024-04-18 10:48:15.701 [info] > git cat-file -s 391292d09a6479df1400ba1ec43f76bcf4ba8a35 [5ms]
2024-04-18 10:48:15.755 [info] > git show --textconv :basics/shapeMotions.py [10ms]
2024-04-18 10:48:32.136 [info] > git ls-files --stage -- /home/pi/mxet300_lab/basics/shapeMotions.py [9ms]
2024-04-18 10:48:32.173 [info] > git cat-file -s 391292d09a6479df1400ba1ec43f76bcf4ba8a35 [6ms]
2024-04-18 10:48:32.287 [info] > git show --textconv :basics/shapeMotions.py [9ms]
2024-04-18 10:48:46.362 [info] > git ls-files --stage -- /home/pi/mxet300_lab/basics/shapeMotions.py [4ms]
2024-04-18 10:48:46.386 [info] > git cat-file -s 391292d09a6479df1400ba1ec43f76bcf4ba8a35 [4ms]
2024-04-18 10:48:46.424 [info] > git show --textconv :basics/shapeMotions.py [5ms]
2024-04-18 10:48:59.970 [info] > git ls-files --stage -- /home/pi/mxet300_lab/basics/shapeMotions.py [6ms]
2024-04-18 10:49:00.010 [info] > git cat-file -s 391292d09a6479df1400ba1ec43f76bcf4ba8a35 [7ms]
2024-04-18 10:49:00.069 [info] > git show --textconv :basics/shapeMotions.py [8ms]
2024-04-18 10:50:00.360 [info] > git ls-files --stage -- /home/pi/mxet300_lab/basics/shapeMotions.py [10ms]
2024-04-18 10:50:00.403 [info] > git cat-file -s 391292d09a6479df1400ba1ec43f76bcf4ba8a35 [6ms]
2024-04-18 10:50:00.462 [info] > git show --textconv :basics/shapeMotions.py [7ms]
2024-04-18 10:51:08.755 [info] > git ls-files --stage -- /home/pi/mxet300_lab/basics/shapeMotions.py [8ms]
2024-04-18 10:51:08.796 [info] > git cat-file -s 391292d09a6479df1400ba1ec43f76bcf4ba8a35 [7ms]
2024-04-18 10:51:08.868 [info] > git show --textconv :basics/shapeMotions.py [7ms]
2024-04-18 10:51:46.300 [info] > git ls-files --stage -- /home/pi/mxet300_lab/basics/shapeMotions.py [9ms]
2024-04-18 10:51:46.349 [info] > git cat-file -s 391292d09a6479df1400ba1ec43f76bcf4ba8a35 [6ms]
2024-04-18 10:51:46.396 [info] > git show --textconv :basics/shapeMotions.py [7ms]
2024-04-18 10:52:25.786 [info] > git ls-files --stage -- /home/pi/mxet300_lab/basics/shapeMotions.py [9ms]
2024-04-18 10:52:25.834 [info] > git cat-file -s 391292d09a6479df1400ba1ec43f76bcf4ba8a35 [6ms]
2024-04-18 10:52:25.887 [info] > git show --textconv :basics/shapeMotions.py [7ms]
2024-04-18 10:52:28.984 [info] > git ls-files --stage -- /home/pi/mxet300_lab/basics/shapeMotions.py [9ms]
2024-04-18 10:52:29.015 [info] > git cat-file -s 391292d09a6479df1400ba1ec43f76bcf4ba8a35 [5ms]
2024-04-18 10:52:29.070 [info] > git show --textconv :basics/shapeMotions.py [5ms]
2024-04-18 10:52:30.373 [info] > git ls-files --stage -- /home/pi/mxet300_lab/basics/shapeMotions.py [11ms]
2024-04-18 10:52:30.400 [info] > git cat-file -s 391292d09a6479df1400ba1ec43f76bcf4ba8a35 [4ms]
2024-04-18 10:52:30.443 [info] > git show --textconv :basics/shapeMotions.py [5ms]
2024-04-18 10:53:20.404 [info] > git show --textconv :basics/Final.py [35ms]
2024-04-18 10:53:20.409 [info] > git ls-files --stage -- /home/pi/mxet300_lab/basics/Final.py [8ms]
2024-04-18 10:53:20.439 [info] > git cat-file -s 508996784ae16d812977e922bf6acea666f5658f [5ms]
2024-04-18 10:53:48.824 [info] > git show --textconv :basics/L2_speed_control.py [44ms]
2024-04-18 10:53:48.827 [info] > git ls-files --stage -- /home/pi/mxet300_lab/basics/L2_speed_control.py [9ms]
2024-04-18 10:53:48.857 [info] > git cat-file -s fda66315cc1c92f07fb4e587cbce4c6ab23c6282 [9ms]
2024-04-18 10:54:09.645 [info] > git show --textconv :basics/shapeMotions.py [45ms]
2024-04-18 10:54:09.649 [info] > git ls-files --stage -- /home/pi/mxet300_lab/basics/shapeMotions.py [7ms]
2024-04-18 10:54:09.685 [info] > git cat-file -s 391292d09a6479df1400ba1ec43f76bcf4ba8a35 [8ms]
2024-04-18 10:55:02.244 [info] > git ls-files --stage -- /home/pi/mxet300_lab/basics/shapeMotions.py [9ms]
2024-04-18 10:55:02.290 [info] > git cat-file -s 11af98435b09d1f1cf5067176363e73195711630 [4ms]
2024-04-18 10:55:02.341 [info] > git show --textconv :basics/shapeMotions.py [5ms]
2024-04-18 10:55:04.902 [info] > git ls-files --stage -- /home/pi/mxet300_lab/basics/shapeMotions.py [8ms]
2024-04-18 10:55:04.948 [info] > git cat-file -s 11af98435b09d1f1cf5067176363e73195711630 [8ms]
2024-04-18 10:55:04.987 [info] > git show --textconv :basics/shapeMotions.py [6ms]
2024-04-18 10:55:23.544 [info] > git ls-files --stage -- /home/pi/mxet300_lab/basics/shapeMotions.py [7ms]
2024-04-18 10:55:23.586 [info] > git cat-file -s 11af98435b09d1f1cf5067176363e73195711630 [7ms]
2024-04-18 10:55:23.639 [info] > git show --textconv :basics/shapeMotions.py [7ms]
2024-04-18 10:55:53.467 [info] > git show --textconv :basics/Final.py [27ms]
2024-04-18 10:55:53.470 [info] > git ls-files --stage -- /home/pi/mxet300_lab/basics/Final.py [7ms]
2024-04-18 10:55:53.496 [info] > git cat-file -s 1e776afe30fc2011832de32de13ff38b8b7e1d32 [5ms]
