2024-03-28 09:00:00.354 [info] Log level: Info
2024-03-28 09:00:00.354 [info] Validating found git in: "git"
2024-03-28 09:00:00.354 [info] Using git "2.20.1" from "git"
2024-03-28 09:00:28.152 [info] > git rev-parse --show-toplevel [18ms]
2024-03-28 09:00:28.186 [info] > git rev-parse --git-dir --git-common-dir [17ms]
2024-03-28 09:00:28.237 [info] Open repository: /home/pi/mxet300_lab
2024-03-28 09:00:28.267 [info] > git config --get commit.template [6ms]
2024-03-28 09:00:28.293 [info] > git for-each-ref --format=%(refname)%00%(upstream:short)%00%(objectname)%00%(upstream:track)%00%(upstream:remotename)%00%(upstream:remoteref) refs/heads/main refs/remotes/main [9ms]
2024-03-28 09:00:28.714 [info] > git status -z -uall [394ms]
2024-03-28 09:00:28.780 [info] > git config --get commit.template [8ms]
2024-03-28 09:00:28.925 [info] > git for-each-ref --format=%(refname)%00%(upstream:short)%00%(objectname)%00%(upstream:track)%00%(upstream:remotename)%00%(upstream:remoteref) refs/heads/main refs/remotes/main [129ms]
2024-03-28 09:00:28.950 [info] > git status -z -uall [8ms]
2024-03-28 09:00:31.033 [info] > git check-ignore -v -z --stdin [23ms]
2024-03-28 09:00:31.206 [info] > git show --textconv :basics/computer_vision/L3_color_tracking.py [25ms]
2024-03-28 09:00:31.212 [info] > git ls-files --stage -- /home/pi/mxet300_lab/basics/computer_vision/L3_color_tracking.py [9ms]
2024-03-28 09:01:12.418 [info] > git config --get commit.template [38ms]
2024-03-28 09:01:12.421 [info] > git for-each-ref --format=%(refname)%00%(upstream:short)%00%(objectname)%00%(upstream:track)%00%(upstream:remotename)%00%(upstream:remoteref) refs/heads/main refs/remotes/main [7ms]
2024-03-28 09:01:12.448 [info] > git status -z -uall [6ms]
2024-03-28 09:13:06.320 [info] > git config --get commit.template [26ms]
2024-03-28 09:13:06.322 [info] > git for-each-ref --format=%(refname)%00%(upstream:short)%00%(objectname)%00%(upstream:track)%00%(upstream:remotename)%00%(upstream:remoteref) refs/heads/main refs/remotes/main [8ms]
2024-03-28 09:13:06.348 [info] > git status -z -uall [6ms]
2024-03-28 09:13:11.416 [info] > git config --get commit.template [25ms]
2024-03-28 09:13:11.419 [info] > git for-each-ref --format=%(refname)%00%(upstream:short)%00%(objectname)%00%(upstream:track)%00%(upstream:remotename)%00%(upstream:remoteref) refs/heads/main refs/remotes/main [7ms]
2024-03-28 09:13:11.453 [info] > git status -z -uall [7ms]
2024-03-28 09:13:24.217 [info] > git config --get commit.template [22ms]
2024-03-28 09:13:24.220 [info] > git for-each-ref --format=%(refname)%00%(upstream:short)%00%(objectname)%00%(upstream:track)%00%(upstream:remotename)%00%(upstream:remoteref) refs/heads/main refs/remotes/main [6ms]
2024-03-28 09:13:24.257 [info] > git status -z -uall [10ms]
2024-03-28 09:14:23.373 [info] > git config --get commit.template [46ms]
2024-03-28 09:14:23.379 [info] > git for-each-ref --format=%(refname)%00%(upstream:short)%00%(objectname)%00%(upstream:track)%00%(upstream:remotename)%00%(upstream:remoteref) refs/heads/main refs/remotes/main [12ms]
2024-03-28 09:14:23.412 [info] > git status -z -uall [5ms]
2024-03-28 09:23:38.488 [info] > git config --get commit.template [25ms]
2024-03-28 09:23:38.490 [info] > git for-each-ref --format=%(refname)%00%(upstream:short)%00%(objectname)%00%(upstream:track)%00%(upstream:remotename)%00%(upstream:remoteref) refs/heads/main refs/remotes/main [5ms]
2024-03-28 09:23:38.515 [info] > git status -z -uall [6ms]
2024-03-28 09:30:43.964 [info] > git config --get commit.template [23ms]
2024-03-28 09:30:43.969 [info] > git for-each-ref --format=%(refname)%00%(upstream:short)%00%(objectname)%00%(upstream:track)%00%(upstream:remotename)%00%(upstream:remoteref) refs/heads/main refs/remotes/main [5ms]
2024-03-28 09:30:43.994 [info] > git status -z -uall [6ms]
2024-03-28 09:34:28.785 [info] > git config --get commit.template [32ms]
2024-03-28 09:34:28.793 [info] > git for-each-ref --format=%(refname)%00%(upstream:short)%00%(objectname)%00%(upstream:track)%00%(upstream:remotename)%00%(upstream:remoteref) refs/heads/main refs/remotes/main [11ms]
2024-03-28 09:34:28.831 [info] > git status -z -uall [8ms]
