2024-03-28 08:43:06.231 [info] Log level: Info
2024-03-28 08:43:06.231 [info] Validating found git in: "git"
2024-03-28 08:43:06.231 [info] Using git "2.20.1" from "git"
2024-03-28 08:43:06.231 [info] > git rev-parse --show-toplevel [37ms]
2024-03-28 08:43:06.231 [info] > git rev-parse --git-dir --git-common-dir [22ms]
2024-03-28 08:43:06.231 [info] Open repository: /home/pi/mxet300_lab
2024-03-28 08:43:06.231 [info] > git rev-parse --show-toplevel [104ms]
2024-03-28 08:43:06.231 [info] > git config --get commit.template [149ms]
2024-03-28 08:43:06.231 [info] > git rev-parse --show-toplevel [523ms]
2024-03-28 08:43:06.231 [info] > git for-each-ref --format=%(refname)%00%(upstream:short)%00%(objectname)%00%(upstream:track)%00%(upstream:remotename)%00%(upstream:remoteref) refs/heads/main refs/remotes/main [523ms]
2024-03-28 08:43:06.231 [info] > git rev-parse --show-toplevel [52ms]
2024-03-28 08:43:06.231 [info] > git status -z -uall [10ms]
2024-03-28 08:43:06.231 [info] > git config --get commit.template [6ms]
2024-03-28 08:43:06.231 [info] > git for-each-ref --format=%(refname)%00%(upstream:short)%00%(objectname)%00%(upstream:track)%00%(upstream:remotename)%00%(upstream:remoteref) refs/heads/main refs/remotes/main [7ms]
2024-03-28 08:43:06.231 [info] > git status -z -uall [15ms]
2024-03-28 08:43:06.768 [info] > git show --textconv :basics/L2_speed_control.py [55ms]
2024-03-28 08:43:06.769 [info] > git check-ignore -v -z --stdin [15ms]
2024-03-28 08:43:06.774 [info] > git ls-files --stage -- /home/pi/mxet300_lab/basics/L2_speed_control.py [41ms]
2024-03-28 08:43:06.802 [info] > git cat-file -s 9f2ddd02cc20f9bf2613d33372a15736bc398300 [11ms]
2024-03-28 08:44:05.125 [info] > git config --get commit.template [42ms]
2024-03-28 08:44:05.148 [info] > git for-each-ref --format=%(refname)%00%(upstream:short)%00%(objectname)%00%(upstream:track)%00%(upstream:remotename)%00%(upstream:remoteref) refs/heads/main refs/remotes/main [28ms]
2024-03-28 08:44:05.151 [info] > git check-ignore -v -z --stdin [7ms]
2024-03-28 08:44:05.176 [info] > git status -z -uall [6ms]
2024-03-28 08:44:25.060 [info] > git config --get commit.template [21ms]
2024-03-28 08:44:25.061 [info] > git for-each-ref --format=%(refname)%00%(upstream:short)%00%(objectname)%00%(upstream:track)%00%(upstream:remotename)%00%(upstream:remoteref) refs/heads/main refs/remotes/main [7ms]
2024-03-28 08:44:25.086 [info] > git status -z -uall [5ms]
2024-03-28 08:44:34.037 [info] > git config --get commit.template [45ms]
2024-03-28 08:44:34.043 [info] > git for-each-ref --format=%(refname)%00%(upstream:short)%00%(objectname)%00%(upstream:track)%00%(upstream:remotename)%00%(upstream:remoteref) refs/heads/main refs/remotes/main [11ms]
2024-03-28 08:44:34.076 [info] > git status -z -uall [5ms]
2024-03-28 08:45:13.368 [info] > git config --get commit.template [9ms]
2024-03-28 08:45:13.410 [info] > git for-each-ref --format=%(refname)%00%(upstream:short)%00%(objectname)%00%(upstream:track)%00%(upstream:remotename)%00%(upstream:remoteref) refs/heads/main refs/remotes/main [9ms]
2024-03-28 08:45:13.443 [info] > git status -z -uall [5ms]
2024-03-28 08:45:44.324 [info] > git check-ignore -v -z --stdin [4ms]
