2024-02-22 09:04:00.649 [info] Experiment 'pythonRecommendTensorboardExt' is active
2024-02-22 09:04:00.649 [info] Experiment 'pythonREPLSmartSend' is active
2024-02-22 09:04:00.649 [info] Experiment 'pythonSurveyNotificationcf' is active
2024-02-22 09:04:00.649 [info] Experiment 'pythonTerminalEnvVarActivation' is active
2024-02-22 09:04:00.649 [info] Experiment 'pythonTestAdapter' is active
2024-02-22 09:04:00.649 [info] Default formatter is set to null for workspace /home/pi/mxet300_lab
2024-02-22 09:04:00.649 [info] Test server listening.
2024-02-22 09:04:00.690 [info] > C:\Users\Justin\Anaconda3\python.exe -c "import sys;print(sys.executable)"
2024-02-22 09:04:00.725 [error] [Error: Command failed: C:\Users\Justin\Anaconda3\python.exe -c "import sys;print(sys.executable)"
/bin/sh: 1: C:UsersJustinAnaconda3python.exe: not found

	at ChildProcess.exithandler (node:child_process:420:12)
	at ChildProcess.emit (node:events:526:35)
	at maybeClose (node:internal/child_process:1091:16)
	at Socket.<anonymous> (node:internal/child_process:449:11)
	at Socket.emit (node:events:514:28)
	at Pipe.<anonymous> (node:net:323:12)] {
  code: 127,
  killed: false,
  signal: null,
  cmd: 'C:\\Users\\Justin\\Anaconda3\\python.exe -c "import sys;print(sys.executable)"'
}
2024-02-22 09:04:04.230 [info] Starting Pylance language server.
2024-02-22 09:12:59.002 [info] Discover tests for workspace name: mxet300_lab - uri: /home/pi/mxet300_lab/basics/L3_log_speeds.py
2024-02-22 09:16:42.615 [info] Discover tests for workspace name: mxet300_lab - uri: /home/pi/mxet300_lab/basics/L3_log_speeds.py
2024-02-22 09:18:15.647 [info] Discover tests for workspace name: mxet300_lab - uri: /home/pi/mxet300_lab/basics/L3_log_speeds.py
2024-02-22 09:19:48.614 [info] Discover tests for workspace name: mxet300_lab - uri: /home/pi/mxet300_lab/basics/L3_log_speeds.py
2024-02-22 09:19:50.853 [info] Discover tests for workspace name: mxet300_lab - uri: /home/pi/mxet300_lab/basics/L3_log_speeds.py
2024-02-22 09:25:54.332 [info] Discover tests for workspace name: mxet300_lab - uri: /home/pi/mxet300_lab/basics/L3_log_speeds.py
2024-02-22 09:26:12.266 [info] Discover tests for workspace name: mxet300_lab - uri: /home/pi/mxet300_lab/basics/L3_log_speeds.py
2024-02-22 09:26:20.701 [info] Discover tests for workspace name: mxet300_lab - uri: /home/pi/mxet300_lab/basics/L3_log_speeds.py
